2020-04-14 11:03:42 [scrapy.utils.log] INFO: Scrapy 2.0.1 started (bot: flac91)
2020-04-14 11:03:42 [scrapy.utils.log] INFO: Versions: lxml 4.5.0.0, libxml2 2.9.5, cssselect 1.1.0, parsel 1.5.2, w3lib 1.21.0, Twisted 20.3.0, Python 3.6.2 |Continuum Analytics, Inc.| (default, Jul 20 2017, 12:30:02) [MSC v.1900 64 bit (AMD64)], pyOpenSSL 19.1.0 (OpenSSL 1.1.1f  31 Mar 2020), cryptography 2.9, Platform Windows-10-10.0.18362-SP0
2020-04-14 11:03:42 [scrapy.crawler] INFO: Overridden settings:
{'BOT_NAME': 'flac91',
 'DOWNLOAD_DELAY': 2,
 'LOG_FILE': 'spider.log',
 'LOG_LEVEL': 'INFO',
 'NEWSPIDER_MODULE': 'flac91.spiders',
 'SPIDER_MODULES': ['flac91.spiders']}
2020-04-14 11:03:42 [scrapy.extensions.telnet] INFO: Telnet Password: ee06e78298893c9f
2020-04-14 11:03:42 [scrapy.middleware] INFO: Enabled extensions:
['scrapy.extensions.corestats.CoreStats',
 'scrapy.extensions.telnet.TelnetConsole',
 'scrapy.extensions.logstats.LogStats']
2020-04-14 11:03:43 [scrapy.middleware] INFO: Enabled downloader middlewares:
['scrapy.downloadermiddlewares.httpauth.HttpAuthMiddleware',
 'scrapy.downloadermiddlewares.downloadtimeout.DownloadTimeoutMiddleware',
 'scrapy.downloadermiddlewares.defaultheaders.DefaultHeadersMiddleware',
 'flac91.middlewares.RandomUserAgentMiddleware',
 'scrapy.downloadermiddlewares.retry.RetryMiddleware',
 'scrapy.downloadermiddlewares.redirect.MetaRefreshMiddleware',
 'scrapy.downloadermiddlewares.httpcompression.HttpCompressionMiddleware',
 'scrapy.downloadermiddlewares.redirect.RedirectMiddleware',
 'scrapy.downloadermiddlewares.cookies.CookiesMiddleware',
 'scrapy.downloadermiddlewares.httpproxy.HttpProxyMiddleware',
 'scrapy.downloadermiddlewares.stats.DownloaderStats']
2020-04-14 11:03:43 [scrapy.middleware] INFO: Enabled spider middlewares:
['scrapy.spidermiddlewares.httperror.HttpErrorMiddleware',
 'scrapy.spidermiddlewares.offsite.OffsiteMiddleware',
 'scrapy.spidermiddlewares.referer.RefererMiddleware',
 'scrapy.spidermiddlewares.urllength.UrlLengthMiddleware',
 'scrapy.spidermiddlewares.depth.DepthMiddleware']
2020-04-14 11:03:43 [scrapy.middleware] INFO: Enabled item pipelines:
['flac91.pipelines.DownloadPipeline']
2020-04-14 11:03:43 [scrapy.core.engine] INFO: Spider opened
2020-04-14 11:03:43 [scrapy.extensions.logstats] INFO: Crawled 0 pages (at 0 pages/min), scraped 0 items (at 0 items/min)
2020-04-14 11:03:43 [scrapy.extensions.telnet] INFO: Telnet console listening on 127.0.0.1:6024
2020-04-14 11:04:37 [root] INFO: Song:路口 crawled
2020-04-14 11:04:42 [root] INFO: Song:路口 downloaded to C:\Users\Jven\Desktop\Music\张震岳\路口.flac
2020-04-14 11:04:42 [root] INFO: Lyrics:路口 downloaded to C:\Users\Jven\Desktop\Music\张震岳\路口.txt
2020-04-14 11:04:42 [root] INFO: Song:离开 crawled
2020-04-14 11:04:48 [root] INFO: Song:离开 downloaded to C:\Users\Jven\Desktop\Music\张震岳\离开.flac
2020-04-14 11:04:48 [root] INFO: Lyrics:离开 downloaded to C:\Users\Jven\Desktop\Music\张震岳\离开.txt
2020-04-14 11:04:48 [scrapy.extensions.logstats] INFO: Crawled 22 pages (at 22 pages/min), scraped 2 items (at 2 items/min)
2020-04-14 11:04:51 [root] INFO: Song:酒干倘卖无 crawled
2020-04-14 11:04:59 [root] INFO: Song:酒干倘卖无 downloaded to C:\Users\Jven\Desktop\Music\张震岳\酒干倘卖无.flac
2020-04-14 11:04:59 [root] INFO: Lyrics:酒干倘卖无 downloaded to C:\Users\Jven\Desktop\Music\张震岳\酒干倘卖无.txt
2020-04-14 11:04:59 [root] INFO: Song:离开 crawled
2020-04-14 11:05:07 [root] INFO: Song:离开 downloaded to C:\Users\Jven\Desktop\Music\张震岳\离开.flac
2020-04-14 11:05:07 [root] INFO: Lyrics:离开 downloaded to C:\Users\Jven\Desktop\Music\张震岳\离开.txt
2020-04-14 11:05:07 [root] INFO: Song:Do You Remember crawled
2020-04-14 11:05:12 [root] INFO: Song:Do You Remember downloaded to C:\Users\Jven\Desktop\Music\张震岳\Do You Remember.mp3
2020-04-14 11:05:12 [root] INFO: Lyrics:Do You Remember downloaded to C:\Users\Jven\Desktop\Music\张震岳\Do You Remember.txt
2020-04-14 11:05:12 [root] INFO: Song:就让这首歌 crawled
2020-04-14 11:05:18 [root] INFO: Song:就让这首歌 downloaded to C:\Users\Jven\Desktop\Music\张震岳\就让这首歌.flac
2020-04-14 11:05:18 [root] INFO: Lyrics:就让这首歌 downloaded to C:\Users\Jven\Desktop\Music\张震岳\就让这首歌.txt
2020-04-14 11:05:21 [root] INFO: Song:思念是一种病 crawled
2020-04-14 11:05:23 [root] INFO: Song:思念是一种病 downloaded to C:\Users\Jven\Desktop\Music\张震岳\思念是一种病.mp3
2020-04-14 11:05:23 [root] INFO: Lyrics:思念是一种病 downloaded to C:\Users\Jven\Desktop\Music\张震岳\思念是一种病.txt
2020-04-14 11:05:23 [root] INFO: Song:再见Hip-Hop crawled
2020-04-14 11:05:31 [root] INFO: Song:再见Hip-Hop downloaded to C:\Users\Jven\Desktop\Music\张震岳\再见Hip-Hop.flac
2020-04-14 11:05:31 [root] INFO: Lyrics:再见Hip-Hop downloaded to C:\Users\Jven\Desktop\Music\张震岳\再见Hip-Hop.txt
2020-04-14 11:05:35 [root] INFO: Song:MyWay crawled
2020-04-14 11:05:47 [root] INFO: Song:MyWay downloaded to C:\Users\Jven\Desktop\Music\张震岳\MyWay.flac
2020-04-14 11:05:47 [root] INFO: Lyrics:MyWay downloaded to C:\Users\Jven\Desktop\Music\张震岳\MyWay.txt
2020-04-14 11:05:47 [scrapy.extensions.logstats] INFO: Crawled 30 pages (at 8 pages/min), scraped 9 items (at 7 items/min)
2020-04-14 11:05:47 [root] INFO: Song:迷途羔羊 crawled
2020-04-14 11:05:49 [root] INFO: Song:迷途羔羊 downloaded to C:\Users\Jven\Desktop\Music\张震岳\迷途羔羊.mp3
2020-04-14 11:05:49 [root] INFO: Lyrics:迷途羔羊 downloaded to C:\Users\Jven\Desktop\Music\张震岳\迷途羔羊.txt
2020-04-14 11:05:50 [root] INFO: Song:小宇 crawled
2020-04-14 11:05:57 [root] INFO: Song:小宇 downloaded to C:\Users\Jven\Desktop\Music\张震岳\小宇.flac
2020-04-14 11:05:57 [root] INFO: Lyrics:小宇 downloaded to C:\Users\Jven\Desktop\Music\张震岳\小宇.txt
2020-04-14 11:05:57 [root] INFO: Song:凡人歌 crawled
2020-04-14 11:06:06 [root] INFO: Song:凡人歌 downloaded to C:\Users\Jven\Desktop\Music\张震岳\凡人歌.flac
2020-04-14 11:06:06 [root] INFO: Lyrics:凡人歌 downloaded to C:\Users\Jven\Desktop\Music\张震岳\凡人歌.txt
2020-04-14 11:06:07 [root] INFO: Song:爱的初体验 crawled
2020-04-14 11:06:11 [root] INFO: Song:爱的初体验 downloaded to C:\Users\Jven\Desktop\Music\张震岳\爱的初体验.flac
2020-04-14 11:06:11 [root] INFO: Lyrics:爱的初体验 downloaded to C:\Users\Jven\Desktop\Music\张震岳\爱的初体验.txt
2020-04-14 11:06:11 [root] INFO: Song:爱我别走 crawled
2020-04-14 11:06:17 [root] INFO: Song:爱我别走 downloaded to C:\Users\Jven\Desktop\Music\张震岳\爱我别走.flac
2020-04-14 11:06:17 [root] INFO: Lyrics:爱我别走 downloaded to C:\Users\Jven\Desktop\Music\张震岳\爱我别走.txt
2020-04-14 11:06:43 [scrapy.extensions.logstats] INFO: Crawled 45 pages (at 15 pages/min), scraped 14 items (at 5 items/min)
2020-04-14 11:06:50 [root] INFO: Song:制作人 cypher crawled
2020-04-14 11:06:55 [root] INFO: Song:制作人 cypher downloaded to C:\Users\Jven\Desktop\Music\张震岳\制作人 cypher.flac
2020-04-14 11:06:55 [root] INFO: Lyrics:制作人 cypher downloaded to C:\Users\Jven\Desktop\Music\张震岳\制作人 cypher.txt
2020-04-14 11:06:55 [root] INFO: Song:飞太远 crawled
2020-04-14 11:07:03 [root] INFO: Song:飞太远 downloaded to C:\Users\Jven\Desktop\Music\张震岳\飞太远.flac
2020-04-14 11:07:03 [root] INFO: Lyrics:飞太远 downloaded to C:\Users\Jven\Desktop\Music\张震岳\飞太远.txt
2020-04-14 11:07:03 [root] INFO: Song:想太多 crawled
2020-04-14 11:07:12 [root] INFO: Song:想太多 downloaded to C:\Users\Jven\Desktop\Music\张震岳\想太多.flac
2020-04-14 11:07:12 [root] INFO: Lyrics:想太多 downloaded to C:\Users\Jven\Desktop\Music\张震岳\想太多.txt
2020-04-14 11:07:12 [root] INFO: Song:再见 crawled
2020-04-14 11:07:16 [root] INFO: Song:再见 downloaded to C:\Users\Jven\Desktop\Music\张震岳\再见.flac
2020-04-14 11:07:16 [root] INFO: Lyrics:再见 downloaded to C:\Users\Jven\Desktop\Music\张震岳\再见.txt
2020-04-14 11:07:16 [root] INFO: Song:双手插口袋 crawled
2020-04-14 11:07:18 [root] INFO: Song:双手插口袋 downloaded to C:\Users\Jven\Desktop\Music\张震岳\双手插口袋.mp3
2020-04-14 11:07:18 [root] INFO: Lyrics:双手插口袋 downloaded to C:\Users\Jven\Desktop\Music\张震岳\双手插口袋.txt
2020-04-14 11:07:19 [root] INFO: Song:无名的情歌 crawled
2020-04-14 11:07:20 [root] INFO: Song:无名的情歌 downloaded to C:\Users\Jven\Desktop\Music\张震岳\无名的情歌.mp3
2020-04-14 11:07:20 [root] INFO: Lyrics:无名的情歌 downloaded to C:\Users\Jven\Desktop\Music\张震岳\无名的情歌.txt
2020-04-14 11:07:22 [root] INFO: Song:再见 crawled
2020-04-14 11:07:25 [root] INFO: Song:再见 downloaded to C:\Users\Jven\Desktop\Music\张震岳\再见.mp3
2020-04-14 11:07:25 [root] INFO: Lyrics:再见 downloaded to C:\Users\Jven\Desktop\Music\张震岳\再见.txt
2020-04-14 11:07:26 [root] INFO: Song:嗨嗨人生 crawled
2020-04-14 11:07:30 [root] INFO: Song:嗨嗨人生 downloaded to C:\Users\Jven\Desktop\Music\张震岳\嗨嗨人生.flac
2020-04-14 11:07:30 [root] INFO: Lyrics:嗨嗨人生 downloaded to C:\Users\Jven\Desktop\Music\张震岳\嗨嗨人生.txt
2020-04-14 11:07:30 [root] INFO: Song:鹿港小镇 crawled
2020-04-14 11:07:33 [root] INFO: Song:鹿港小镇 downloaded to C:\Users\Jven\Desktop\Music\张震岳\鹿港小镇.mp3
2020-04-14 11:07:33 [root] INFO: Lyrics:鹿港小镇 downloaded to C:\Users\Jven\Desktop\Music\张震岳\鹿港小镇.txt
2020-04-14 11:07:33 [root] INFO: Song:秘密 crawled
2020-04-14 11:07:39 [root] INFO: Song:秘密 downloaded to C:\Users\Jven\Desktop\Music\张震岳\秘密.flac
2020-04-14 11:07:39 [root] INFO: Lyrics:秘密 downloaded to C:\Users\Jven\Desktop\Music\张震岳\秘密.txt
2020-04-14 11:07:39 [root] INFO: Song:秘密 crawled
2020-04-14 11:07:48 [root] INFO: Song:秘密 downloaded to C:\Users\Jven\Desktop\Music\张震岳\秘密.flac
2020-04-14 11:07:48 [root] INFO: Lyrics:秘密 downloaded to C:\Users\Jven\Desktop\Music\张震岳\秘密.txt
2020-04-14 11:07:48 [scrapy.extensions.logstats] INFO: Crawled 58 pages (at 13 pages/min), scraped 25 items (at 11 items/min)
2020-04-14 11:07:48 [root] INFO: Song:差不多先生 crawled
2020-04-14 11:07:56 [root] INFO: Song:差不多先生 downloaded to C:\Users\Jven\Desktop\Music\张震岳\差不多先生.flac
2020-04-14 11:07:56 [root] INFO: Lyrics:差不多先生 downloaded to C:\Users\Jven\Desktop\Music\张震岳\差不多先生.txt
2020-04-14 11:07:57 [root] INFO: Song:思念是一种病 crawled
2020-04-14 11:08:05 [root] INFO: Song:思念是一种病 downloaded to C:\Users\Jven\Desktop\Music\张震岳\思念是一种病.flac
2020-04-14 11:08:05 [root] INFO: Lyrics:思念是一种病 downloaded to C:\Users\Jven\Desktop\Music\张震岳\思念是一种病.txt
2020-04-14 11:08:06 [root] INFO: Song:爱我别走 crawled
2020-04-14 11:08:11 [root] INFO: Song:爱我别走 downloaded to C:\Users\Jven\Desktop\Music\张震岳\爱我别走.flac
2020-04-14 11:08:11 [root] INFO: Lyrics:爱我别走 downloaded to C:\Users\Jven\Desktop\Music\张震岳\爱我别走.txt
2020-04-14 11:08:11 [root] INFO: Song:再见 crawled
2020-04-14 11:08:15 [root] INFO: Song:再见 downloaded to C:\Users\Jven\Desktop\Music\张震岳\再见.flac
2020-04-14 11:08:15 [root] INFO: Lyrics:再见 downloaded to C:\Users\Jven\Desktop\Music\张震岳\再见.txt
2020-04-14 11:08:15 [root] INFO: Song:差不多先生 (Live) crawled
2020-04-14 11:08:20 [root] INFO: Song:差不多先生 (Live) downloaded to C:\Users\Jven\Desktop\Music\张震岳\差不多先生 (Live).mp3
2020-04-14 11:08:20 [root] INFO: Lyrics:差不多先生 (Live) downloaded to C:\Users\Jven\Desktop\Music\张震岳\差不多先生 (Live).txt
2020-04-14 11:08:20 [scrapy.core.engine] INFO: Closing spider (finished)
2020-04-14 11:08:20 [scrapy.statscollectors] INFO: Dumping Scrapy stats:
{'downloader/exception_count': 4,
 'downloader/exception_type_count/twisted.web._newclient.ResponseNeverReceived': 4,
 'downloader/request_bytes': 81237,
 'downloader/request_count': 69,
 'downloader/request_method_count/GET': 34,
 'downloader/request_method_count/POST': 35,
 'downloader/response_bytes': 400200,
 'downloader/response_count': 65,
 'downloader/response_status_count/200': 63,
 'downloader/response_status_count/302': 2,
 'elapsed_time_seconds': 276.706244,
 'finish_reason': 'finished',
 'finish_time': datetime.datetime(2020, 4, 14, 3, 8, 20, 66300),
 'item_scraped_count': 30,
 'log_count/INFO': 104,
 'request_depth_max': 4,
 'response_received_count': 63,
 'retry/count': 4,
 'retry/reason_count/twisted.web._newclient.ResponseNeverReceived': 4,
 'scheduler/dequeued': 69,
 'scheduler/dequeued/memory': 69,
 'scheduler/enqueued': 69,
 'scheduler/enqueued/memory': 69,
 'start_time': datetime.datetime(2020, 4, 14, 3, 3, 43, 360056)}
2020-04-14 11:08:20 [scrapy.core.engine] INFO: Spider closed (finished)
2020-04-14 11:22:31 [scrapy.utils.log] INFO: Scrapy 2.0.1 started (bot: flac91)
2020-04-14 11:22:31 [scrapy.utils.log] INFO: Versions: lxml 4.5.0.0, libxml2 2.9.5, cssselect 1.1.0, parsel 1.5.2, w3lib 1.21.0, Twisted 20.3.0, Python 3.6.2 |Continuum Analytics, Inc.| (default, Jul 20 2017, 12:30:02) [MSC v.1900 64 bit (AMD64)], pyOpenSSL 19.1.0 (OpenSSL 1.1.1f  31 Mar 2020), cryptography 2.9, Platform Windows-10-10.0.18362-SP0
2020-04-14 11:22:31 [scrapy.crawler] INFO: Overridden settings:
{'BOT_NAME': 'flac91',
 'DOWNLOAD_DELAY': 2,
 'LOG_FILE': 'spider.log',
 'LOG_LEVEL': 'INFO',
 'NEWSPIDER_MODULE': 'flac91.spiders',
 'SPIDER_MODULES': ['flac91.spiders']}
2020-04-14 11:22:31 [scrapy.extensions.telnet] INFO: Telnet Password: c13783634ad2e8f0
2020-04-14 11:22:31 [scrapy.middleware] INFO: Enabled extensions:
['scrapy.extensions.corestats.CoreStats',
 'scrapy.extensions.telnet.TelnetConsole',
 'scrapy.extensions.logstats.LogStats']
2020-04-14 11:22:31 [scrapy.middleware] INFO: Enabled downloader middlewares:
['scrapy.downloadermiddlewares.httpauth.HttpAuthMiddleware',
 'scrapy.downloadermiddlewares.downloadtimeout.DownloadTimeoutMiddleware',
 'scrapy.downloadermiddlewares.defaultheaders.DefaultHeadersMiddleware',
 'flac91.middlewares.RandomUserAgentMiddleware',
 'scrapy.downloadermiddlewares.retry.RetryMiddleware',
 'scrapy.downloadermiddlewares.redirect.MetaRefreshMiddleware',
 'scrapy.downloadermiddlewares.httpcompression.HttpCompressionMiddleware',
 'scrapy.downloadermiddlewares.redirect.RedirectMiddleware',
 'scrapy.downloadermiddlewares.cookies.CookiesMiddleware',
 'scrapy.downloadermiddlewares.httpproxy.HttpProxyMiddleware',
 'scrapy.downloadermiddlewares.stats.DownloaderStats']
2020-04-14 11:22:31 [scrapy.middleware] INFO: Enabled spider middlewares:
['scrapy.spidermiddlewares.httperror.HttpErrorMiddleware',
 'scrapy.spidermiddlewares.offsite.OffsiteMiddleware',
 'scrapy.spidermiddlewares.referer.RefererMiddleware',
 'scrapy.spidermiddlewares.urllength.UrlLengthMiddleware',
 'scrapy.spidermiddlewares.depth.DepthMiddleware']
2020-04-14 11:22:31 [scrapy.middleware] INFO: Enabled item pipelines:
['flac91.pipelines.DownloadPipeline']
2020-04-14 11:22:31 [scrapy.core.engine] INFO: Spider opened
2020-04-14 11:22:31 [scrapy.extensions.logstats] INFO: Crawled 0 pages (at 0 pages/min), scraped 0 items (at 0 items/min)
2020-04-14 11:22:31 [scrapy.extensions.telnet] INFO: Telnet console listening on 127.0.0.1:6024
2020-04-14 11:23:31 [scrapy.extensions.logstats] INFO: Crawled 0 pages (at 0 pages/min), scraped 0 items (at 0 items/min)
2020-04-14 11:23:35 [scrapy.downloadermiddlewares.retry] ERROR: Gave up retrying <GET https://www.91flac.com/login> (failed 3 times): TCP connection timed out: 10060: 由于连接方在一段时间后没有正确答复或连接的主机没有反应，连接尝试失败。.
2020-04-14 11:23:35 [scrapy.core.scraper] ERROR: Error downloading <GET https://www.91flac.com/login>
Traceback (most recent call last):
  File "c:\programdata\anaconda3\envs\scrapy\lib\site-packages\scrapy\core\downloader\middleware.py", line 42, in process_request
    defer.returnValue((yield download_func(request=request, spider=spider)))
twisted.internet.error.TCPTimedOutError: TCP connection timed out: 10060: 由于连接方在一段时间后没有正确答复或连接的主机没有反应，连接尝试失败。.
2020-04-14 11:23:35 [scrapy.core.engine] INFO: Closing spider (finished)
2020-04-14 11:23:35 [scrapy.statscollectors] INFO: Dumping Scrapy stats:
{'downloader/exception_count': 3,
 'downloader/exception_type_count/twisted.internet.error.TCPTimedOutError': 3,
 'downloader/request_bytes': 1701,
 'downloader/request_count': 3,
 'downloader/request_method_count/GET': 3,
 'elapsed_time_seconds': 63.282408,
 'finish_reason': 'finished',
 'finish_time': datetime.datetime(2020, 4, 14, 3, 23, 35, 220471),
 'log_count/ERROR': 2,
 'log_count/INFO': 11,
 'retry/count': 2,
 'retry/max_reached': 1,
 'retry/reason_count/twisted.internet.error.TCPTimedOutError': 2,
 'scheduler/dequeued': 3,
 'scheduler/dequeued/memory': 3,
 'scheduler/enqueued': 3,
 'scheduler/enqueued/memory': 3,
 'start_time': datetime.datetime(2020, 4, 14, 3, 22, 31, 938063)}
2020-04-14 11:23:35 [scrapy.core.engine] INFO: Spider closed (finished)
