2020-05-22 15:22:45 [scrapy.utils.log] INFO: Scrapy 2.0.1 started (bot: flac91)
2020-05-22 15:22:45 [scrapy.utils.log] INFO: Versions: lxml 4.5.0.0, libxml2 2.9.5, cssselect 1.1.0, parsel 1.5.2, w3lib 1.21.0, Twisted 20.3.0, Python 3.6.2 |Continuum Analytics, Inc.| (default, Jul 20 2017, 12:30:02) [MSC v.1900 64 bit (AMD64)], pyOpenSSL 19.1.0 (OpenSSL 1.1.1f  31 Mar 2020), cryptography 2.9, Platform Windows-10-10.0.18362-SP0
2020-05-22 15:22:45 [scrapy.crawler] INFO: Overridden settings:
{'BOT_NAME': 'flac91',
 'CONCURRENT_REQUESTS': 1,
 'DOWNLOAD_DELAY': 2,
 'LOG_FILE': 'spider.log',
 'LOG_LEVEL': 'INFO',
 'NEWSPIDER_MODULE': 'flac91.spiders',
 'SPIDER_MODULES': ['flac91.spiders']}
2020-05-22 15:22:45 [scrapy.extensions.telnet] INFO: Telnet Password: 0153788ce6087608
2020-05-22 15:22:45 [scrapy.middleware] INFO: Enabled extensions:
['scrapy.extensions.corestats.CoreStats',
 'scrapy.extensions.telnet.TelnetConsole',
 'scrapy.extensions.logstats.LogStats']
2020-05-22 15:22:45 [scrapy.middleware] INFO: Enabled downloader middlewares:
['scrapy.downloadermiddlewares.httpauth.HttpAuthMiddleware',
 'scrapy.downloadermiddlewares.downloadtimeout.DownloadTimeoutMiddleware',
 'scrapy.downloadermiddlewares.defaultheaders.DefaultHeadersMiddleware',
 'flac91.middlewares.MyUserAgentMiddleware',
 'scrapy.downloadermiddlewares.useragent.UserAgentMiddleware',
 'scrapy.downloadermiddlewares.retry.RetryMiddleware',
 'scrapy.downloadermiddlewares.redirect.MetaRefreshMiddleware',
 'scrapy.downloadermiddlewares.httpcompression.HttpCompressionMiddleware',
 'scrapy.downloadermiddlewares.redirect.RedirectMiddleware',
 'scrapy.downloadermiddlewares.cookies.CookiesMiddleware',
 'scrapy.downloadermiddlewares.httpproxy.HttpProxyMiddleware',
 'scrapy.downloadermiddlewares.stats.DownloaderStats']
2020-05-22 15:22:45 [scrapy.middleware] INFO: Enabled spider middlewares:
['scrapy.spidermiddlewares.httperror.HttpErrorMiddleware',
 'scrapy.spidermiddlewares.offsite.OffsiteMiddleware',
 'scrapy.spidermiddlewares.referer.RefererMiddleware',
 'scrapy.spidermiddlewares.urllength.UrlLengthMiddleware',
 'scrapy.spidermiddlewares.depth.DepthMiddleware']
2020-05-22 15:22:46 [scrapy.middleware] INFO: Enabled item pipelines:
['flac91.pipelines.DownloadPipeline']
2020-05-22 15:22:46 [scrapy.core.engine] INFO: Spider opened
2020-05-22 15:22:46 [scrapy.extensions.logstats] INFO: Crawled 0 pages (at 0 pages/min), scraped 0 items (at 0 items/min)
2020-05-22 15:22:46 [scrapy.extensions.telnet] INFO: Telnet console listening on 127.0.0.1:6023
2020-05-22 15:22:46 [root] INFO: start_requests
2020-05-22 15:22:51 [root] INFO: post user form
2020-05-22 15:23:01 [root] INFO: login succeed
2020-05-22 15:23:07 [root] INFO: crawling https://www.91flac.com/singer/4/song
2020-05-22 15:23:21 [root] INFO: crawling https://www.91flac.com/singer/4/song?page=2
2020-05-22 15:23:26 [root] INFO: Song:贫民百万男孩 crawled
2020-05-22 15:24:02 [scrapy.crawler] INFO: Received SIGINT, shutting down gracefully. Send again to force 
2020-05-22 15:24:04 [root] INFO: Song:贫民百万男孩 downloaded to C:\Users\Jven\Desktop\Music\MC HotDog\贫民百万男孩\贫民百万男孩.flac
2020-05-22 15:24:04 [root] INFO: Lyrics:贫民百万男孩 downloaded to C:\Users\Jven\Desktop\Music\MC HotDog\贫民百万男孩\贫民百万男孩.txt
2020-05-22 15:24:04 [scrapy.core.engine] INFO: Closing spider (shutdown)
2020-05-22 15:24:04 [scrapy.extensions.logstats] INFO: Crawled 7 pages (at 7 pages/min), scraped 1 items (at 1 items/min)
2020-05-22 15:24:04 [root] INFO: crawling https://www.91flac.com/singer/4/song?page=3
2020-05-22 15:24:04 [scrapy.statscollectors] INFO: Dumping Scrapy stats:
{'downloader/request_bytes': 7803,
 'downloader/request_count': 9,
 'downloader/request_method_count/GET': 7,
 'downloader/request_method_count/POST': 2,
 'downloader/response_bytes': 50455,
 'downloader/response_count': 9,
 'downloader/response_status_count/200': 7,
 'downloader/response_status_count/302': 2,
 'elapsed_time_seconds': 78.290574,
 'finish_reason': 'shutdown',
 'finish_time': datetime.datetime(2020, 5, 22, 7, 24, 4, 428476),
 'item_scraped_count': 1,
 'log_count/INFO': 21,
 'request_depth_max': 5,
 'response_received_count': 7,
 'scheduler/dequeued': 9,
 'scheduler/dequeued/memory': 9,
 'scheduler/enqueued': 99,
 'scheduler/enqueued/memory': 99,
 'start_time': datetime.datetime(2020, 5, 22, 7, 22, 46, 137902)}
2020-05-22 15:24:04 [scrapy.core.engine] INFO: Spider closed (shutdown)
2020-05-22 15:24:11 [scrapy.utils.log] INFO: Scrapy 2.0.1 started (bot: flac91)
2020-05-22 15:24:11 [scrapy.utils.log] INFO: Versions: lxml 4.5.0.0, libxml2 2.9.5, cssselect 1.1.0, parsel 1.5.2, w3lib 1.21.0, Twisted 20.3.0, Python 3.6.2 |Continuum Analytics, Inc.| (default, Jul 20 2017, 12:30:02) [MSC v.1900 64 bit (AMD64)], pyOpenSSL 19.1.0 (OpenSSL 1.1.1f  31 Mar 2020), cryptography 2.9, Platform Windows-10-10.0.18362-SP0
2020-05-22 15:24:11 [scrapy.crawler] INFO: Overridden settings:
{'BOT_NAME': 'flac91',
 'CONCURRENT_REQUESTS': 1,
 'DOWNLOAD_DELAY': 2,
 'LOG_FILE': 'spider.log',
 'LOG_LEVEL': 'INFO',
 'NEWSPIDER_MODULE': 'flac91.spiders',
 'SPIDER_MODULES': ['flac91.spiders']}
2020-05-22 15:24:11 [scrapy.extensions.telnet] INFO: Telnet Password: c57018729cddcd48
2020-05-22 15:24:11 [scrapy.middleware] INFO: Enabled extensions:
['scrapy.extensions.corestats.CoreStats',
 'scrapy.extensions.telnet.TelnetConsole',
 'scrapy.extensions.logstats.LogStats']
2020-05-22 15:24:12 [scrapy.middleware] INFO: Enabled downloader middlewares:
['scrapy.downloadermiddlewares.httpauth.HttpAuthMiddleware',
 'scrapy.downloadermiddlewares.downloadtimeout.DownloadTimeoutMiddleware',
 'scrapy.downloadermiddlewares.defaultheaders.DefaultHeadersMiddleware',
 'flac91.middlewares.MyUserAgentMiddleware',
 'scrapy.downloadermiddlewares.useragent.UserAgentMiddleware',
 'scrapy.downloadermiddlewares.retry.RetryMiddleware',
 'scrapy.downloadermiddlewares.redirect.MetaRefreshMiddleware',
 'scrapy.downloadermiddlewares.httpcompression.HttpCompressionMiddleware',
 'scrapy.downloadermiddlewares.redirect.RedirectMiddleware',
 'scrapy.downloadermiddlewares.cookies.CookiesMiddleware',
 'scrapy.downloadermiddlewares.httpproxy.HttpProxyMiddleware',
 'scrapy.downloadermiddlewares.stats.DownloaderStats']
2020-05-22 15:24:12 [scrapy.middleware] INFO: Enabled spider middlewares:
['scrapy.spidermiddlewares.httperror.HttpErrorMiddleware',
 'scrapy.spidermiddlewares.offsite.OffsiteMiddleware',
 'scrapy.spidermiddlewares.referer.RefererMiddleware',
 'scrapy.spidermiddlewares.urllength.UrlLengthMiddleware',
 'scrapy.spidermiddlewares.depth.DepthMiddleware']
2020-05-22 15:24:12 [scrapy.middleware] INFO: Enabled item pipelines:
['flac91.pipelines.DownloadPipeline']
2020-05-22 15:24:12 [scrapy.core.engine] INFO: Spider opened
2020-05-22 15:24:12 [scrapy.extensions.logstats] INFO: Crawled 0 pages (at 0 pages/min), scraped 0 items (at 0 items/min)
2020-05-22 15:24:12 [scrapy.extensions.telnet] INFO: Telnet console listening on 127.0.0.1:6023
2020-05-22 15:24:12 [root] INFO: start_requests
2020-05-22 15:24:17 [root] INFO: post user form
2020-05-22 15:24:28 [root] INFO: login succeed
2020-05-22 15:24:33 [root] INFO: crawling https://www.91flac.com/singer/4/song
2020-05-22 15:24:37 [root] INFO: Song:贫民百万男孩 already exists at C:\Users\Jven\Desktop\Music\MC HotDog\贫民百万男孩\贫民百万男孩.flac
2020-05-22 15:24:48 [root] INFO: crawling https://www.91flac.com/singer/4/song?page=2
2020-05-22 15:24:52 [root] INFO: Song:制作人 cypher crawled
2020-05-22 15:25:10 [root] INFO: Song:制作人 cypher downloaded to C:\Users\Jven\Desktop\Music\MC HotDog\中国新说唱 第1期\制作人 cypher.flac
2020-05-22 15:25:10 [root] INFO: Lyrics:制作人 cypher downloaded to C:\Users\Jven\Desktop\Music\MC HotDog\中国新说唱 第1期\制作人 cypher.txt
2020-05-22 15:25:15 [scrapy.extensions.logstats] INFO: Crawled 7 pages (at 7 pages/min), scraped 1 items (at 1 items/min)
2020-05-22 15:25:15 [root] INFO: crawling https://www.91flac.com/singer/4/song?page=3
2020-05-22 15:25:25 [root] INFO: crawling https://www.91flac.com/singer/4/song?page=4
2020-05-22 15:25:30 [root] INFO: Song:国王的新歌 (Live) crawled
2020-05-22 15:25:47 [root] INFO: Song:国王的新歌 (Live) downloaded to C:\Users\Jven\Desktop\Music\MC HotDog\我是唱作人 第12期\国王的新歌 (Live).flac
2020-05-22 15:25:47 [root] INFO: Lyrics:国王的新歌 (Live) downloaded to C:\Users\Jven\Desktop\Music\MC HotDog\我是唱作人 第12期\国王的新歌 (Live).txt
2020-05-22 15:25:51 [root] INFO: crawling https://www.91flac.com/singer/4/song?page=5
2020-05-22 15:26:01 [root] INFO: crawling https://www.91flac.com/singer/4/song?page=6
2020-05-22 15:26:06 [root] INFO: Song:我们的Party最扯 crawled
2020-05-22 15:26:17 [root] INFO: Song:我们的Party最扯 downloaded to C:\Users\Jven\Desktop\Music\MC HotDog\K歌情人派对\我们的Party最扯.flac
2020-05-22 15:26:17 [root] INFO: Lyrics:我们的Party最扯 downloaded to C:\Users\Jven\Desktop\Music\MC HotDog\K歌情人派对\我们的Party最扯.txt
2020-05-22 15:26:17 [scrapy.extensions.logstats] INFO: Crawled 15 pages (at 8 pages/min), scraped 3 items (at 2 items/min)
2020-05-22 15:26:31 [root] INFO: Song:贫民百万歌星（live at 8.3台北小巨蛋演唱会） crawled
2020-05-22 15:26:33 [root] INFO: Song:贫民百万歌星（live at 8.3台北小巨蛋演唱会） downloaded to C:\Users\Jven\Desktop\Music\MC HotDog\贫民百万歌星（live at 8.3台北小巨蛋演唱会）.mp3
2020-05-22 15:26:37 [root] INFO: Song:离开 crawled
2020-05-22 15:26:37 [root] INFO: Song:离开-我的时代（新歌加精选） has no download url
2020-05-22 15:26:53 [root] INFO: Song:不吃早餐才是一件狠嘻哈的事 crawled
2020-05-22 15:26:53 [root] INFO: Song:不吃早餐才是一件狠嘻哈的事-我的时代（新歌加精选） has no download url
2020-05-22 15:26:58 [root] INFO: Song:我的生活Ⅱ crawled
2020-05-22 15:26:58 [root] INFO: Song:我的生活Ⅱ-我的时代（新歌加精选） has no download url
2020-05-22 15:27:13 [scrapy.extensions.logstats] INFO: Crawled 25 pages (at 10 pages/min), scraped 7 items (at 4 items/min)
2020-05-22 15:27:13 [root] INFO: Song:貧民百萬歌星 crawled
2020-05-22 15:27:13 [root] INFO: Song:貧民百萬歌星-我的时代（新歌加精选） has no download url
2020-05-22 15:27:18 [root] INFO: Song:差不多先生 crawled
2020-05-22 15:27:18 [root] INFO: Song:差不多先生-我的时代（新歌加精选） has no download url
2020-05-22 15:27:33 [root] INFO: Song:謝謝啞唬 crawled
2020-05-22 15:27:33 [root] INFO: Song:謝謝啞唬-我的时代（新歌加精选） has no download url
2020-05-22 15:27:38 [root] INFO: Song:哈狗幫 crawled
2020-05-22 15:27:38 [root] INFO: Song:哈狗幫-我的时代（新歌加精选） has no download url
2020-05-22 15:27:54 [root] INFO: Song:嗨嗨人生 (Feat. 張震岳 & 關穎) crawled
2020-05-22 15:27:54 [root] INFO: Song:嗨嗨人生 (Feat. 張震岳 & 關穎)-我的时代（新歌加精选） has no download url
2020-05-22 15:27:59 [root] INFO: Song:MC來了 crawled
2020-05-22 15:27:59 [root] INFO: Song:MC來了-我的时代（新歌加精选） has no download url
2020-05-22 15:28:15 [scrapy.extensions.logstats] INFO: Crawled 37 pages (at 12 pages/min), scraped 13 items (at 6 items/min)
2020-05-22 15:28:15 [root] INFO: Song:我的時代 (feat.張震嶽) crawled
2020-05-22 15:28:15 [root] INFO: Song:我的時代 (feat.張震嶽)-我的时代（新歌加精选） has no download url
2020-05-22 15:28:19 [root] INFO: Song:Party Like HotDog crawled
2020-05-22 15:28:19 [root] INFO: Song:Party Like HotDog-我的时代（新歌加精选） has no download url
2020-05-22 15:28:35 [root] INFO: Song:差不多先生过新年 crawled
2020-05-22 15:28:35 [root] INFO: Song:差不多先生过新年- has no download url
2020-05-22 15:28:40 [root] INFO: Song:散场之后 Skit crawled
2020-05-22 15:28:41 [root] INFO: Song:散场之后 Skit downloaded to C:\Users\Jven\Desktop\Music\MC HotDog\贫民百万歌星\散场之后 Skit.mp3
2020-05-22 15:28:41 [root] INFO: Lyrics:散场之后 Skit downloaded to C:\Users\Jven\Desktop\Music\MC HotDog\贫民百万歌星\散场之后 Skit.txt
2020-05-22 15:28:55 [root] INFO: Song:贫民百万歌星 Intro crawled
2020-05-22 15:28:56 [root] INFO: Song:贫民百万歌星 Intro downloaded to C:\Users\Jven\Desktop\Music\MC HotDog\贫民百万歌星\贫民百万歌星 Intro.mp3
2020-05-22 15:28:56 [root] INFO: Lyrics:贫民百万歌星 Intro downloaded to C:\Users\Jven\Desktop\Music\MC HotDog\贫民百万歌星\贫民百万歌星 Intro.txt
2020-05-22 15:29:00 [root] INFO: Song:凡人 crawled
2020-05-22 15:29:08 [root] INFO: Song:凡人 downloaded to C:\Users\Jven\Desktop\Music\MC HotDog\凡人\凡人.flac
2020-05-22 15:29:08 [root] INFO: Lyrics:凡人 downloaded to C:\Users\Jven\Desktop\Music\MC HotDog\凡人\凡人.txt
2020-05-22 15:29:13 [scrapy.extensions.logstats] INFO: Crawled 47 pages (at 10 pages/min), scraped 19 items (at 6 items/min)
2020-05-22 15:29:23 [root] INFO: Song:黑珍珠(Black Pearl) crawled
2020-05-22 15:29:27 [root] INFO: Song:黑珍珠(Black Pearl) downloaded to C:\Users\Jven\Desktop\Music\MC HotDog\黑珍珠(Black Pearl).mp3
2020-05-22 15:29:32 [root] INFO: Song:Prokofiev: Scythian Suite, Op.20 - "Ala and Lolly" - 3. Night crawled
2020-05-22 15:29:41 [root] INFO: Song:Prokofiev: Scythian Suite, Op.20 - "Ala and Lolly" - 3. Night downloaded to C:\Users\Jven\Desktop\Music\MC HotDog\Bartók The Miraculous Mandarin Op.19; Two Portraits Op.5  Prokofiev Scythian Suite Op. 20\Prokofiev Scythian Suite, Op.20 - Ala and Lolly - 3. Night.mp3
2020-05-22 15:29:41 [root] INFO: Lyrics:Prokofiev: Scythian Suite, Op.20 - "Ala and Lolly" - 3. Night downloaded to C:\Users\Jven\Desktop\Music\MC HotDog\Bartók The Miraculous Mandarin Op.19; Two Portraits Op.5  Prokofiev Scythian Suite Op. 20\Prokofiev Scythian Suite, Op.20 - Ala and Lolly - 3. Night.txt
2020-05-22 15:29:55 [root] INFO: Song:五环之歌（DJ小博版1） crawled
2020-05-22 15:29:59 [root] INFO: Song:五环之歌（DJ小博版1） downloaded to C:\Users\Jven\Desktop\Music\MC HotDog\五环之歌（DJ小博版1）.mp3
2020-05-22 15:30:04 [root] INFO: Song:出力 crawled
2020-05-22 15:30:05 [root] INFO: Song:出力 downloaded to C:\Users\Jven\Desktop\Music\MC HotDog\兄弟本色 广州中央车站演唱会\出力.mp3
2020-05-22 15:30:05 [root] INFO: Lyrics:出力 downloaded to C:\Users\Jven\Desktop\Music\MC HotDog\兄弟本色 广州中央车站演唱会\出力.txt
2020-05-22 15:30:15 [scrapy.extensions.logstats] INFO: Crawled 56 pages (at 9 pages/min), scraped 23 items (at 4 items/min)
2020-05-22 15:30:20 [root] INFO: Song:Where The Dream Takes You crawled
2020-05-22 15:30:22 [root] INFO: Song:Where The Dream Takes You downloaded to C:\Users\Jven\Desktop\Music\MC HotDog\La Magia de Disney y Sus Super Estrellas\Where The Dream Takes You.mp3
2020-05-22 15:30:22 [root] INFO: Lyrics:Where The Dream Takes You downloaded to C:\Users\Jven\Desktop\Music\MC HotDog\La Magia de Disney y Sus Super Estrellas\Where The Dream Takes You.txt
2020-05-22 15:30:26 [root] INFO: Song:Party Like Hotdog (Live) crawled
2020-05-22 15:30:28 [root] INFO: Song:Party Like Hotdog (Live) downloaded to C:\Users\Jven\Desktop\Music\MC HotDog\兄弟本色 广州中央车站演唱会\Party Like Hotdog (Live).mp3
2020-05-22 15:30:28 [root] INFO: Lyrics:Party Like Hotdog (Live) downloaded to C:\Users\Jven\Desktop\Music\MC HotDog\兄弟本色 广州中央车站演唱会\Party Like Hotdog (Live).txt
2020-05-22 15:30:42 [root] INFO: Song:Skit crawled
2020-05-22 15:30:45 [root] INFO: Song:Skit downloaded to C:\Users\Jven\Desktop\Music\MC HotDog\A Hustler's Motivation Vol. 3\Skit.mp3
2020-05-22 15:30:45 [root] INFO: Lyrics:Skit downloaded to C:\Users\Jven\Desktop\Music\MC HotDog\A Hustler's Motivation Vol. 3\Skit.txt
2020-05-22 15:30:50 [root] INFO: Song:五环之歌 crawled
2020-05-22 15:30:52 [root] INFO: Song:五环之歌 downloaded to C:\Users\Jven\Desktop\Music\MC HotDog\五环之歌.mp3
2020-05-22 15:30:52 [root] INFO: Lyrics:五环之歌 downloaded to C:\Users\Jven\Desktop\Music\MC HotDog\五环之歌.txt
2020-05-22 15:31:07 [root] INFO: Song:他们觉得 crawled
2020-05-22 15:31:09 [root] INFO: Song:他们觉得 downloaded to C:\Users\Jven\Desktop\Music\MC HotDog\差不多先生\他们觉得.mp3
2020-05-22 15:31:09 [root] INFO: Lyrics:他们觉得 downloaded to C:\Users\Jven\Desktop\Music\MC HotDog\差不多先生\他们觉得.txt
2020-05-22 15:31:14 [scrapy.extensions.logstats] INFO: Crawled 66 pages (at 10 pages/min), scraped 28 items (at 5 items/min)
2020-05-22 15:31:14 [root] INFO: Song:嘿嘿Taxi(2017) crawled
2020-05-22 15:31:17 [root] INFO: Song:嘿嘿Taxi(2017) downloaded to C:\Users\Jven\Desktop\Music\MC HotDog\嘿嘿Taxi(2017).mp3
2020-05-22 15:31:31 [root] INFO: Song:怎么能够 crawled
2020-05-22 15:31:34 [root] INFO: Song:怎么能够 downloaded to C:\Users\Jven\Desktop\Music\MC HotDog\差不多先生\怎么能够.mp3
2020-05-22 15:31:34 [root] INFO: Lyrics:怎么能够 downloaded to C:\Users\Jven\Desktop\Music\MC HotDog\差不多先生\怎么能够.txt
2020-05-22 15:31:38 [root] INFO: Song:不吃早餐才是一件很嘻哈的事 (Live) crawled
2020-05-22 15:31:40 [root] INFO: Song:不吃早餐才是一件很嘻哈的事 (Live) downloaded to C:\Users\Jven\Desktop\Music\MC HotDog\兄弟本色 广州中央车站演唱会\不吃早餐才是一件很嘻哈的事 (Live).mp3
2020-05-22 15:31:40 [root] INFO: Lyrics:不吃早餐才是一件很嘻哈的事 (Live) downloaded to C:\Users\Jven\Desktop\Music\MC HotDog\兄弟本色 广州中央车站演唱会\不吃早餐才是一件很嘻哈的事 (Live).txt
2020-05-22 15:31:55 [root] INFO: Song:请拍手 crawled
2020-05-22 15:32:01 [root] INFO: Song:请拍手 downloaded to C:\Users\Jven\Desktop\Music\MC HotDog\差不多先生\请拍手.mp3
2020-05-22 15:32:01 [root] INFO: Lyrics:请拍手 downloaded to C:\Users\Jven\Desktop\Music\MC HotDog\差不多先生\请拍手.txt
2020-05-22 15:32:05 [root] INFO: Song:五环之歌（DJ小博版) crawled
2020-05-22 15:32:08 [root] INFO: Song:五环之歌（DJ小博版) downloaded to C:\Users\Jven\Desktop\Music\MC HotDog\五环之歌（DJ小博版).mp3
2020-05-22 15:32:08 [root] INFO: Lyrics:五环之歌（DJ小博版) downloaded to C:\Users\Jven\Desktop\Music\MC HotDog\五环之歌（DJ小博版).txt
2020-05-22 15:32:13 [scrapy.extensions.logstats] INFO: Crawled 75 pages (at 9 pages/min), scraped 33 items (at 5 items/min)
2020-05-22 15:32:23 [root] INFO: Song:Watch Me Do It (Live) crawled
2020-05-22 15:32:25 [root] INFO: Song:Watch Me Do It (Live) downloaded to C:\Users\Jven\Desktop\Music\MC HotDog\兄弟本色 广州中央车站演唱会\Watch Me Do It (Live).mp3
2020-05-22 15:32:25 [root] INFO: Lyrics:Watch Me Do It (Live) downloaded to C:\Users\Jven\Desktop\Music\MC HotDog\兄弟本色 广州中央车站演唱会\Watch Me Do It (Live).txt
2020-05-22 15:32:29 [root] INFO: Song:海洋 crawled
2020-05-22 15:32:33 [root] INFO: Song:海洋 downloaded to C:\Users\Jven\Desktop\Music\MC HotDog\差不多先生\海洋.mp3
2020-05-22 15:32:33 [root] INFO: Lyrics:海洋 downloaded to C:\Users\Jven\Desktop\Music\MC HotDog\差不多先生\海洋.txt
2020-05-22 15:32:47 [root] INFO: Song:你要去哪里 crawled
2020-05-22 15:32:55 [root] INFO: Song:你要去哪里 downloaded to C:\Users\Jven\Desktop\Music\MC HotDog\MC HotDog\你要去哪里.flac
2020-05-22 15:32:55 [root] INFO: Lyrics:你要去哪里 downloaded to C:\Users\Jven\Desktop\Music\MC HotDog\MC HotDog\你要去哪里.txt
2020-05-22 15:32:55 [root] INFO: Song:Nightclub Love crawled
2020-05-22 15:32:58 [root] INFO: Song:Nightclub Love downloaded to C:\Users\Jven\Desktop\Music\MC HotDog\写照\Nightclub Love.mp3
2020-05-22 15:32:58 [root] INFO: Lyrics:Nightclub Love downloaded to C:\Users\Jven\Desktop\Music\MC HotDog\写照\Nightclub Love.txt
2020-05-22 15:33:01 [root] INFO: Song:Intro crawled
2020-05-22 15:33:04 [root] INFO: Song:Intro downloaded to C:\Users\Jven\Desktop\Music\MC HotDog\犬\Intro.flac
2020-05-22 15:33:04 [root] INFO: Lyrics:Intro downloaded to C:\Users\Jven\Desktop\Music\MC HotDog\犬\Intro.txt
2020-05-22 15:33:05 [root] INFO: Song:Party like Hotdog crawled
2020-05-22 15:33:11 [root] INFO: Song:Party like Hotdog downloaded to C:\Users\Jven\Desktop\Music\MC HotDog\超级大事＆超级说唱·专场\Party like Hotdog.flac
2020-05-22 15:33:11 [root] INFO: Lyrics:Party like Hotdog downloaded to C:\Users\Jven\Desktop\Music\MC HotDog\超级大事＆超级说唱·专场\Party like Hotdog.txt
2020-05-22 15:33:12 [scrapy.extensions.logstats] INFO: Crawled 87 pages (at 12 pages/min), scraped 39 items (at 6 items/min)
2020-05-22 15:33:16 [root] INFO: Song:Outro crawled
2020-05-22 15:33:19 [root] INFO: Song:Outro downloaded to C:\Users\Jven\Desktop\Music\MC HotDog\Wake Up\Outro.flac
2020-05-22 15:33:19 [root] INFO: Lyrics:Outro downloaded to C:\Users\Jven\Desktop\Music\MC HotDog\Wake Up\Outro.txt
2020-05-22 15:33:19 [root] INFO: Song:我疯了 crawled
2020-05-22 15:33:21 [root] INFO: Song:我疯了 downloaded to C:\Users\Jven\Desktop\Music\MC HotDog\差不多先生\我疯了.mp3
2020-05-22 15:33:21 [root] INFO: Lyrics:我疯了 downloaded to C:\Users\Jven\Desktop\Music\MC HotDog\差不多先生\我疯了.txt
2020-05-22 15:33:26 [root] INFO: Song:五环之歌 crawled
2020-05-22 15:33:30 [root] INFO: Song:五环之歌 downloaded to C:\Users\Jven\Desktop\Music\MC HotDog\兄弟本色“日落黑趴”世界巡回演唱会北京站\五环之歌.mp3
2020-05-22 15:33:30 [root] INFO: Lyrics:五环之歌 downloaded to C:\Users\Jven\Desktop\Music\MC HotDog\兄弟本色“日落黑趴”世界巡回演唱会北京站\五环之歌.txt
2020-05-22 15:33:31 [root] INFO: Song:我哈你 crawled
2020-05-22 15:33:34 [root] INFO: Song:我哈你 downloaded to C:\Users\Jven\Desktop\Music\MC HotDog\差不多先生\我哈你.mp3
2020-05-22 15:33:34 [root] INFO: Lyrics:我哈你 downloaded to C:\Users\Jven\Desktop\Music\MC HotDog\差不多先生\我哈你.txt
2020-05-22 15:33:39 [root] INFO: Song:Skit (犬) crawled
2020-05-22 15:33:41 [root] INFO: Song:Skit (犬) downloaded to C:\Users\Jven\Desktop\Music\MC HotDog\犬\Skit (犬).flac
2020-05-22 15:33:41 [root] INFO: Lyrics:Skit (犬) downloaded to C:\Users\Jven\Desktop\Music\MC HotDog\犬\Skit (犬).txt
2020-05-22 15:33:42 [root] INFO: Song:Introducing 哑色小狗 crawled
2020-05-22 15:33:48 [root] INFO: Song:Introducing 哑色小狗 downloaded to C:\Users\Jven\Desktop\Music\MC HotDog\Wake Up\Introducing 哑色小狗.flac
2020-05-22 15:33:48 [root] INFO: Lyrics:Introducing 哑色小狗 downloaded to C:\Users\Jven\Desktop\Music\MC HotDog\Wake Up\Introducing 哑色小狗.txt
2020-05-22 15:33:53 [root] INFO: Song:Tiger Style crawled
2020-05-22 15:33:57 [root] INFO: Song:Tiger Style downloaded to C:\Users\Jven\Desktop\Music\MC HotDog\Wake Up\Tiger Style.mp3
2020-05-22 15:33:57 [root] INFO: Lyrics:Tiger Style downloaded to C:\Users\Jven\Desktop\Music\MC HotDog\Wake Up\Tiger Style.txt
2020-05-22 15:33:58 [root] INFO: Song:你要去哪里 (卡拉OK版) crawled
2020-05-22 15:34:02 [root] INFO: Song:你要去哪里 (卡拉OK版) downloaded to C:\Users\Jven\Desktop\Music\MC HotDog\你要去哪里 (卡拉OK版).mp3
2020-05-22 15:34:08 [root] INFO: Song:Skit crawled
2020-05-22 15:34:15 [root] INFO: Song:Skit downloaded to C:\Users\Jven\Desktop\Music\MC HotDog\哈狗帮\Skit.flac
2020-05-22 15:34:15 [root] INFO: Lyrics:Skit downloaded to C:\Users\Jven\Desktop\Music\MC HotDog\哈狗帮\Skit.txt
2020-05-22 15:34:15 [scrapy.extensions.logstats] INFO: Crawled 105 pages (at 18 pages/min), scraped 48 items (at 9 items/min)
2020-05-22 15:34:16 [root] INFO: Song:Woman 27 (Acoustic Version)(Bonus Track) crawled
2020-05-22 15:34:19 [root] INFO: Song:Woman 27 (Acoustic Version)(Bonus Track) downloaded to C:\Users\Jven\Desktop\Music\MC HotDog\Woman 27 (Acoustic Version)(Bonus Track).mp3
2020-05-22 15:34:25 [root] INFO: Song:毋忘在莒 crawled
2020-05-22 15:34:26 [root] INFO: Song:毋忘在莒 downloaded to C:\Users\Jven\Desktop\Music\MC HotDog\Wake Up\毋忘在莒.flac
2020-05-22 15:34:26 [root] INFO: Lyrics:毋忘在莒 downloaded to C:\Users\Jven\Desktop\Music\MC HotDog\Wake Up\毋忘在莒.txt
2020-05-22 15:34:27 [root] INFO: Song:laozi有钱 crawled
2020-05-22 15:34:31 [root] INFO: Song:laozi有钱 downloaded to C:\Users\Jven\Desktop\Music\MC HotDog\laozi有钱.mp3
2020-05-22 15:34:36 [root] INFO: Song:We Make A Hit crawled
2020-05-22 15:34:39 [root] INFO: Song:We Make A Hit downloaded to C:\Users\Jven\Desktop\Music\MC HotDog\VINYL-CD-MP3\We Make A Hit.mp3
2020-05-22 15:34:39 [root] INFO: Lyrics:We Make A Hit downloaded to C:\Users\Jven\Desktop\Music\MC HotDog\VINYL-CD-MP3\We Make A Hit.txt
2020-05-22 15:34:40 [root] INFO: Song:MC来了 crawled
2020-05-22 15:34:42 [root] INFO: Song:MC来了 downloaded to C:\Users\Jven\Desktop\Music\MC HotDog\MC来了.mp3
2020-05-22 15:34:48 [root] INFO: Song:Live @ Legacy Skit crawled
2020-05-22 15:34:49 [root] INFO: Song:Live @ Legacy Skit downloaded to C:\Users\Jven\Desktop\Music\MC HotDog\贫民百万歌星\Live @ Legacy Skit.mp3
2020-05-22 15:34:49 [root] INFO: Lyrics:Live @ Legacy Skit downloaded to C:\Users\Jven\Desktop\Music\MC HotDog\贫民百万歌星\Live @ Legacy Skit.txt
2020-05-22 15:34:50 [root] INFO: Song:玩乐令 crawled
2020-05-22 15:34:53 [root] INFO: Song:玩乐令 downloaded to C:\Users\Jven\Desktop\Music\MC HotDog\空\玩乐令.mp3
2020-05-22 15:34:53 [root] INFO: Lyrics:玩乐令 downloaded to C:\Users\Jven\Desktop\Music\MC HotDog\空\玩乐令.txt
2020-05-22 15:34:58 [root] INFO: Song:安可 crawled
2020-05-22 15:35:02 [root] INFO: Song:安可 downloaded to C:\Users\Jven\Desktop\Music\MC HotDog\兄弟本色“日落黑趴”世界巡回演唱会北京站\安可.mp3
2020-05-22 15:35:02 [root] INFO: Lyrics:安可 downloaded to C:\Users\Jven\Desktop\Music\MC HotDog\兄弟本色“日落黑趴”世界巡回演唱会北京站\安可.txt
2020-05-22 15:35:03 [root] INFO: Song:Intro crawled
2020-05-22 15:35:06 [root] INFO: Song:Intro downloaded to C:\Users\Jven\Desktop\Music\MC HotDog\MC HotDog\Intro.flac
2020-05-22 15:35:06 [root] INFO: Lyrics:Intro downloaded to C:\Users\Jven\Desktop\Music\MC HotDog\MC HotDog\Intro.txt
2020-05-22 15:35:12 [root] INFO: Song:梦 crawled
2020-05-22 15:35:17 [root] INFO: Song:梦 downloaded to C:\Users\Jven\Desktop\Music\MC HotDog\人生如戏\梦.mp3
2020-05-22 15:35:17 [root] INFO: Lyrics:梦 downloaded to C:\Users\Jven\Desktop\Music\MC HotDog\人生如戏\梦.txt
2020-05-22 15:35:17 [scrapy.extensions.logstats] INFO: Crawled 125 pages (at 20 pages/min), scraped 58 items (at 10 items/min)
2020-05-22 15:35:17 [root] INFO: Song:嗨嗨人生 (Live) crawled
2020-05-22 15:35:20 [root] INFO: Song:嗨嗨人生 (Live) downloaded to C:\Users\Jven\Desktop\Music\MC HotDog\嗨嗨人生 (Live).mp3
2020-05-22 15:35:20 [root] INFO: Lyrics:嗨嗨人生 (Live) downloaded to C:\Users\Jven\Desktop\Music\MC HotDog\嗨嗨人生 (Live).txt
2020-05-22 15:35:26 [root] INFO: Song:新闻快报 Skit crawled
2020-05-22 15:35:28 [root] INFO: Song:新闻快报 Skit downloaded to C:\Users\Jven\Desktop\Music\MC HotDog\贫民百万歌星\新闻快报 Skit.mp3
2020-05-22 15:35:28 [root] INFO: Lyrics:新闻快报 Skit downloaded to C:\Users\Jven\Desktop\Music\MC HotDog\贫民百万歌星\新闻快报 Skit.txt
2020-05-22 15:35:29 [root] INFO: Song:Poker Star crawled
2020-05-22 15:35:32 [root] INFO: Song:Poker Star downloaded to C:\Users\Jven\Desktop\Music\MC HotDog\Poker Star\Poker Star.mp3
2020-05-22 15:35:32 [root] INFO: Lyrics:Poker Star downloaded to C:\Users\Jven\Desktop\Music\MC HotDog\Poker Star\Poker Star.txt
2020-05-22 15:35:38 [root] INFO: Song:贫民百万歌星 (Live) crawled
2020-05-22 15:35:40 [root] INFO: Song:贫民百万歌星 (Live) downloaded to C:\Users\Jven\Desktop\Music\MC HotDog\兄弟本色 广州中央车站演唱会\贫民百万歌星 (Live).mp3
2020-05-22 15:35:40 [root] INFO: Lyrics:贫民百万歌星 (Live) downloaded to C:\Users\Jven\Desktop\Music\MC HotDog\兄弟本色 广州中央车站演唱会\贫民百万歌星 (Live).txt
2020-05-22 15:35:40 [root] INFO: Song:我要钱 crawled
2020-05-22 15:35:53 [root] INFO: Song:我要钱 downloaded to C:\Users\Jven\Desktop\Music\MC HotDog\兄弟本色 广州中央车站演唱会\我要钱.mp3
2020-05-22 15:35:53 [root] INFO: Lyrics:我要钱 downloaded to C:\Users\Jven\Desktop\Music\MC HotDog\兄弟本色 广州中央车站演唱会\我要钱.txt
2020-05-22 15:35:58 [root] INFO: Song:和你巧遇在这里 Skit crawled
2020-05-22 15:36:03 [root] INFO: Song:和你巧遇在这里 Skit downloaded to C:\Users\Jven\Desktop\Music\MC HotDog\贫民百万歌星\和你巧遇在这里 Skit.mp3
2020-05-22 15:36:03 [root] INFO: Lyrics:和你巧遇在这里 Skit downloaded to C:\Users\Jven\Desktop\Music\MC HotDog\贫民百万歌星\和你巧遇在这里 Skit.txt
2020-05-22 15:36:03 [root] INFO: Song:你要去哪里 crawled
2020-05-22 15:36:09 [root] INFO: Song:你要去哪里 downloaded to C:\Users\Jven\Desktop\Music\MC HotDog\热狗!\你要去哪里.flac
2020-05-22 15:36:09 [root] INFO: Lyrics:你要去哪里 downloaded to C:\Users\Jven\Desktop\Music\MC HotDog\热狗!\你要去哪里.txt
2020-05-22 15:36:12 [scrapy.extensions.logstats] INFO: Crawled 139 pages (at 14 pages/min), scraped 65 items (at 7 items/min)
2020-05-22 15:36:14 [root] INFO: Song:Walk This Way crawled
2020-05-22 15:36:22 [root] INFO: Song:Walk This Way downloaded to C:\Users\Jven\Desktop\Music\MC HotDog\Walk This Way\Walk This Way.flac
2020-05-22 15:36:22 [root] INFO: Lyrics:Walk This Way downloaded to C:\Users\Jven\Desktop\Music\MC HotDog\Walk This Way\Walk This Way.txt
2020-05-22 15:36:25 [root] INFO: Song:单车与跑车 crawled
2020-05-22 15:36:34 [root] INFO: Song:单车与跑车 downloaded to C:\Users\Jven\Desktop\Music\MC HotDog\逃生\单车与跑车.flac
2020-05-22 15:36:34 [root] INFO: Lyrics:单车与跑车 downloaded to C:\Users\Jven\Desktop\Music\MC HotDog\逃生\单车与跑车.txt
2020-05-22 15:36:38 [root] INFO: Song:差不多先生过新年 crawled
2020-05-22 15:36:39 [root] INFO: Song:差不多先生过新年 downloaded to C:\Users\Jven\Desktop\Music\MC HotDog\空\差不多先生过新年.mp3
2020-05-22 15:36:39 [root] INFO: Lyrics:差不多先生过新年 downloaded to C:\Users\Jven\Desktop\Music\MC HotDog\空\差不多先生过新年.txt
2020-05-22 15:36:41 [root] INFO: Song:安可 crawled
2020-05-22 15:36:49 [root] INFO: Song:安可 downloaded to C:\Users\Jven\Desktop\Music\MC HotDog\超级大事＆超级说唱·专场\安可.flac
2020-05-22 15:36:49 [root] INFO: Lyrics:安可 downloaded to C:\Users\Jven\Desktop\Music\MC HotDog\超级大事＆超级说唱·专场\安可.txt
2020-05-22 15:36:55 [root] INFO: Song:Super Brothers crawled
2020-05-22 15:36:58 [root] INFO: Song:Super Brothers downloaded to C:\Users\Jven\Desktop\Music\MC HotDog\Super Brothers\Super Brothers.mp3
2020-05-22 15:36:58 [root] INFO: Lyrics:Super Brothers downloaded to C:\Users\Jven\Desktop\Music\MC HotDog\Super Brothers\Super Brothers.txt
2020-05-22 15:36:59 [root] INFO: Song:梦幻照相机 crawled
2020-05-22 15:37:03 [root] INFO: Song:梦幻照相机 downloaded to C:\Users\Jven\Desktop\Music\MC HotDog\梦幻照相机\梦幻照相机.mp3
2020-05-22 15:37:03 [root] INFO: Lyrics:梦幻照相机 downloaded to C:\Users\Jven\Desktop\Music\MC HotDog\梦幻照相机\梦幻照相机.txt
2020-05-22 15:37:08 [root] INFO: Song:Cross The Bridge crawled
2020-05-22 15:37:11 [root] INFO: Song:Cross The Bridge downloaded to C:\Users\Jven\Desktop\Music\MC HotDog\Super Brothers\Cross The Bridge.mp3
2020-05-22 15:37:11 [root] INFO: Lyrics:Cross The Bridge downloaded to C:\Users\Jven\Desktop\Music\MC HotDog\Super Brothers\Cross The Bridge.txt
2020-05-22 15:37:12 [scrapy.extensions.logstats] INFO: Crawled 154 pages (at 15 pages/min), scraped 72 items (at 7 items/min)
2020-05-22 15:37:12 [root] INFO: Song:极品星座论 crawled
2020-05-22 15:37:18 [root] INFO: Song:极品星座论 downloaded to C:\Users\Jven\Desktop\Music\MC HotDog\极品星座论\极品星座论.flac
2020-05-22 15:37:18 [root] INFO: Lyrics:极品星座论 downloaded to C:\Users\Jven\Desktop\Music\MC HotDog\极品星座论\极品星座论.txt
2020-05-22 15:37:24 [root] INFO: Song:2006冠军情歌 crawled
2020-05-22 15:37:29 [root] INFO: Song:2006冠军情歌 downloaded to C:\Users\Jven\Desktop\Music\MC HotDog\Wake Up\2006冠军情歌.flac
2020-05-22 15:37:29 [root] INFO: Lyrics:2006冠军情歌 downloaded to C:\Users\Jven\Desktop\Music\MC HotDog\Wake Up\2006冠军情歌.txt
2020-05-22 15:37:29 [root] INFO: Song:King Boomba's Crew crawled
2020-05-22 15:37:33 [root] INFO: Song:King Boomba's Crew downloaded to C:\Users\Jven\Desktop\Music\MC HotDog\Super Brothers\King Boomba's Crew.mp3
2020-05-22 15:37:33 [root] INFO: Lyrics:King Boomba's Crew downloaded to C:\Users\Jven\Desktop\Music\MC HotDog\Super Brothers\King Boomba's Crew.txt
2020-05-22 15:37:38 [root] INFO: Song:咖哩热狗 crawled
2020-05-22 15:37:45 [root] INFO: Song:咖哩热狗 downloaded to C:\Users\Jven\Desktop\Music\MC HotDog\超级4th场\咖哩热狗.flac
2020-05-22 15:37:45 [root] INFO: Lyrics:咖哩热狗 downloaded to C:\Users\Jven\Desktop\Music\MC HotDog\超级4th场\咖哩热狗.txt
2020-05-22 15:37:45 [root] INFO: Song:同学会 crawled
2020-05-22 15:37:48 [root] INFO: Song:同学会 downloaded to C:\Users\Jven\Desktop\Music\MC HotDog\同学会\同学会.mp3
2020-05-22 15:37:48 [root] INFO: Lyrics:同学会 downloaded to C:\Users\Jven\Desktop\Music\MC HotDog\同学会\同学会.txt
2020-05-22 15:37:53 [root] INFO: Song:Party Like HotDog crawled
2020-05-22 15:37:58 [root] INFO: Song:Party Like HotDog downloaded to C:\Users\Jven\Desktop\Music\MC HotDog\贫民百万歌星\Party Like HotDog.flac
2020-05-22 15:37:58 [root] INFO: Lyrics:Party Like HotDog downloaded to C:\Users\Jven\Desktop\Music\MC HotDog\贫民百万歌星\Party Like HotDog.txt
2020-05-22 15:37:58 [root] INFO: Song:I Get High crawled
2020-05-22 15:38:08 [root] INFO: Song:I Get High downloaded to C:\Users\Jven\Desktop\Music\MC HotDog\Super Brothers\I Get High.mp3
2020-05-22 15:38:08 [root] INFO: Lyrics:I Get High downloaded to C:\Users\Jven\Desktop\Music\MC HotDog\Super Brothers\I Get High.txt
2020-05-22 15:38:12 [scrapy.extensions.logstats] INFO: Crawled 168 pages (at 14 pages/min), scraped 79 items (at 7 items/min)
2020-05-22 15:38:12 [root] INFO: Song:酷马 crawled
2020-05-22 15:38:15 [root] INFO: Song:酷马 downloaded to C:\Users\Jven\Desktop\Music\MC HotDog\酷马\酷马.mp3
2020-05-22 15:38:15 [root] INFO: Lyrics:酷马 downloaded to C:\Users\Jven\Desktop\Music\MC HotDog\酷马\酷马.txt
2020-05-22 15:38:16 [root] INFO: Song:Mario Karting crawled
2020-05-22 15:38:18 [root] INFO: Song:Mario Karting downloaded to C:\Users\Jven\Desktop\Music\MC HotDog\Super Brothers\Mario Karting.mp3
2020-05-22 15:38:18 [root] INFO: Lyrics:Mario Karting downloaded to C:\Users\Jven\Desktop\Music\MC HotDog\Super Brothers\Mario Karting.txt
2020-05-22 15:38:23 [root] INFO: Song:我小时候都去Tu crawled
2020-05-22 15:38:27 [root] INFO: Song:我小时候都去Tu downloaded to C:\Users\Jven\Desktop\Music\MC HotDog\Wake Up\我小时候都去Tu.flac
2020-05-22 15:38:27 [root] INFO: Lyrics:我小时候都去Tu downloaded to C:\Users\Jven\Desktop\Music\MC HotDog\Wake Up\我小时候都去Tu.txt
2020-05-22 15:38:27 [root] INFO: Song:断背山 crawled
2020-05-22 15:38:29 [root] INFO: Song:断背山 downloaded to C:\Users\Jven\Desktop\Music\MC HotDog\断背山\断背山.mp3
2020-05-22 15:38:29 [root] INFO: Lyrics:断背山 downloaded to C:\Users\Jven\Desktop\Music\MC HotDog\断背山\断背山.txt
2020-05-22 15:38:37 [root] INFO: Song:信仰 crawled
2020-05-22 15:38:39 [root] INFO: Song:信仰 downloaded to C:\Users\Jven\Desktop\Music\MC HotDog\哈狗帮\信仰.flac
2020-05-22 15:38:39 [root] INFO: Lyrics:信仰 downloaded to C:\Users\Jven\Desktop\Music\MC HotDog\哈狗帮\信仰.txt
2020-05-22 15:38:39 [root] INFO: Song:你要去哪里 crawled
2020-05-22 15:38:45 [root] INFO: Song:你要去哪里 downloaded to C:\Users\Jven\Desktop\Music\MC HotDog\MC HotDog\你要去哪里.flac
2020-05-22 15:38:45 [root] INFO: Lyrics:你要去哪里 already exists at C:\Users\Jven\Desktop\Music\MC HotDog\MC HotDog\你要去哪里.txt
2020-05-22 15:38:51 [root] INFO: Song:快乐 crawled
2020-05-22 15:38:57 [root] INFO: Song:快乐 downloaded to C:\Users\Jven\Desktop\Music\MC HotDog\哈狗帮\快乐.flac
2020-05-22 15:38:57 [root] INFO: Lyrics:快乐 downloaded to C:\Users\Jven\Desktop\Music\MC HotDog\哈狗帮\快乐.txt
2020-05-22 15:38:57 [root] INFO: Song:我的生活 crawled
2020-05-22 15:38:59 [root] INFO: Song:我的生活 downloaded to C:\Users\Jven\Desktop\Music\MC HotDog\兄弟本色“日落黑趴”世界巡回演唱会北京站\我的生活.mp3
2020-05-22 15:38:59 [root] INFO: Lyrics:我的生活 downloaded to C:\Users\Jven\Desktop\Music\MC HotDog\兄弟本色“日落黑趴”世界巡回演唱会北京站\我的生活.txt
2020-05-22 15:39:04 [root] INFO: Song:我们的 Party 最扯 crawled
2020-05-22 15:39:11 [root] INFO: Song:我们的 Party 最扯 downloaded to C:\Users\Jven\Desktop\Music\MC HotDog\Wake Up\我们的 Party 最扯.flac
2020-05-22 15:39:11 [root] INFO: Lyrics:我们的 Party 最扯 downloaded to C:\Users\Jven\Desktop\Music\MC HotDog\Wake Up\我们的 Party 最扯.txt
2020-05-22 15:39:11 [root] INFO: Song:Woman 27 crawled
2020-05-22 15:39:18 [root] INFO: Song:Woman 27 downloaded to C:\Users\Jven\Desktop\Music\MC HotDog\贫民百万歌星\Woman 27.flac
2020-05-22 15:39:18 [root] INFO: Lyrics:Woman 27 downloaded to C:\Users\Jven\Desktop\Music\MC HotDog\贫民百万歌星\Woman 27.txt
2020-05-22 15:39:18 [scrapy.extensions.logstats] INFO: Crawled 186 pages (at 18 pages/min), scraped 89 items (at 10 items/min)
2020-05-22 15:39:24 [root] INFO: Song:After Party crawled
2020-05-22 15:39:31 [root] INFO: Song:After Party downloaded to C:\Users\Jven\Desktop\Music\MC HotDog\贫民百万歌星\After Party.flac
2020-05-22 15:39:31 [root] INFO: Lyrics:After Party downloaded to C:\Users\Jven\Desktop\Music\MC HotDog\贫民百万歌星\After Party.txt
2020-05-22 15:39:31 [root] INFO: Song:飞越无限 crawled
2020-05-22 15:39:34 [root] INFO: Song:飞越无限 downloaded to C:\Users\Jven\Desktop\Music\MC HotDog\北京卫视2017跨年环球歌会\飞越无限.mp3
2020-05-22 15:39:34 [root] INFO: Lyrics:飞越无限 downloaded to C:\Users\Jven\Desktop\Music\MC HotDog\北京卫视2017跨年环球歌会\飞越无限.txt
2020-05-22 15:39:39 [root] INFO: Song:烦死人 crawled
2020-05-22 15:39:48 [root] INFO: Song:烦死人 downloaded to C:\Users\Jven\Desktop\Music\MC HotDog\Wake Up\烦死人.flac
2020-05-22 15:39:48 [root] INFO: Lyrics:烦死人 downloaded to C:\Users\Jven\Desktop\Music\MC HotDog\Wake Up\烦死人.txt
2020-05-22 15:39:48 [root] INFO: Song:他们觉得 crawled
2020-05-22 15:39:54 [root] INFO: Song:他们觉得 downloaded to C:\Users\Jven\Desktop\Music\MC HotDog\差不多先生\他们觉得.flac
2020-05-22 15:39:54 [root] INFO: Lyrics:他们觉得 already exists at C:\Users\Jven\Desktop\Music\MC HotDog\差不多先生\他们觉得.txt
2020-05-22 15:40:00 [root] INFO: Song:请拍手 crawled
2020-05-22 15:40:06 [root] INFO: Song:请拍手 downloaded to C:\Users\Jven\Desktop\Music\MC HotDog\差不多先生\请拍手.flac
2020-05-22 15:40:06 [root] INFO: Lyrics:请拍手 already exists at C:\Users\Jven\Desktop\Music\MC HotDog\差不多先生\请拍手.txt
2020-05-22 15:40:07 [root] INFO: Song:Mr. Sandman crawled
2020-05-22 15:40:11 [root] INFO: Song:Mr. Sandman downloaded to C:\Users\Jven\Desktop\Music\MC HotDog\Mr. Sandman(The N.A.S.A. Remix)\Mr. Sandman.mp3
2020-05-22 15:40:11 [root] INFO: Lyrics:Mr. Sandman downloaded to C:\Users\Jven\Desktop\Music\MC HotDog\Mr. Sandman(The N.A.S.A. Remix)\Mr. Sandman.txt
2020-05-22 15:40:12 [scrapy.extensions.logstats] INFO: Crawled 199 pages (at 13 pages/min), scraped 95 items (at 6 items/min)
2020-05-22 15:40:16 [root] INFO: Song:好无聊 crawled
2020-05-22 15:40:22 [root] INFO: Song:好无聊 downloaded to C:\Users\Jven\Desktop\Music\MC HotDog\贫民百万歌星\好无聊.flac
2020-05-22 15:40:22 [root] INFO: Lyrics:好无聊 downloaded to C:\Users\Jven\Desktop\Music\MC HotDog\贫民百万歌星\好无聊.txt
2020-05-22 15:40:23 [root] INFO: Song:MC HotDog&张震岳：不建议未成年收听本期节目 crawled
2020-05-22 15:40:29 [root] INFO: Song:MC HotDog&张震岳：不建议未成年收听本期节目 downloaded to C:\Users\Jven\Desktop\Music\MC HotDog\唱反调\MC HotDog&张震岳：不建议未成年收听本期节目.mp3
2020-05-22 15:40:34 [root] INFO: Song:志玲姊姊来找我 crawled
2020-05-22 15:40:36 [root] INFO: Song:志玲姊姊来找我 downloaded to C:\Users\Jven\Desktop\Music\MC HotDog\Wake Up\志玲姊姊来找我.flac
2020-05-22 15:40:36 [root] INFO: Lyrics:志玲姊姊来找我 downloaded to C:\Users\Jven\Desktop\Music\MC HotDog\Wake Up\志玲姊姊来找我.txt
2020-05-22 15:40:37 [root] INFO: Song:The Castle crawled
2020-05-22 15:40:39 [root] INFO: Song:The Castle downloaded to C:\Users\Jven\Desktop\Music\MC HotDog\Super Brothers\The Castle.mp3
2020-05-22 15:40:39 [root] INFO: Lyrics:The Castle downloaded to C:\Users\Jven\Desktop\Music\MC HotDog\Super Brothers\The Castle.txt
2020-05-22 15:40:45 [root] INFO: Song:有玩没完 crawled
2020-05-22 15:40:52 [root] INFO: Song:有玩没完 downloaded to C:\Users\Jven\Desktop\Music\MC HotDog\晚酒朝舞\有玩没完.flac
2020-05-22 15:40:52 [root] INFO: Lyrics:有玩没完 downloaded to C:\Users\Jven\Desktop\Music\MC HotDog\晚酒朝舞\有玩没完.txt
2020-05-22 15:40:52 [root] INFO: Song:Welcome Back crawled
2020-05-22 15:40:55 [root] INFO: Song:Welcome Back downloaded to C:\Users\Jven\Desktop\Music\MC HotDog\反正就是\Welcome Back.mp3
2020-05-22 15:40:55 [root] INFO: Lyrics:Welcome Back downloaded to C:\Users\Jven\Desktop\Music\MC HotDog\反正就是\Welcome Back.txt
2020-05-22 15:41:01 [root] INFO: Song:马祖小夜曲 crawled
2020-05-22 15:41:07 [root] INFO: Song:马祖小夜曲 downloaded to C:\Users\Jven\Desktop\Music\MC HotDog\Wake Up\马祖小夜曲.flac
2020-05-22 15:41:07 [root] INFO: Lyrics:马祖小夜曲 downloaded to C:\Users\Jven\Desktop\Music\MC HotDog\Wake Up\马祖小夜曲.txt
2020-05-22 15:41:08 [root] INFO: Song:我疯了 crawled
2020-05-22 15:41:13 [root] INFO: Song:我疯了 downloaded to C:\Users\Jven\Desktop\Music\MC HotDog\差不多先生\我疯了.flac
2020-05-22 15:41:13 [root] INFO: Lyrics:我疯了 already exists at C:\Users\Jven\Desktop\Music\MC HotDog\差不多先生\我疯了.txt
2020-05-22 15:41:13 [scrapy.extensions.logstats] INFO: Crawled 214 pages (at 15 pages/min), scraped 103 items (at 8 items/min)
2020-05-22 15:41:17 [root] INFO: Song:不吃早餐才是一件很嘻哈的事 crawled
2020-05-22 15:41:23 [root] INFO: Song:不吃早餐才是一件很嘻哈的事 downloaded to C:\Users\Jven\Desktop\Music\MC HotDog\我的时代\不吃早餐才是一件很嘻哈的事.flac
2020-05-22 15:41:23 [root] INFO: Lyrics:不吃早餐才是一件很嘻哈的事 downloaded to C:\Users\Jven\Desktop\Music\MC HotDog\我的时代\不吃早餐才是一件很嘻哈的事.txt
2020-05-22 15:41:24 [root] INFO: Song:Here We Go crawled
2020-05-22 15:41:28 [root] INFO: Song:Here We Go downloaded to C:\Users\Jven\Desktop\Music\MC HotDog\藏宝图\Here We Go.flac
2020-05-22 15:41:28 [root] INFO: Lyrics:Here We Go downloaded to C:\Users\Jven\Desktop\Music\MC HotDog\藏宝图\Here We Go.txt
2020-05-22 15:41:34 [root] INFO: Song:Stack Ya Coins crawled
2020-05-22 15:41:37 [root] INFO: Song:Stack Ya Coins downloaded to C:\Users\Jven\Desktop\Music\MC HotDog\Super Brothers\Stack Ya Coins.mp3
2020-05-22 15:41:37 [root] INFO: Lyrics:Stack Ya Coins downloaded to C:\Users\Jven\Desktop\Music\MC HotDog\Super Brothers\Stack Ya Coins.txt
2020-05-22 15:41:38 [root] INFO: Song:怎么能够 crawled
2020-05-22 15:41:45 [root] INFO: Song:怎么能够 downloaded to C:\Users\Jven\Desktop\Music\MC HotDog\差不多先生\怎么能够.flac
2020-05-22 15:41:45 [root] INFO: Lyrics:怎么能够 already exists at C:\Users\Jven\Desktop\Music\MC HotDog\差不多先生\怎么能够.txt
2020-05-22 15:41:52 [root] INFO: Song:轻熟女27 crawled
2020-05-22 15:41:53 [root] INFO: Song:轻熟女27 downloaded to C:\Users\Jven\Desktop\Music\MC HotDog\兄弟本色“日落黑趴”世界巡回演唱会北京站\轻熟女27.mp3
2020-05-22 15:41:53 [root] INFO: Lyrics:轻熟女27 downloaded to C:\Users\Jven\Desktop\Music\MC HotDog\兄弟本色“日落黑趴”世界巡回演唱会北京站\轻熟女27.txt
2020-05-22 15:41:54 [root] INFO: Song:我的生活 II crawled
2020-05-22 15:41:59 [root] INFO: Song:我的生活 II downloaded to C:\Users\Jven\Desktop\Music\MC HotDog\Wake Up\我的生活 II.flac
2020-05-22 15:41:59 [root] INFO: Lyrics:我的生活 II downloaded to C:\Users\Jven\Desktop\Music\MC HotDog\Wake Up\我的生活 II.txt
2020-05-22 15:42:06 [root] INFO: Song:Bonus Track Hip Hop没有派对 (Trap Metal Version) crawled
2020-05-22 15:42:11 [root] INFO: Song:Bonus Track Hip Hop没有派对 (Trap Metal Version) downloaded to C:\Users\Jven\Desktop\Music\MC HotDog\废物\Bonus Track Hip Hop没有派对 (Trap Metal Version).flac
2020-05-22 15:42:11 [root] INFO: Lyrics:Bonus Track Hip Hop没有派对 (Trap Metal Version) downloaded to C:\Users\Jven\Desktop\Music\MC HotDog\废物\Bonus Track Hip Hop没有派对 (Trap Metal Version).txt
2020-05-22 15:42:11 [root] INFO: Song:梦幻照相机 crawled
2020-05-22 15:42:17 [root] INFO: Song:梦幻照相机 downloaded to C:\Users\Jven\Desktop\Music\MC HotDog\废物\梦幻照相机.flac
2020-05-22 15:42:17 [root] INFO: Lyrics:梦幻照相机 downloaded to C:\Users\Jven\Desktop\Music\MC HotDog\废物\梦幻照相机.txt
2020-05-22 15:42:17 [scrapy.extensions.logstats] INFO: Crawled 230 pages (at 16 pages/min), scraped 111 items (at 8 items/min)
2020-05-22 15:42:21 [root] INFO: Song:三人行 crawled
2020-05-22 15:42:32 [root] INFO: Song:三人行 downloaded to C:\Users\Jven\Desktop\Music\MC HotDog\Y.I.Y.O\三人行.flac
2020-05-22 15:42:32 [root] INFO: Lyrics:三人行 downloaded to C:\Users\Jven\Desktop\Music\MC HotDog\Y.I.Y.O\三人行.txt
2020-05-22 15:42:33 [root] INFO: Song:Super Duper Fly crawled
2020-05-22 15:42:38 [root] INFO: Song:Super Duper Fly downloaded to C:\Users\Jven\Desktop\Music\MC HotDog\Super Duper Fly\Super Duper Fly.flac
2020-05-22 15:42:38 [root] INFO: Lyrics:Super Duper Fly downloaded to C:\Users\Jven\Desktop\Music\MC HotDog\Super Duper Fly\Super Duper Fly.txt
2020-05-22 15:42:41 [root] INFO: Song:差不多先生 crawled
2020-05-22 15:42:50 [root] INFO: Song:差不多先生 downloaded to C:\Users\Jven\Desktop\Music\MC HotDog\差不多先生\差不多先生.flac
2020-05-22 15:42:50 [root] INFO: Lyrics:差不多先生 downloaded to C:\Users\Jven\Desktop\Music\MC HotDog\差不多先生\差不多先生.txt
2020-05-22 15:42:51 [root] INFO: Song:安可 crawled
2020-05-22 15:42:57 [root] INFO: Song:安可 downloaded to C:\Users\Jven\Desktop\Music\MC HotDog\Wake Up\安可.flac
2020-05-22 15:42:57 [root] INFO: Lyrics:安可 downloaded to C:\Users\Jven\Desktop\Music\MC HotDog\Wake Up\安可.txt
2020-05-22 15:43:02 [root] INFO: Song:海洋 crawled
2020-05-22 15:43:08 [root] INFO: Song:海洋 downloaded to C:\Users\Jven\Desktop\Music\MC HotDog\差不多先生\海洋.flac
2020-05-22 15:43:08 [root] INFO: Lyrics:海洋 already exists at C:\Users\Jven\Desktop\Music\MC HotDog\差不多先生\海洋.txt
2020-05-22 15:43:08 [root] INFO: Song:我是鲁蛇 crawled
2020-05-22 15:43:13 [root] INFO: Song:我是鲁蛇 downloaded to C:\Users\Jven\Desktop\Music\MC HotDog\废物\我是鲁蛇.flac
2020-05-22 15:43:13 [root] INFO: Lyrics:我是鲁蛇 downloaded to C:\Users\Jven\Desktop\Music\MC HotDog\废物\我是鲁蛇.txt
2020-05-22 15:43:13 [scrapy.extensions.logstats] INFO: Crawled 242 pages (at 12 pages/min), scraped 117 items (at 6 items/min)
2020-05-22 15:43:19 [root] INFO: Song:MJ Fresh Gang crawled
2020-05-22 15:43:22 [root] INFO: Song:MJ Fresh Gang downloaded to C:\Users\Jven\Desktop\Music\MC HotDog\Fresh Game\MJ Fresh Gang.mp3
2020-05-22 15:43:22 [root] INFO: Lyrics:MJ Fresh Gang downloaded to C:\Users\Jven\Desktop\Music\MC HotDog\Fresh Game\MJ Fresh Gang.txt
2020-05-22 15:43:22 [root] INFO: Song:我的时代 crawled
2020-05-22 15:43:27 [root] INFO: Song:我的时代 downloaded to C:\Users\Jven\Desktop\Music\MC HotDog\我的时代\我的时代.flac
2020-05-22 15:43:27 [root] INFO: Lyrics:我的时代 downloaded to C:\Users\Jven\Desktop\Music\MC HotDog\我的时代\我的时代.txt
2020-05-22 15:43:33 [root] INFO: Song:寂寞の水怪 crawled
2020-05-22 15:43:51 [root] INFO: Song:寂寞の水怪 downloaded to C:\Users\Jven\Desktop\Music\MC HotDog\废物\寂寞の水怪.flac
2020-05-22 15:43:51 [root] INFO: Lyrics:寂寞の水怪 downloaded to C:\Users\Jven\Desktop\Music\MC HotDog\废物\寂寞の水怪.txt
2020-05-22 15:43:51 [root] INFO: Song:嘿嘿Taxi crawled
2020-05-22 15:43:56 [root] INFO: Song:嘿嘿Taxi downloaded to C:\Users\Jven\Desktop\Music\MC HotDog\贫民百万歌星\嘿嘿Taxi.flac
2020-05-22 15:43:56 [root] INFO: Lyrics:嘿嘿Taxi downloaded to C:\Users\Jven\Desktop\Music\MC HotDog\贫民百万歌星\嘿嘿Taxi.txt
2020-05-22 15:44:01 [root] INFO: Song:非赢不可？ crawled
2020-05-22 15:44:08 [root] INFO: Song:非赢不可？ downloaded to C:\Users\Jven\Desktop\Music\MC HotDog\我是唱作人 第5期\非赢不可？.flac
2020-05-22 15:44:08 [root] INFO: Lyrics:非赢不可？ downloaded to C:\Users\Jven\Desktop\Music\MC HotDog\我是唱作人 第5期\非赢不可？.txt
2020-05-22 15:44:08 [root] INFO: Song:Mario Karting crawled
2020-05-22 15:44:12 [root] INFO: Song:Mario Karting downloaded to C:\Users\Jven\Desktop\Music\MC HotDog\Super Brothers\Mario Karting.mp3
2020-05-22 15:44:12 [root] INFO: Lyrics:Mario Karting already exists at C:\Users\Jven\Desktop\Music\MC HotDog\Super Brothers\Mario Karting.txt
2020-05-22 15:44:12 [scrapy.extensions.logstats] INFO: Crawled 254 pages (at 12 pages/min), scraped 123 items (at 6 items/min)
2020-05-22 15:44:17 [root] INFO: Song:吉娃娃 crawled
2020-05-22 15:44:22 [root] INFO: Song:吉娃娃 downloaded to C:\Users\Jven\Desktop\Music\MC HotDog\废物\吉娃娃.flac
2020-05-22 15:44:22 [root] INFO: Lyrics:吉娃娃 downloaded to C:\Users\Jven\Desktop\Music\MC HotDog\废物\吉娃娃.txt
2020-05-22 15:44:22 [root] INFO: Song:贫民百万歌星 crawled
2020-05-22 15:44:29 [root] INFO: Song:贫民百万歌星 downloaded to C:\Users\Jven\Desktop\Music\MC HotDog\超级大事＆超级说唱·专场\贫民百万歌星.flac
2020-05-22 15:44:29 [root] INFO: Lyrics:贫民百万歌星 downloaded to C:\Users\Jven\Desktop\Music\MC HotDog\超级大事＆超级说唱·专场\贫民百万歌星.txt
2020-05-22 15:44:34 [root] INFO: Song:失眠是一种病 (Live) crawled
2020-05-22 15:44:43 [root] INFO: Song:失眠是一种病 (Live) downloaded to C:\Users\Jven\Desktop\Music\MC HotDog\我是唱作人 第2期\失眠是一种病 (Live).flac
2020-05-22 15:44:43 [root] INFO: Lyrics:失眠是一种病 (Live) downloaded to C:\Users\Jven\Desktop\Music\MC HotDog\我是唱作人 第2期\失眠是一种病 (Live).txt
2020-05-22 15:44:43 [root] INFO: Song:不吃早餐才是一件很嘻哈的事 crawled
2020-05-22 15:44:50 [root] INFO: Song:不吃早餐才是一件很嘻哈的事 downloaded to C:\Users\Jven\Desktop\Music\MC HotDog\贫民百万歌星\不吃早餐才是一件很嘻哈的事.flac
2020-05-22 15:44:50 [root] INFO: Lyrics:不吃早餐才是一件很嘻哈的事 downloaded to C:\Users\Jven\Desktop\Music\MC HotDog\贫民百万歌星\不吃早餐才是一件很嘻哈的事.txt
2020-05-22 15:44:55 [root] INFO: Song:流星小夜曲 crawled
2020-05-22 15:44:57 [root] INFO: Song:流星小夜曲 downloaded to C:\Users\Jven\Desktop\Music\MC HotDog\流星小夜曲\流星小夜曲.mp3
2020-05-22 15:44:57 [root] INFO: Lyrics:流星小夜曲 downloaded to C:\Users\Jven\Desktop\Music\MC HotDog\流星小夜曲\流星小夜曲.txt
2020-05-22 15:44:58 [root] INFO: Song:母老虎 crawled
2020-05-22 15:45:04 [root] INFO: Song:母老虎 downloaded to C:\Users\Jven\Desktop\Music\MC HotDog\Wake Up\母老虎.flac
2020-05-22 15:45:04 [root] INFO: Lyrics:母老虎 downloaded to C:\Users\Jven\Desktop\Music\MC HotDog\Wake Up\母老虎.txt
2020-05-22 15:45:09 [root] INFO: Song:MC来了 crawled
2020-05-22 15:45:15 [root] INFO: Song:MC来了 downloaded to C:\Users\Jven\Desktop\Music\MC HotDog\贫民百万歌星\MC来了.flac
2020-05-22 15:45:15 [root] INFO: Lyrics:MC来了 downloaded to C:\Users\Jven\Desktop\Music\MC HotDog\贫民百万歌星\MC来了.txt
2020-05-22 15:45:15 [scrapy.extensions.logstats] INFO: Crawled 269 pages (at 15 pages/min), scraped 130 items (at 7 items/min)
2020-05-22 15:45:15 [root] INFO: Song:Do You Remember (Live) crawled
2020-05-22 15:45:24 [root] INFO: Song:Do You Remember (Live) downloaded to C:\Users\Jven\Desktop\Music\MC HotDog\我是唱作人 第4期\Do You Remember (Live).flac
2020-05-22 15:45:24 [root] INFO: Lyrics:Do You Remember (Live) downloaded to C:\Users\Jven\Desktop\Music\MC HotDog\我是唱作人 第4期\Do You Remember (Live).txt
2020-05-22 15:45:30 [root] INFO: Song:十三号天使 crawled
2020-05-22 15:45:35 [root] INFO: Song:十三号天使 downloaded to C:\Users\Jven\Desktop\Music\MC HotDog\犬\十三号天使.flac
2020-05-22 15:45:35 [root] INFO: Lyrics:十三号天使 downloaded to C:\Users\Jven\Desktop\Music\MC HotDog\犬\十三号天使.txt
2020-05-22 15:45:36 [root] INFO: Song:嗨嗨人生 crawled
2020-05-22 15:45:41 [root] INFO: Song:嗨嗨人生 downloaded to C:\Users\Jven\Desktop\Music\MC HotDog\我的时代\嗨嗨人生.flac
2020-05-22 15:45:41 [root] INFO: Lyrics:嗨嗨人生 downloaded to C:\Users\Jven\Desktop\Music\MC HotDog\我的时代\嗨嗨人生.txt
2020-05-22 15:45:45 [root] INFO: Song:醉 crawled
2020-05-22 15:45:50 [root] INFO: Song:醉 downloaded to C:\Users\Jven\Desktop\Music\MC HotDog\我知道你离我不远\醉.flac
2020-05-22 15:45:50 [root] INFO: Lyrics:醉 downloaded to C:\Users\Jven\Desktop\Music\MC HotDog\我知道你离我不远\醉.txt
2020-05-22 15:45:51 [root] INFO: Song:再见 Hip Hop crawled
2020-05-22 15:45:56 [root] INFO: Song:再见 Hip Hop downloaded to C:\Users\Jven\Desktop\Music\MC HotDog\废物\再见 Hip Hop.flac
2020-05-22 15:45:56 [root] INFO: Lyrics:再见 Hip Hop downloaded to C:\Users\Jven\Desktop\Music\MC HotDog\废物\再见 Hip Hop.txt
2020-05-22 15:46:02 [root] INFO: Song:King Boomba's Crew crawled
2020-05-22 15:46:05 [root] INFO: Song:King Boomba's Crew downloaded to C:\Users\Jven\Desktop\Music\MC HotDog\Super Brothers\King Boomba's Crew.mp3
2020-05-22 15:46:05 [root] INFO: Lyrics:King Boomba's Crew already exists at C:\Users\Jven\Desktop\Music\MC HotDog\Super Brothers\King Boomba's Crew.txt
2020-05-22 15:46:05 [root] INFO: Song:孤独求败 crawled
2020-05-22 15:46:15 [root] INFO: Song:孤独求败 downloaded to C:\Users\Jven\Desktop\Music\MC HotDog\中国新说唱 第13期\孤独求败.flac
2020-05-22 15:46:15 [root] INFO: Lyrics:孤独求败 downloaded to C:\Users\Jven\Desktop\Music\MC HotDog\中国新说唱 第13期\孤独求败.txt
2020-05-22 15:46:15 [scrapy.extensions.logstats] INFO: Crawled 282 pages (at 13 pages/min), scraped 137 items (at 7 items/min)
2020-05-22 15:46:19 [root] INFO: Song:我哈你 crawled
2020-05-22 15:46:26 [root] INFO: Song:我哈你 downloaded to C:\Users\Jven\Desktop\Music\MC HotDog\差不多先生\我哈你.flac
2020-05-22 15:46:26 [root] INFO: Lyrics:我哈你 already exists at C:\Users\Jven\Desktop\Music\MC HotDog\差不多先生\我哈你.txt
2020-05-22 15:46:26 [root] INFO: Song:我的生活 crawled
2020-05-22 15:46:34 [root] INFO: Song:我的生活 downloaded to C:\Users\Jven\Desktop\Music\MC HotDog\犬\我的生活.flac
2020-05-22 15:46:34 [root] INFO: Lyrics:我的生活 downloaded to C:\Users\Jven\Desktop\Music\MC HotDog\犬\我的生活.txt
2020-05-22 15:46:39 [root] INFO: Song:Super Brothers crawled
2020-05-22 15:46:42 [root] INFO: Song:Super Brothers downloaded to C:\Users\Jven\Desktop\Music\MC HotDog\Super Brothers\Super Brothers.mp3
2020-05-22 15:46:42 [root] INFO: Lyrics:Super Brothers already exists at C:\Users\Jven\Desktop\Music\MC HotDog\Super Brothers\Super Brothers.txt
2020-05-22 15:46:43 [root] INFO: Song:失眠是一种病 crawled
2020-05-22 15:46:50 [root] INFO: Song:失眠是一种病 downloaded to C:\Users\Jven\Desktop\Music\MC HotDog\废物\失眠是一种病.flac
2020-05-22 15:46:50 [root] INFO: Lyrics:失眠是一种病 downloaded to C:\Users\Jven\Desktop\Music\MC HotDog\废物\失眠是一种病.txt
2020-05-22 15:46:54 [root] INFO: Song:毒 crawled
2020-05-22 15:47:01 [root] INFO: Song:毒 downloaded to C:\Users\Jven\Desktop\Music\MC HotDog\差不多先生\毒.flac
2020-05-22 15:47:01 [root] INFO: Lyrics:毒 downloaded to C:\Users\Jven\Desktop\Music\MC HotDog\差不多先生\毒.txt
2020-05-22 15:47:01 [root] INFO: Song:一起Happy crawled
2020-05-22 15:47:06 [root] INFO: Song:一起Happy downloaded to C:\Users\Jven\Desktop\Music\MC HotDog\一起Happy\一起Happy.flac
2020-05-22 15:47:06 [root] INFO: Lyrics:一起Happy downloaded to C:\Users\Jven\Desktop\Music\MC HotDog\一起Happy\一起Happy.txt
2020-05-22 15:47:12 [scrapy.extensions.logstats] INFO: Crawled 296 pages (at 14 pages/min), scraped 143 items (at 6 items/min)
2020-05-22 15:47:15 [root] INFO: Song:Watch Me Do It crawled
2020-05-22 15:47:22 [root] INFO: Song:Watch Me Do It downloaded to C:\Users\Jven\Desktop\Music\MC HotDog\Watch Me Do It.flac
2020-05-22 15:47:22 [root] INFO: Lyrics:Watch Me Do It downloaded to C:\Users\Jven\Desktop\Music\MC HotDog\Watch Me Do It.txt
2020-05-22 15:47:22 [root] INFO: Song:改变 (Live) crawled
2020-05-22 15:47:31 [root] INFO: Song:改变 (Live) downloaded to C:\Users\Jven\Desktop\Music\MC HotDog\我是唱作人 第3期\改变 (Live).flac
2020-05-22 15:47:31 [root] INFO: Lyrics:改变 (Live) downloaded to C:\Users\Jven\Desktop\Music\MC HotDog\我是唱作人 第3期\改变 (Live).txt
2020-05-22 15:47:33 [root] INFO: Song:老子有钱 crawled
2020-05-22 15:47:38 [root] INFO: Song:老子有钱 downloaded to C:\Users\Jven\Desktop\Music\MC HotDog\贫民百万歌星\老子有钱.flac
2020-05-22 15:47:38 [root] INFO: Lyrics:老子有钱 downloaded to C:\Users\Jven\Desktop\Music\MC HotDog\贫民百万歌星\老子有钱.txt
2020-05-22 15:47:38 [root] INFO: Song:Hip-hop没有派对 (Live) crawled
2020-05-22 15:47:47 [root] INFO: Song:Hip-hop没有派对 (Live) downloaded to C:\Users\Jven\Desktop\Music\MC HotDog\我是唱作人 第1期\Hip-hop没有派对 (Live).flac
2020-05-22 15:47:47 [root] INFO: Lyrics:Hip-hop没有派对 (Live) downloaded to C:\Users\Jven\Desktop\Music\MC HotDog\我是唱作人 第1期\Hip-hop没有派对 (Live).txt
2020-05-22 15:47:52 [root] INFO: Song:青春舞曲 crawled
2020-05-22 15:48:01 [root] INFO: Song:青春舞曲 downloaded to C:\Users\Jven\Desktop\Music\MC HotDog\中国有嘻哈 第12期\青春舞曲.flac
2020-05-22 15:48:01 [root] INFO: Lyrics:青春舞曲 downloaded to C:\Users\Jven\Desktop\Music\MC HotDog\中国有嘻哈 第12期\青春舞曲.txt
2020-05-22 15:48:02 [root] INFO: Song:改变 crawled
2020-05-22 15:48:09 [root] INFO: Song:改变 downloaded to C:\Users\Jven\Desktop\Music\MC HotDog\废物\改变.flac
2020-05-22 15:48:09 [root] INFO: Lyrics:改变 downloaded to C:\Users\Jven\Desktop\Music\MC HotDog\废物\改变.txt
2020-05-22 15:48:12 [scrapy.extensions.logstats] INFO: Crawled 308 pages (at 12 pages/min), scraped 149 items (at 6 items/min)
2020-05-22 15:48:13 [root] INFO: Song:差不多先生 (Live) crawled
2020-05-22 15:48:16 [root] INFO: Song:差不多先生 (Live) downloaded to C:\Users\Jven\Desktop\Music\MC HotDog\兄弟本色 广州中央车站演唱会\差不多先生 (Live).mp3
2020-05-22 15:48:16 [root] INFO: Lyrics:差不多先生 (Live) downloaded to C:\Users\Jven\Desktop\Music\MC HotDog\兄弟本色 广州中央车站演唱会\差不多先生 (Live).txt
2020-05-22 15:48:17 [root] INFO: Song:嗨嗨人生 crawled
2020-05-22 15:48:22 [root] INFO: Song:嗨嗨人生 downloaded to C:\Users\Jven\Desktop\Music\MC HotDog\我想要的感觉\嗨嗨人生.flac
2020-05-22 15:48:22 [root] INFO: Lyrics:嗨嗨人生 downloaded to C:\Users\Jven\Desktop\Music\MC HotDog\我想要的感觉\嗨嗨人生.txt
2020-05-22 15:48:27 [root] INFO: Song:Hip Hop没有派对 crawled
2020-05-22 15:48:35 [root] INFO: Song:Hip Hop没有派对 downloaded to C:\Users\Jven\Desktop\Music\MC HotDog\Hip Hop没有派对\Hip Hop没有派对.flac
2020-05-22 15:48:35 [root] INFO: Lyrics:Hip Hop没有派对 downloaded to C:\Users\Jven\Desktop\Music\MC HotDog\Hip Hop没有派对\Hip Hop没有派对.txt
2020-05-22 15:48:36 [root] INFO: Song:差不多先生过新年 crawled
2020-05-22 15:48:42 [root] INFO: Song:差不多先生过新年 downloaded to C:\Users\Jven\Desktop\Music\MC HotDog\差不多先生过新年\差不多先生过新年.flac
2020-05-22 15:48:42 [root] INFO: Lyrics:差不多先生过新年 downloaded to C:\Users\Jven\Desktop\Music\MC HotDog\差不多先生过新年\差不多先生过新年.txt
2020-05-22 15:48:47 [root] INFO: Song:嗨嗨人生 crawled
2020-05-22 15:48:53 [root] INFO: Song:嗨嗨人生 downloaded to C:\Users\Jven\Desktop\Music\MC HotDog\贫民百万歌星\嗨嗨人生.flac
2020-05-22 15:48:53 [root] INFO: Lyrics:嗨嗨人生 downloaded to C:\Users\Jven\Desktop\Music\MC HotDog\贫民百万歌星\嗨嗨人生.txt
2020-05-22 15:48:53 [root] INFO: Song:1到10=我和你 crawled
2020-05-22 15:48:57 [root] INFO: Song:1到10=我和你 downloaded to C:\Users\Jven\Desktop\Music\MC HotDog\F One\1到10=我和你.flac
2020-05-22 15:48:57 [root] INFO: Lyrics:1到10=我和你 downloaded to C:\Users\Jven\Desktop\Music\MC HotDog\F One\1到10=我和你.txt
2020-05-22 15:49:03 [root] INFO: Song:怨偶 crawled
2020-05-22 15:49:10 [root] INFO: Song:怨偶 downloaded to C:\Users\Jven\Desktop\Music\MC HotDog\废物\怨偶.flac
2020-05-22 15:49:10 [root] INFO: Lyrics:怨偶 downloaded to C:\Users\Jven\Desktop\Music\MC HotDog\废物\怨偶.txt
2020-05-22 15:49:10 [root] INFO: Song:英雄之火 + 不灭火 crawled
2020-05-22 15:49:24 [root] INFO: Song:英雄之火 + 不灭火 downloaded to C:\Users\Jven\Desktop\Music\MC HotDog\中国新说唱 第13期\英雄之火 + 不灭火.flac
2020-05-22 15:49:24 [root] INFO: Lyrics:英雄之火 + 不灭火 downloaded to C:\Users\Jven\Desktop\Music\MC HotDog\中国新说唱 第13期\英雄之火 + 不灭火.txt
2020-05-22 15:49:24 [scrapy.extensions.logstats] INFO: Crawled 322 pages (at 14 pages/min), scraped 157 items (at 8 items/min)
2020-05-22 15:49:29 [root] INFO: Song:嗨嗨人生 (Live) crawled
2020-05-22 15:49:35 [root] INFO: Song:嗨嗨人生 (Live) downloaded to C:\Users\Jven\Desktop\Music\MC HotDog\中国新说唱 第12期\嗨嗨人生 (Live).flac
2020-05-22 15:49:35 [root] INFO: Lyrics:嗨嗨人生 (Live) downloaded to C:\Users\Jven\Desktop\Music\MC HotDog\中国新说唱 第12期\嗨嗨人生 (Live).txt
2020-05-22 15:49:36 [root] INFO: Song:九局下半 crawled
2020-05-22 15:49:44 [root] INFO: Song:九局下半 downloaded to C:\Users\Jven\Desktop\Music\MC HotDog\九局下半\九局下半.flac
2020-05-22 15:49:44 [root] INFO: Lyrics:九局下半 downloaded to C:\Users\Jven\Desktop\Music\MC HotDog\九局下半\九局下半.txt
2020-05-22 15:49:50 [root] INFO: Song:改变 crawled
2020-05-22 15:49:55 [root] INFO: Song:改变 downloaded to C:\Users\Jven\Desktop\Music\MC HotDog\中国新说唱2019 第9期\改变.mp3
2020-05-22 15:49:55 [root] INFO: Lyrics:改变 downloaded to C:\Users\Jven\Desktop\Music\MC HotDog\中国新说唱2019 第9期\改变.txt
2020-05-22 15:49:55 [root] INFO: Song:Do You Remember crawled
2020-05-22 15:50:00 [root] INFO: Song:Do You Remember downloaded to C:\Users\Jven\Desktop\Music\MC HotDog\Do You Remember\Do You Remember.flac
2020-05-22 15:50:00 [root] INFO: Lyrics:Do You Remember downloaded to C:\Users\Jven\Desktop\Music\MC HotDog\Do You Remember\Do You Remember.txt
2020-05-22 15:50:05 [root] INFO: Song:离开 crawled
2020-05-22 15:50:17 [root] INFO: Song:离开 downloaded to C:\Users\Jven\Desktop\Music\MC HotDog\贫民百万歌星\离开.flac
2020-05-22 15:50:17 [root] INFO: Lyrics:离开 downloaded to C:\Users\Jven\Desktop\Music\MC HotDog\贫民百万歌星\离开.txt
2020-05-22 15:50:17 [scrapy.extensions.logstats] INFO: Crawled 333 pages (at 11 pages/min), scraped 162 items (at 5 items/min)
2020-05-22 15:50:17 [root] INFO: Song:离开 crawled
2020-05-22 15:50:27 [root] INFO: Song:离开 downloaded to C:\Users\Jven\Desktop\Music\MC HotDog\中国新说唱 第4期\离开.flac
2020-05-22 15:50:27 [root] INFO: Lyrics:离开 downloaded to C:\Users\Jven\Desktop\Music\MC HotDog\中国新说唱 第4期\离开.txt
2020-05-22 15:50:32 [root] INFO: Song:差不多先生 (Live) crawled
2020-05-22 15:50:36 [root] INFO: Song:差不多先生 (Live) downloaded to C:\Users\Jven\Desktop\Music\MC HotDog\兄弟本色“日落黑趴”世界巡回演唱会北京站\差不多先生 (Live).mp3
2020-05-22 15:50:36 [root] INFO: Lyrics:差不多先生 (Live) downloaded to C:\Users\Jven\Desktop\Music\MC HotDog\兄弟本色“日落黑趴”世界巡回演唱会北京站\差不多先生 (Live).txt
2020-05-22 15:50:36 [root] INFO: Song:飞太远 crawled
2020-05-22 15:50:46 [root] INFO: Song:飞太远 downloaded to C:\Users\Jven\Desktop\Music\MC HotDog\中国新说唱 第8期\飞太远.flac
2020-05-22 15:50:46 [root] INFO: Lyrics:飞太远 downloaded to C:\Users\Jven\Desktop\Music\MC HotDog\中国新说唱 第8期\飞太远.txt
2020-05-22 15:50:52 [root] INFO: Song:双手插口袋 crawled
2020-05-22 15:50:54 [root] INFO: Song:双手插口袋 downloaded to C:\Users\Jven\Desktop\Music\MC HotDog\中国新说唱2019 第12期\双手插口袋.mp3
2020-05-22 15:50:54 [root] INFO: Lyrics:双手插口袋 downloaded to C:\Users\Jven\Desktop\Music\MC HotDog\中国新说唱2019 第12期\双手插口袋.txt
2020-05-22 15:50:55 [root] INFO: Song:酒干倘卖无 crawled
2020-05-22 15:51:03 [root] INFO: Song:酒干倘卖无 downloaded to C:\Users\Jven\Desktop\Music\MC HotDog\中国有嘻哈 第12期\酒干倘卖无.flac
2020-05-22 15:51:03 [root] INFO: Lyrics:酒干倘卖无 downloaded to C:\Users\Jven\Desktop\Music\MC HotDog\中国有嘻哈 第12期\酒干倘卖无.txt
2020-05-22 15:51:08 [root] INFO: Song:贫民百万歌星 crawled
2020-05-22 15:51:14 [root] INFO: Song:贫民百万歌星 downloaded to C:\Users\Jven\Desktop\Music\MC HotDog\贫民百万歌星\贫民百万歌星.flac
2020-05-22 15:51:14 [root] INFO: Lyrics:贫民百万歌星 downloaded to C:\Users\Jven\Desktop\Music\MC HotDog\贫民百万歌星\贫民百万歌星.txt
2020-05-22 15:51:14 [scrapy.extensions.logstats] INFO: Crawled 345 pages (at 12 pages/min), scraped 168 items (at 6 items/min)
2020-05-22 15:51:15 [root] INFO: Song:轻熟女27 crawled
2020-05-22 15:51:22 [root] INFO: Song:轻熟女27 downloaded to C:\Users\Jven\Desktop\Music\MC HotDog\贫民百万歌星\轻熟女27.flac
2020-05-22 15:51:22 [root] INFO: Lyrics:轻熟女27 downloaded to C:\Users\Jven\Desktop\Music\MC HotDog\贫民百万歌星\轻熟女27.txt
2020-05-22 15:51:27 [root] INFO: Song:Easy Come Easy Go crawled
2020-05-22 15:51:32 [root] INFO: Song:Easy Come Easy Go downloaded to C:\Users\Jven\Desktop\Music\MC HotDog\天使与魔鬼的对话\Easy Come Easy Go.flac
2020-05-22 15:51:32 [root] INFO: Lyrics:Easy Come Easy Go downloaded to C:\Users\Jven\Desktop\Music\MC HotDog\天使与魔鬼的对话\Easy Come Easy Go.txt
2020-05-22 15:51:32 [root] INFO: Song:Do You Remember crawled
2020-05-22 15:51:35 [root] INFO: Song:Do You Remember downloaded to C:\Users\Jven\Desktop\Music\MC HotDog\中国新说唱2019 第6期\Do You Remember.mp3
2020-05-22 15:51:35 [root] INFO: Lyrics:Do You Remember downloaded to C:\Users\Jven\Desktop\Music\MC HotDog\中国新说唱2019 第6期\Do You Remember.txt
2020-05-22 15:51:40 [root] INFO: Song:就让这首歌 crawled
2020-05-22 15:51:46 [root] INFO: Song:就让这首歌 downloaded to C:\Users\Jven\Desktop\Music\MC HotDog\OK\就让这首歌.flac
2020-05-22 15:51:46 [root] INFO: Lyrics:就让这首歌 downloaded to C:\Users\Jven\Desktop\Music\MC HotDog\OK\就让这首歌.txt
2020-05-22 15:51:47 [root] INFO: Song:加油 crawled
2020-05-22 15:51:52 [root] INFO: Song:加油 downloaded to C:\Users\Jven\Desktop\Music\MC HotDog\100天\加油.flac
2020-05-22 15:51:52 [root] INFO: Lyrics:加油 downloaded to C:\Users\Jven\Desktop\Music\MC HotDog\100天\加油.txt
2020-05-22 15:51:58 [root] INFO: Song:再见Hip-Hop crawled
2020-05-22 15:52:07 [root] INFO: Song:再见Hip-Hop downloaded to C:\Users\Jven\Desktop\Music\MC HotDog\再见Hip-Hop\再见Hip-Hop.flac
2020-05-22 15:52:07 [root] INFO: Lyrics:再见Hip-Hop downloaded to C:\Users\Jven\Desktop\Music\MC HotDog\再见Hip-Hop\再见Hip-Hop.txt
2020-05-22 15:52:07 [root] INFO: Song:思念是一种病 crawled
2020-05-22 15:52:10 [root] INFO: Song:思念是一种病 downloaded to C:\Users\Jven\Desktop\Music\MC HotDog\中国新说唱2019 第10期\思念是一种病.mp3
2020-05-22 15:52:10 [root] INFO: Lyrics:思念是一种病 downloaded to C:\Users\Jven\Desktop\Music\MC HotDog\中国新说唱2019 第10期\思念是一种病.txt
2020-05-22 15:52:12 [scrapy.extensions.logstats] INFO: Crawled 359 pages (at 14 pages/min), scraped 175 items (at 7 items/min)
2020-05-22 15:52:15 [root] INFO: Song:五环之歌 crawled
2020-05-22 15:52:26 [root] INFO: Song:五环之歌 downloaded to C:\Users\Jven\Desktop\Music\MC HotDog\五环之歌.flac
2020-05-22 15:52:26 [root] INFO: Lyrics:五环之歌 already exists at C:\Users\Jven\Desktop\Music\MC HotDog\五环之歌.txt
2020-05-22 15:52:26 [root] INFO: Song:MyWay crawled
2020-05-22 15:52:45 [root] INFO: Song:MyWay downloaded to C:\Users\Jven\Desktop\Music\MC HotDog\中国新说唱2019 第1期\MyWay.flac
2020-05-22 15:52:45 [root] INFO: Lyrics:MyWay downloaded to C:\Users\Jven\Desktop\Music\MC HotDog\中国新说唱2019 第1期\MyWay.txt
2020-05-22 15:52:50 [root] INFO: Song:凡人歌 crawled
2020-05-22 15:53:00 [root] INFO: Song:凡人歌 downloaded to C:\Users\Jven\Desktop\Music\MC HotDog\中国有嘻哈 第9期\凡人歌.flac
2020-05-22 15:53:00 [root] INFO: Lyrics:凡人歌 downloaded to C:\Users\Jven\Desktop\Music\MC HotDog\中国有嘻哈 第9期\凡人歌.txt
2020-05-22 15:53:01 [root] INFO: Song:差不多先生 crawled
2020-05-22 15:53:18 [root] INFO: Song:差不多先生 downloaded to C:\Users\Jven\Desktop\Music\MC HotDog\中国有嘻哈 第5期\差不多先生.flac
2020-05-22 15:53:18 [root] INFO: Lyrics:差不多先生 downloaded to C:\Users\Jven\Desktop\Music\MC HotDog\中国有嘻哈 第5期\差不多先生.txt
2020-05-22 15:53:18 [scrapy.extensions.logstats] INFO: Crawled 366 pages (at 7 pages/min), scraped 179 items (at 4 items/min)
2020-05-22 15:53:18 [scrapy.core.engine] INFO: Closing spider (finished)
2020-05-22 15:53:18 [scrapy.statscollectors] INFO: Dumping Scrapy stats:
{'downloader/request_bytes': 360029,
 'downloader/request_count': 368,
 'downloader/request_method_count/GET': 188,
 'downloader/request_method_count/POST': 180,
 'downloader/response_bytes': 2158493,
 'downloader/response_count': 368,
 'downloader/response_status_count/200': 366,
 'downloader/response_status_count/302': 2,
 'elapsed_time_seconds': 1746.550383,
 'finish_reason': 'finished',
 'finish_time': datetime.datetime(2020, 5, 22, 7, 53, 18, 767349),
 'item_scraped_count': 179,
 'log_count/INFO': 565,
 'request_depth_max': 9,
 'response_received_count': 366,
 'scheduler/dequeued': 368,
 'scheduler/dequeued/memory': 368,
 'scheduler/enqueued': 368,
 'scheduler/enqueued/memory': 368,
 'start_time': datetime.datetime(2020, 5, 22, 7, 24, 12, 216966)}
2020-05-22 15:53:18 [scrapy.core.engine] INFO: Spider closed (finished)
