2020-05-17 19:12:27 [scrapy.utils.log] INFO: Scrapy 2.0.1 started (bot: flac91)
2020-05-17 19:12:27 [scrapy.utils.log] INFO: Versions: lxml 4.5.0.0, libxml2 2.9.5, cssselect 1.1.0, parsel 1.5.2, w3lib 1.21.0, Twisted 20.3.0, Python 3.6.2 |Continuum Analytics, Inc.| (default, Jul 20 2017, 12:30:02) [MSC v.1900 64 bit (AMD64)], pyOpenSSL 19.1.0 (OpenSSL 1.1.1f  31 Mar 2020), cryptography 2.9, Platform Windows-10-10.0.18362-SP0
2020-05-17 19:12:27 [scrapy.crawler] INFO: Overridden settings:
{'BOT_NAME': 'flac91',
 'CONCURRENT_REQUESTS': 1,
 'DOWNLOAD_DELAY': 10,
 'LOG_FILE': 'spider.log',
 'LOG_LEVEL': 'INFO',
 'NEWSPIDER_MODULE': 'flac91.spiders',
 'SPIDER_MODULES': ['flac91.spiders']}
2020-05-17 19:12:27 [scrapy.extensions.telnet] INFO: Telnet Password: 66f38668c745dedd
2020-05-17 19:12:27 [scrapy.middleware] INFO: Enabled extensions:
['scrapy.extensions.corestats.CoreStats',
 'scrapy.extensions.telnet.TelnetConsole',
 'scrapy.extensions.logstats.LogStats']
2020-05-17 19:12:27 [scrapy.middleware] INFO: Enabled downloader middlewares:
['scrapy.downloadermiddlewares.httpauth.HttpAuthMiddleware',
 'scrapy.downloadermiddlewares.downloadtimeout.DownloadTimeoutMiddleware',
 'scrapy.downloadermiddlewares.defaultheaders.DefaultHeadersMiddleware',
 'scrapy.downloadermiddlewares.useragent.UserAgentMiddleware',
 'scrapy.downloadermiddlewares.retry.RetryMiddleware',
 'scrapy.downloadermiddlewares.redirect.MetaRefreshMiddleware',
 'scrapy.downloadermiddlewares.httpcompression.HttpCompressionMiddleware',
 'scrapy.downloadermiddlewares.redirect.RedirectMiddleware',
 'scrapy.downloadermiddlewares.cookies.CookiesMiddleware',
 'scrapy.downloadermiddlewares.httpproxy.HttpProxyMiddleware',
 'scrapy.downloadermiddlewares.stats.DownloaderStats']
2020-05-17 19:12:27 [scrapy.middleware] INFO: Enabled spider middlewares:
['scrapy.spidermiddlewares.httperror.HttpErrorMiddleware',
 'scrapy.spidermiddlewares.offsite.OffsiteMiddleware',
 'scrapy.spidermiddlewares.referer.RefererMiddleware',
 'scrapy.spidermiddlewares.urllength.UrlLengthMiddleware',
 'scrapy.spidermiddlewares.depth.DepthMiddleware']
2020-05-17 19:12:28 [scrapy.middleware] INFO: Enabled item pipelines:
['flac91.pipelines.DownloadPipeline']
2020-05-17 19:12:28 [scrapy.core.engine] INFO: Spider opened
2020-05-17 19:12:28 [scrapy.extensions.logstats] INFO: Crawled 0 pages (at 0 pages/min), scraped 0 items (at 0 items/min)
2020-05-17 19:12:28 [scrapy.extensions.telnet] INFO: Telnet console listening on 127.0.0.1:6023
2020-05-17 19:12:28 [root] INFO: start_requests
2020-05-17 19:12:28 [root] INFO: post user form
2020-05-17 19:12:59 [root] INFO: login succeed
2020-05-17 19:13:13 [root] INFO: crawling https://www.91flac.com/singer/120734/song
2020-05-17 19:13:28 [scrapy.extensions.logstats] INFO: Crawled 4 pages (at 4 pages/min), scraped 0 items (at 0 items/min)
2020-05-17 19:13:34 [root] INFO: crawling https://www.91flac.com/singer/120734/song?page=2
2020-05-17 19:13:44 [root] INFO: Song:Home crawled
2020-05-17 19:13:48 [root] INFO: Song:Home downloaded to C:\Users\Jven\Desktop\Music\aurora\All My Demons Greeting Me as a Friend (Deluxe) (所有的恶魔都像朋友般问候我（豪华版）)\Home.mp3
2020-05-17 19:13:48 [root] INFO: Lyrics:Home downloaded to C:\Users\Jven\Desktop\Music\aurora\All My Demons Greeting Me as a Friend (Deluxe) (所有的恶魔都像朋友般问候我（豪华版）)\Home.txt
2020-05-17 19:13:59 [root] INFO: crawling https://www.91flac.com/singer/120734/song?page=3
2020-05-17 19:14:24 [root] INFO: crawling https://www.91flac.com/singer/120734/song?page=4
2020-05-17 19:14:28 [scrapy.extensions.logstats] INFO: Crawled 9 pages (at 5 pages/min), scraped 1 items (at 1 items/min)
2020-05-17 19:14:39 [root] INFO: Song:Infections Of A Different Kind crawled
2020-05-17 19:14:43 [root] INFO: Song:Infections Of A Different Kind downloaded to C:\Users\Jven\Desktop\Music\aurora\Infections Of A Different Kind – Step 1\Infections Of A Different Kind.mp3
2020-05-17 19:14:43 [root] INFO: Lyrics:Infections Of A Different Kind downloaded to C:\Users\Jven\Desktop\Music\aurora\Infections Of A Different Kind – Step 1\Infections Of A Different Kind.txt
2020-05-17 19:15:12 [root] INFO: Song:Ghettoblastertelevision crawled
2020-05-17 19:15:15 [root] INFO: Song:Ghettoblastertelevision downloaded to C:\Users\Jven\Desktop\Music\aurora\Die Already\Ghettoblastertelevision.mp3
2020-05-17 19:15:26 [root] INFO: Song:Queendom crawled
2020-05-17 19:15:31 [root] INFO: Song:Queendom downloaded to C:\Users\Jven\Desktop\Music\aurora\Queendom (Remixes)\Queendom.mp3
2020-05-17 19:15:31 [root] INFO: Lyrics:Queendom downloaded to C:\Users\Jven\Desktop\Music\aurora\Queendom (Remixes)\Queendom.txt
2020-05-17 19:15:31 [scrapy.extensions.logstats] INFO: Crawled 14 pages (at 5 pages/min), scraped 4 items (at 3 items/min)
2020-05-17 19:16:07 [root] INFO: Song:Home (feat. AURORA) crawled
2020-05-17 19:16:11 [root] INFO: Song:Home (feat. AURORA) downloaded to C:\Users\Jven\Desktop\Music\aurora\Deep House Relax\Home (feat. AURORA).mp3
2020-05-17 19:16:19 [root] INFO: Song:Murder Song(5, 4, 3, 2, 1) crawled
2020-05-17 19:16:21 [root] INFO: Song:Murder Song(5, 4, 3, 2, 1) downloaded to C:\Users\Jven\Desktop\Music\aurora\All My Demons Greeting Me As A Friend\Murder Song(5, 4, 3, 2, 1).mp3
2020-05-17 19:16:28 [scrapy.extensions.logstats] INFO: Crawled 18 pages (at 4 pages/min), scraped 6 items (at 2 items/min)
2020-05-17 19:16:59 [root] INFO: Song:Sad Day crawled
2020-05-17 19:17:03 [root] INFO: Song:Sad Day downloaded to C:\Users\Jven\Desktop\Music\aurora\Sad Day.mp3
2020-05-17 19:17:03 [root] INFO: Lyrics:Sad Day downloaded to C:\Users\Jven\Desktop\Music\aurora\Sad Day.txt
2020-05-17 19:17:10 [root] INFO: Song:Queendom crawled
2020-05-17 19:17:14 [root] INFO: Song:Queendom downloaded to C:\Users\Jven\Desktop\Music\aurora\Queendom (Remixes)\Queendom.mp3
2020-05-17 19:17:14 [root] INFO: Lyrics:Queendom downloaded to C:\Users\Jven\Desktop\Music\aurora\Queendom (Remixes)\Queendom.txt
2020-05-17 19:17:28 [scrapy.extensions.logstats] INFO: Crawled 23 pages (at 5 pages/min), scraped 8 items (at 2 items/min)
2020-05-17 19:17:52 [root] INFO: Song:Queendom crawled
2020-05-17 19:17:57 [root] INFO: Song:Queendom downloaded to C:\Users\Jven\Desktop\Music\aurora\Queendom (Remixes)\Queendom.mp3
2020-05-17 19:17:57 [root] INFO: Lyrics:Queendom downloaded to C:\Users\Jven\Desktop\Music\aurora\Queendom (Remixes)\Queendom.txt
2020-05-17 19:18:06 [root] INFO: Song:Forgotten Love crawled
2020-05-17 19:18:10 [root] INFO: Song:Forgotten Love downloaded to C:\Users\Jven\Desktop\Music\aurora\Forgotten Love (Claptone Remix)\Forgotten Love.mp3
2020-05-17 19:18:10 [root] INFO: Lyrics:Forgotten Love downloaded to C:\Users\Jven\Desktop\Music\aurora\Forgotten Love (Claptone Remix)\Forgotten Love.txt
2020-05-17 19:18:28 [scrapy.extensions.logstats] INFO: Crawled 27 pages (at 4 pages/min), scraped 10 items (at 2 items/min)
2020-05-17 19:18:46 [root] INFO: Song:Daydreamer crawled
2020-05-17 19:18:49 [root] INFO: Song:Daydreamer downloaded to C:\Users\Jven\Desktop\Music\aurora\Daydreamer (KDA London Dub)\Daydreamer.mp3
2020-05-17 19:18:49 [root] INFO: Lyrics:Daydreamer downloaded to C:\Users\Jven\Desktop\Music\aurora\Daydreamer (KDA London Dub)\Daydreamer.txt
2020-05-17 19:18:55 [root] INFO: Song:“Nơi Hư Vô Lạc Lối crawled
2020-05-17 19:18:57 [root] INFO: Song:“Nơi Hư Vô Lạc Lối downloaded to C:\Users\Jven\Desktop\Music\aurora\Nữ Hoàng Băng Giá II (Vietnamese Original Motion Picture SoundtrackDeluxe Edition)\“Nơi Hư Vô Lạc Lối.mp3
2020-05-17 19:18:57 [root] INFO: Lyrics:“Nơi Hư Vô Lạc Lối downloaded to C:\Users\Jven\Desktop\Music\aurora\Nữ Hoàng Băng Giá II (Vietnamese Original Motion Picture SoundtrackDeluxe Edition)\“Nơi Hư Vô Lạc Lối.txt
2020-05-17 19:19:28 [scrapy.extensions.logstats] INFO: Crawled 32 pages (at 5 pages/min), scraped 12 items (at 2 items/min)
2020-05-17 19:19:32 [root] INFO: Song:The Seed crawled
2020-05-17 19:19:37 [root] INFO: Song:The Seed downloaded to C:\Users\Jven\Desktop\Music\aurora\空\The Seed.mp3
2020-05-17 19:19:37 [root] INFO: Lyrics:The Seed downloaded to C:\Users\Jven\Desktop\Music\aurora\空\The Seed.txt
2020-05-17 19:19:40 [root] INFO: Song:Izhukkum Maayoll crawled
2020-05-17 19:19:42 [root] INFO: Song:Izhukkum Maayoll downloaded to C:\Users\Jven\Desktop\Music\aurora\Frozen 2 (Tamil Original Motion Picture SoundtrackDeluxe Edition) (冰雪奇缘2 印度泰米尔版电影原声带)\Izhukkum Maayoll.mp3
2020-05-17 19:20:07 [root] INFO: Song:Tuntemattomaan crawled
2020-05-17 19:20:10 [root] INFO: Song:Tuntemattomaan downloaded to C:\Users\Jven\Desktop\Music\aurora\Frozen 2 (Alkuperäinen Suomalainen SoundtrackDeluxe Edition) (冰雪奇缘2 芬兰版电影原声带)\Tuntemattomaan.mp3
2020-05-17 19:20:18 [root] INFO: Song:Summer Son (Aurora Club Mix) crawled
2020-05-17 19:20:23 [root] INFO: Song:Summer Son (Aurora Club Mix) downloaded to C:\Users\Jven\Desktop\Music\aurora\Summer Son (Aurora Club Mix).mp3
2020-05-17 19:20:23 [root] INFO: Lyrics:Summer Son (Aurora Club Mix) downloaded to C:\Users\Jven\Desktop\Music\aurora\Summer Son (Aurora Club Mix).txt
2020-05-17 19:20:28 [scrapy.extensions.logstats] INFO: Crawled 38 pages (at 6 pages/min), scraped 16 items (at 4 items/min)
2020-05-17 19:20:52 [root] INFO: Song:Minha Intuição crawled
2020-05-17 19:20:54 [root] INFO: Song:Minha Intuição downloaded to C:\Users\Jven\Desktop\Music\aurora\Frozen 2 (Trilha Sonora Original em PortuguêsEdição Deluxe) (冰雪奇缘2 葡萄牙版电影原声带（豪华版）)\Minha Intuição.mp3
2020-05-17 19:20:54 [root] INFO: Lyrics:Minha Intuição downloaded to C:\Users\Jven\Desktop\Music\aurora\Frozen 2 (Trilha Sonora Original em PortuguêsEdição Deluxe) (冰雪奇缘2 葡萄牙版电影原声带（豪华版）)\Minha Intuição.txt
2020-05-17 19:21:04 [root] INFO: Song:I'll Be Waiting crawled
2020-05-17 19:21:11 [root] INFO: Song:I'll Be Waiting downloaded to C:\Users\Jven\Desktop\Music\aurora\I'll Be Waiting.flac
2020-05-17 19:21:11 [root] INFO: Lyrics:I'll Be Waiting downloaded to C:\Users\Jven\Desktop\Music\aurora\I'll Be Waiting.txt
2020-05-17 19:21:28 [scrapy.extensions.logstats] INFO: Crawled 43 pages (at 5 pages/min), scraped 18 items (at 2 items/min)
2020-05-17 19:21:46 [root] INFO: Song:Anjaan jahaan crawled
2020-05-17 19:21:49 [root] INFO: Song:Anjaan jahaan downloaded to C:\Users\Jven\Desktop\Music\aurora\Frozen 2 (Hindi Original Motion Picture SoundtrackDeluxe Edition)\Anjaan jahaan.mp3
2020-05-17 19:21:49 [root] INFO: Lyrics:Anjaan jahaan downloaded to C:\Users\Jven\Desktop\Music\aurora\Frozen 2 (Hindi Original Motion Picture SoundtrackDeluxe Edition)\Anjaan jahaan.txt
2020-05-17 19:22:02 [root] INFO: Song:Queendom crawled
2020-05-17 19:22:04 [root] INFO: Song:Queendom downloaded to C:\Users\Jven\Desktop\Music\aurora\Queendom (Harp Version)\Queendom.mp3
2020-05-17 19:22:04 [root] INFO: Lyrics:Queendom downloaded to C:\Users\Jven\Desktop\Music\aurora\Queendom (Harp Version)\Queendom.txt
2020-05-17 19:22:28 [scrapy.extensions.logstats] INFO: Crawled 47 pages (at 4 pages/min), scraped 20 items (at 2 items/min)
2020-05-17 19:22:43 [root] INFO: Song:Chcę uwierzyć snom crawled
2020-05-17 19:22:46 [root] INFO: Song:Chcę uwierzyć snom downloaded to C:\Users\Jven\Desktop\Music\aurora\Kraina lodu 2 (Muzyka z filmuEdycja Deluxe)\Chcę uwierzyć snom.mp3
2020-05-17 19:22:46 [root] INFO: Lyrics:Chcę uwierzyć snom downloaded to C:\Users\Jven\Desktop\Music\aurora\Kraina lodu 2 (Muzyka z filmuEdycja Deluxe)\Chcę uwierzyć snom.txt
2020-05-17 19:22:53 [root] INFO: Song:Summer Son (Extended Mix) crawled
2020-05-17 19:22:57 [root] INFO: Song:Summer Son (Extended Mix) downloaded to C:\Users\Jven\Desktop\Music\aurora\Summer Son (Extended Mix).mp3
2020-05-17 19:22:57 [root] INFO: Lyrics:Summer Son (Extended Mix) downloaded to C:\Users\Jven\Desktop\Music\aurora\Summer Son (Extended Mix).txt
2020-05-17 19:23:28 [scrapy.extensions.logstats] INFO: Crawled 52 pages (at 5 pages/min), scraped 22 items (at 2 items/min)
2020-05-17 19:23:36 [root] INFO: Song:The River crawled
2020-05-17 19:23:39 [root] INFO: Song:The River downloaded to C:\Users\Jven\Desktop\Music\aurora\The River (Askjell Remix)\The River.mp3
2020-05-17 19:23:39 [root] INFO: Lyrics:The River downloaded to C:\Users\Jven\Desktop\Music\aurora\The River (Askjell Remix)\The River.txt
2020-05-17 19:23:48 [root] INFO: Song:Een onbekend oord crawled
2020-05-17 19:23:54 [root] INFO: Song:Een onbekend oord downloaded to C:\Users\Jven\Desktop\Music\aurora\Frozen 2 (Originele Nederlandstalige SoundtrackDeluxe Edition) (冰雪奇缘2 荷兰版电影原声带（豪华版）)\Een onbekend oord.mp3
2020-05-17 19:23:54 [root] INFO: Lyrics:Een onbekend oord downloaded to C:\Users\Jven\Desktop\Music\aurora\Frozen 2 (Originele Nederlandstalige SoundtrackDeluxe Edition) (冰雪奇缘2 荷兰版电影原声带（豪华版）)\Een onbekend oord.txt
2020-05-17 19:24:27 [root] INFO: Song:Ud i ukendt land crawled
2020-05-17 19:24:29 [root] INFO: Song:Ud i ukendt land downloaded to C:\Users\Jven\Desktop\Music\aurora\Frost 2 (Originalt Dansk SoundtrackDeluxe Edition) (冰雪奇缘2 丹麦版电影原声带)\Ud i ukendt land.mp3
2020-05-17 19:24:29 [scrapy.extensions.logstats] INFO: Crawled 57 pages (at 5 pages/min), scraped 25 items (at 3 items/min)
2020-05-17 19:24:38 [root] INFO: Song:We Apologise For Nothing crawled
2020-05-17 19:24:41 [root] INFO: Song:We Apologise For Nothing downloaded to C:\Users\Jven\Desktop\Music\aurora\We Apologise For Nothing.mp3
2020-05-17 19:24:41 [root] INFO: Lyrics:We Apologise For Nothing downloaded to C:\Users\Jven\Desktop\Music\aurora\We Apologise For Nothing.txt
2020-05-17 19:25:16 [root] INFO: Song:Nee maaya val lo crawled
2020-05-17 19:25:19 [root] INFO: Song:Nee maaya val lo downloaded to C:\Users\Jven\Desktop\Music\aurora\Frozen 2 (Telugu Original Motion Picture SoundtrackDeluxe Edition)\Nee maaya val lo.mp3
2020-05-17 19:25:28 [scrapy.extensions.logstats] INFO: Crawled 61 pages (at 4 pages/min), scraped 27 items (at 2 items/min)
2020-05-17 19:25:30 [root] INFO: Song:I Want Your Love (Soulcast UK Radio Mix) crawled
2020-05-17 19:25:31 [root] INFO: Song:I Want Your Love (Soulcast UK Radio Mix) downloaded to C:\Users\Jven\Desktop\Music\aurora\I Want Your Love (Soulcast UK Radio Mix).mp3
2020-05-17 19:25:31 [root] INFO: Lyrics:I Want Your Love (Soulcast UK Radio Mix) downloaded to C:\Users\Jven\Desktop\Music\aurora\I Want Your Love (Soulcast UK Radio Mix).txt
2020-05-17 19:26:07 [root] INFO: Song:Muito Mais Além crawled
2020-05-17 19:26:10 [root] INFO: Song:Muito Mais Além downloaded to C:\Users\Jven\Desktop\Music\aurora\Frozen 2 O Reino do Gelo (Banda Sonora Original em PortuguêsDeluxe Edition)\Muito Mais Além.mp3
2020-05-17 19:26:10 [root] INFO: Lyrics:Muito Mais Além downloaded to C:\Users\Jven\Desktop\Music\aurora\Frozen 2 O Reino do Gelo (Banda Sonora Original em PortuguêsDeluxe Edition)\Muito Mais Além.txt
2020-05-17 19:26:18 [root] INFO: Song:Lay Down (Radio Edit) crawled
2020-05-17 19:26:21 [root] INFO: Song:Lay Down (Radio Edit) downloaded to C:\Users\Jven\Desktop\Music\aurora\Lay Down (Radio Edit).mp3
2020-05-17 19:26:21 [root] INFO: Lyrics:Lay Down (Radio Edit) downloaded to C:\Users\Jven\Desktop\Music\aurora\Lay Down (Radio Edit).txt
2020-05-17 19:26:28 [scrapy.extensions.logstats] INFO: Crawled 66 pages (at 5 pages/min), scraped 30 items (at 3 items/min)
2020-05-17 19:27:00 [root] INFO: Song:Belgisizdikke crawled
2020-05-17 19:27:02 [root] INFO: Song:Belgisizdikke downloaded to C:\Users\Jven\Desktop\Music\aurora\Frozen 2 (Kazakh Original Motion Picture SoundtrackDeluxe Edition) (Музды Oлке 2(Оригинальный саундтрек  Казахская версия  Делюкс версия))\Belgisizdikke.mp3
2020-05-17 19:27:14 [root] INFO: Song:Sunday Driver crawled
2020-05-17 19:27:20 [root] INFO: Song:Sunday Driver downloaded to C:\Users\Jven\Desktop\Music\aurora\Sunday Driver.flac
2020-05-17 19:27:28 [scrapy.extensions.logstats] INFO: Crawled 71 pages (at 5 pages/min), scraped 32 items (at 2 items/min)
2020-05-17 19:27:50 [root] INFO: Song:Murder Song (5, 4, 3, 2, 1) crawled
2020-05-17 19:27:53 [root] INFO: Song:Murder Song (5, 4, 3, 2, 1) downloaded to C:\Users\Jven\Desktop\Music\aurora\All My Demons Greeting Me as a Friend (Deluxe) (所有的恶魔都像朋友般问候我（豪华版）)\Murder Song (5, 4, 3, 2, 1).flac
2020-05-17 19:27:53 [root] INFO: Lyrics:Murder Song (5, 4, 3, 2, 1) downloaded to C:\Users\Jven\Desktop\Music\aurora\All My Demons Greeting Me as a Friend (Deluxe) (所有的恶魔都像朋友般问候我（豪华版）)\Murder Song (5, 4, 3, 2, 1).txt
2020-05-17 19:28:04 [root] INFO: Song:Scent Of The Obscene crawled
2020-05-17 19:28:15 [root] INFO: Song:Scent Of The Obscene downloaded to C:\Users\Jven\Desktop\Music\aurora\Scent Of The Obscene.flac
2020-05-17 19:28:15 [root] INFO: Lyrics:Scent Of The Obscene downloaded to C:\Users\Jven\Desktop\Music\aurora\Scent Of The Obscene.txt
2020-05-17 19:28:28 [scrapy.extensions.logstats] INFO: Crawled 75 pages (at 4 pages/min), scraped 34 items (at 2 items/min)
2020-05-17 19:28:40 [root] INFO: Song:To Be Loved crawled
2020-05-17 19:28:43 [root] INFO: Song:To Be Loved downloaded to C:\Users\Jven\Desktop\Music\aurora\To Be Loved\To Be Loved.mp3
2020-05-17 19:28:43 [root] INFO: Lyrics:To Be Loved downloaded to C:\Users\Jven\Desktop\Music\aurora\To Be Loved\To Be Loved.txt
2020-05-17 19:28:54 [root] INFO: Song:Follow Me (Radio Edit) crawled
2020-05-17 19:28:57 [root] INFO: Song:Follow Me (Radio Edit) downloaded to C:\Users\Jven\Desktop\Music\aurora\Follow Me (Radio Edit).mp3
2020-05-17 19:28:57 [root] INFO: Lyrics:Follow Me (Radio Edit) downloaded to C:\Users\Jven\Desktop\Music\aurora\Follow Me (Radio Edit).txt
2020-05-17 19:29:28 [scrapy.extensions.logstats] INFO: Crawled 80 pages (at 5 pages/min), scraped 36 items (at 2 items/min)
2020-05-17 19:29:29 [root] INFO: Song:Mucho más allá crawled
2020-05-17 19:29:32 [root] INFO: Song:Mucho más allá downloaded to C:\Users\Jven\Desktop\Music\aurora\Frozen 2 (Banda Sonora Original en CastellanoDeluxe Edition) (冰雪奇缘2 西班牙版电影原声带（豪华版）)\Mucho más allá.mp3
2020-05-17 19:29:32 [root] INFO: Lyrics:Mucho más allá downloaded to C:\Users\Jven\Desktop\Music\aurora\Frozen 2 (Banda Sonora Original en CastellanoDeluxe Edition) (冰雪奇缘2 西班牙版电影原声带（豪华版）)\Mucho más allá.txt
2020-05-17 19:29:43 [root] INFO: Song:Summer Son (Killaz Automatic Vocal Mix) crawled
2020-05-17 19:29:45 [root] INFO: Song:Summer Son (Killaz Automatic Vocal Mix) downloaded to C:\Users\Jven\Desktop\Music\aurora\Summer Son (Killaz Automatic Vocal Mix).mp3
2020-05-17 19:29:45 [root] INFO: Lyrics:Summer Son (Killaz Automatic Vocal Mix) downloaded to C:\Users\Jven\Desktop\Music\aurora\Summer Son (Killaz Automatic Vocal Mix).txt
2020-05-17 19:30:21 [root] INFO: Song:I ukjent land crawled
2020-05-17 19:30:24 [root] INFO: Song:I ukjent land downloaded to C:\Users\Jven\Desktop\Music\aurora\Frost 2 (Originalt Norsk SoundtrackDeluxe Edition) (冰雪奇缘2 挪威版电影原声带)\I ukjent land.mp3
2020-05-17 19:30:24 [root] INFO: Lyrics:I ukjent land downloaded to C:\Users\Jven\Desktop\Music\aurora\Frost 2 (Originalt Norsk SoundtrackDeluxe Edition) (冰雪奇缘2 挪威版电影原声带)\I ukjent land.txt
2020-05-17 19:30:28 [scrapy.extensions.logstats] INFO: Crawled 85 pages (at 5 pages/min), scraped 39 items (at 3 items/min)
2020-05-17 19:30:32 [root] INFO: Song:Heavy Transit (Radio Edit) crawled
2020-05-17 19:30:45 [root] INFO: Song:Heavy Transit (Radio Edit) downloaded to C:\Users\Jven\Desktop\Music\aurora\Heavy Transit (Radio Edit).flac
2020-05-17 19:31:12 [root] INFO: Song:Into the Unknown crawled
2020-05-17 19:31:14 [root] INFO: Song:Into the Unknown downloaded to C:\Users\Jven\Desktop\Music\aurora\Frozen 2 (Thai Original Motion Picture SoundtrackDeluxe Edition)\Into the Unknown.mp3
2020-05-17 19:31:14 [root] INFO: Lyrics:Into the Unknown downloaded to C:\Users\Jven\Desktop\Music\aurora\Frozen 2 (Thai Original Motion Picture SoundtrackDeluxe Edition)\Into the Unknown.txt
2020-05-17 19:31:22 [root] INFO: Song:Hypnotic Erotic Games (Radio Edit) crawled
2020-05-17 19:31:29 [root] INFO: Song:Hypnotic Erotic Games (Radio Edit) downloaded to C:\Users\Jven\Desktop\Music\aurora\Hypnotic Erotic Games (Radio Edit).flac
2020-05-17 19:31:29 [root] INFO: Lyrics:Hypnotic Erotic Games (Radio Edit) downloaded to C:\Users\Jven\Desktop\Music\aurora\Hypnotic Erotic Games (Radio Edit).txt
2020-05-17 19:31:29 [scrapy.extensions.logstats] INFO: Crawled 90 pages (at 5 pages/min), scraped 42 items (at 3 items/min)
2020-05-17 19:32:02 [root] INFO: Song:Running with the Wolves crawled
2020-05-17 19:32:06 [root] INFO: Song:Running with the Wolves downloaded to C:\Users\Jven\Desktop\Music\aurora\All My Demons Greeting Me as a Friend (Deluxe) (所有的恶魔都像朋友般问候我（豪华版）)\Running with the Wolves.flac
2020-05-17 19:32:06 [root] INFO: Lyrics:Running with the Wolves downloaded to C:\Users\Jven\Desktop\Music\aurora\All My Demons Greeting Me as a Friend (Deluxe) (所有的恶魔都像朋友般问候我（豪华版）)\Running with the Wolves.txt
2020-05-17 19:32:15 [root] INFO: Song:Love Is Here To Stay crawled
2020-05-17 19:32:17 [root] INFO: Song:Love Is Here To Stay downloaded to C:\Users\Jven\Desktop\Music\aurora\Love Is Here To Stay.mp3
2020-05-17 19:32:17 [root] INFO: Lyrics:Love Is Here To Stay downloaded to C:\Users\Jven\Desktop\Music\aurora\Love Is Here To Stay.txt
2020-05-17 19:32:28 [scrapy.extensions.logstats] INFO: Crawled 95 pages (at 5 pages/min), scraped 44 items (at 2 items/min)
2020-05-17 19:32:48 [root] INFO: Song:Nell'ignoto crawled
2020-05-17 19:32:51 [root] INFO: Song:Nell'ignoto downloaded to C:\Users\Jven\Desktop\Music\aurora\Frozen 2 Il segreto di Arendelle (Colonna Sonora OriginaleDeluxe Edition)\Nell'ignoto.mp3
2020-05-17 19:32:51 [root] INFO: Lyrics:Nell'ignoto downloaded to C:\Users\Jven\Desktop\Music\aurora\Frozen 2 Il segreto di Arendelle (Colonna Sonora OriginaleDeluxe Edition)\Nell'ignoto.txt
2020-05-17 19:33:00 [root] INFO: Song:Summer Son (Radio Edit) crawled
2020-05-17 19:33:05 [root] INFO: Song:Summer Son (Radio Edit) downloaded to C:\Users\Jven\Desktop\Music\aurora\Summer Son (Radio Edit).flac
2020-05-17 19:33:05 [root] INFO: Lyrics:Summer Son (Radio Edit) downloaded to C:\Users\Jven\Desktop\Music\aurora\Summer Son (Radio Edit).txt
2020-05-17 19:33:28 [scrapy.extensions.logstats] INFO: Crawled 100 pages (at 5 pages/min), scraped 46 items (at 2 items/min)
2020-05-17 19:33:40 [root] INFO: Song:In Boxes crawled
2020-05-17 19:33:43 [root] INFO: Song:In Boxes downloaded to C:\Users\Jven\Desktop\Music\aurora\Running With the Wolves (与狼共舞)\In Boxes.mp3
2020-05-17 19:33:43 [root] INFO: Lyrics:In Boxes downloaded to C:\Users\Jven\Desktop\Music\aurora\Running With the Wolves (与狼共舞)\In Boxes.txt
2020-05-17 19:33:54 [root] INFO: Song:I Wanna Go Where The People Go (Live) crawled
2020-05-17 19:34:00 [root] INFO: Song:I Wanna Go Where The People Go (Live) downloaded to C:\Users\Jven\Desktop\Music\aurora\I Wanna Go Where The People Go (Live).flac
2020-05-17 19:34:00 [root] INFO: Lyrics:I Wanna Go Where The People Go (Live) downloaded to C:\Users\Jven\Desktop\Music\aurora\I Wanna Go Where The People Go (Live).txt
2020-05-17 19:34:22 [root] INFO: Song:Gentle Earthquakes crawled
2020-05-17 19:34:25 [root] INFO: Song:Gentle Earthquakes downloaded to C:\Users\Jven\Desktop\Music\aurora\Infections Of A Different Kind – Step 1\Gentle Earthquakes.mp3
2020-05-17 19:34:25 [root] INFO: Lyrics:Gentle Earthquakes downloaded to C:\Users\Jven\Desktop\Music\aurora\Infections Of A Different Kind – Step 1\Gentle Earthquakes.txt
2020-05-17 19:34:28 [scrapy.extensions.logstats] INFO: Crawled 105 pages (at 5 pages/min), scraped 49 items (at 3 items/min)
2020-05-17 19:34:36 [root] INFO: Song:Apple Tree crawled
2020-05-17 19:34:39 [root] INFO: Song:Apple Tree downloaded to C:\Users\Jven\Desktop\Music\aurora\Apple Tree (Georgia Remix)\Apple Tree.mp3
2020-05-17 19:34:39 [root] INFO: Lyrics:Apple Tree downloaded to C:\Users\Jven\Desktop\Music\aurora\Apple Tree (Georgia Remix)\Apple Tree.txt
2020-05-17 19:35:07 [root] INFO: Song:One Shot Chilla (Radio Edit Feat Uk Apache) crawled
2020-05-17 19:35:11 [root] INFO: Song:One Shot Chilla (Radio Edit Feat Uk Apache) downloaded to C:\Users\Jven\Desktop\Music\aurora\One Shot Chilla (Radio Edit Feat Uk Apache).mp3
2020-05-17 19:35:11 [root] INFO: Lyrics:One Shot Chilla (Radio Edit Feat Uk Apache) downloaded to C:\Users\Jven\Desktop\Music\aurora\One Shot Chilla (Radio Edit Feat Uk Apache).txt
2020-05-17 19:35:19 [root] INFO: Song:Mothership crawled
2020-05-17 19:35:22 [root] INFO: Song:Mothership downloaded to C:\Users\Jven\Desktop\Music\aurora\A Different Kind Of Human – Step 2\Mothership.mp3
2020-05-17 19:35:22 [root] INFO: Lyrics:Mothership downloaded to C:\Users\Jven\Desktop\Music\aurora\A Different Kind Of Human – Step 2\Mothership.txt
2020-05-17 19:35:28 [scrapy.extensions.logstats] INFO: Crawled 110 pages (at 5 pages/min), scraped 52 items (at 3 items/min)
2020-05-17 19:35:59 [root] INFO: Song:Independently Blue crawled
2020-05-17 19:36:04 [root] INFO: Song:Independently Blue downloaded to C:\Users\Jven\Desktop\Music\aurora\Independently Blue.flac
2020-05-17 19:36:10 [root] INFO: Song:Mucho Más Allá crawled
2020-05-17 19:36:13 [root] INFO: Song:Mucho Más Allá downloaded to C:\Users\Jven\Desktop\Music\aurora\Frozen 2 (Banda Sonora en Original EspañolEdición Deluxe) (冰雪奇缘2 西班牙版原声带（豪华版）)\Mucho Más Allá.mp3
2020-05-17 19:36:13 [root] INFO: Lyrics:Mucho Más Allá downloaded to C:\Users\Jven\Desktop\Music\aurora\Frozen 2 (Banda Sonora en Original EspañolEdición Deluxe) (冰雪奇缘2 西班牙版原声带（豪华版）)\Mucho Más Allá.txt
2020-05-17 19:36:28 [scrapy.extensions.logstats] INFO: Crawled 115 pages (at 5 pages/min), scraped 54 items (at 2 items/min)
2020-05-17 19:36:48 [root] INFO: Song:In i en ny värld crawled
2020-05-17 19:36:51 [root] INFO: Song:In i en ny värld downloaded to C:\Users\Jven\Desktop\Music\aurora\Frost 2 (Svenskt Original SoundtrackDeluxe Edition) (冰雪奇缘2 瑞典版电影原声带)\In i en ny värld.mp3
2020-05-17 19:36:51 [root] INFO: Lyrics:In i en ny värld downloaded to C:\Users\Jven\Desktop\Music\aurora\Frost 2 (Svenskt Original SoundtrackDeluxe Edition) (冰雪奇缘2 瑞典版电影原声带)\In i en ny värld.txt
2020-05-17 19:37:02 [root] INFO: Song:In Bottles crawled
2020-05-17 19:37:05 [root] INFO: Song:In Bottles downloaded to C:\Users\Jven\Desktop\Music\aurora\1989\In Bottles.mp3
2020-05-17 19:37:28 [scrapy.extensions.logstats] INFO: Crawled 120 pages (at 5 pages/min), scraped 56 items (at 2 items/min)
2020-05-17 19:37:29 [root] INFO: Song:Vnov za gorizont crawled
2020-05-17 19:37:35 [root] INFO: Song:Vnov za gorizont downloaded to C:\Users\Jven\Desktop\Music\aurora\Frozen 2 (Russian Original Motion Picture SoundtrackDeluxe Edition) (Холодное сердце 2(Оригинальный саундтрек  Делюкс версия))\Vnov za gorizont.mp3
2020-05-17 19:37:35 [root] INFO: Lyrics:Vnov za gorizont downloaded to C:\Users\Jven\Desktop\Music\aurora\Frozen 2 (Russian Original Motion Picture SoundtrackDeluxe Edition) (Холодное сердце 2(Оригинальный саундтрек  Делюкс версия))\Vnov za gorizont.txt
2020-05-17 19:37:43 [root] INFO: Song:Summer Son (Extended Mix) crawled
2020-05-17 19:37:46 [root] INFO: Song:Summer Son (Extended Mix) downloaded to C:\Users\Jven\Desktop\Music\aurora\Summer Son (Extended Mix).mp3
2020-05-17 19:37:46 [root] INFO: Lyrics:Summer Son (Extended Mix) downloaded to C:\Users\Jven\Desktop\Music\aurora\Summer Son (Extended Mix).txt
2020-05-17 19:38:14 [root] INFO: Song:All Is Soft Inside crawled
2020-05-17 19:38:18 [root] INFO: Song:All Is Soft Inside downloaded to C:\Users\Jven\Desktop\Music\aurora\Infections Of A Different Kind – Step 1\All Is Soft Inside.mp3
2020-05-17 19:38:18 [root] INFO: Lyrics:All Is Soft Inside downloaded to C:\Users\Jven\Desktop\Music\aurora\Infections Of A Different Kind – Step 1\All Is Soft Inside.txt
2020-05-17 19:38:22 [root] INFO: Song:Wo noch niemand war crawled
2020-05-17 19:38:26 [root] INFO: Song:Wo noch niemand war downloaded to C:\Users\Jven\Desktop\Music\aurora\Die Eiskönigin 2 (Deutscher Original Film-SoundtrackDeluxe Edition)\Wo noch niemand war.mp3
2020-05-17 19:38:26 [root] INFO: Lyrics:Wo noch niemand war downloaded to C:\Users\Jven\Desktop\Music\aurora\Die Eiskönigin 2 (Deutscher Original Film-SoundtrackDeluxe Edition)\Wo noch niemand war.txt
2020-05-17 19:38:28 [scrapy.extensions.logstats] INFO: Crawled 126 pages (at 6 pages/min), scraped 60 items (at 4 items/min)
2020-05-17 19:39:02 [root] INFO: Song:Crik Crak crawled
2020-05-17 19:39:05 [root] INFO: Song:Crik Crak downloaded to C:\Users\Jven\Desktop\Music\aurora\Crik Crak.mp3
2020-05-17 19:39:05 [root] INFO: Lyrics:Crik Crak downloaded to C:\Users\Jven\Desktop\Music\aurora\Crik Crak.txt
2020-05-17 19:39:12 [root] INFO: Song:Summer Son (Killaz Automatic Baby Mix) crawled
2020-05-17 19:39:15 [root] INFO: Song:Summer Son (Killaz Automatic Baby Mix) downloaded to C:\Users\Jven\Desktop\Music\aurora\Summer Son (Killaz Automatic Baby Mix).mp3
2020-05-17 19:39:15 [root] INFO: Lyrics:Summer Son (Killaz Automatic Baby Mix) downloaded to C:\Users\Jven\Desktop\Music\aurora\Summer Son (Killaz Automatic Baby Mix).txt
2020-05-17 19:39:28 [scrapy.extensions.logstats] INFO: Crawled 131 pages (at 5 pages/min), scraped 62 items (at 2 items/min)
2020-05-17 19:39:46 [root] INFO: Song:Summer Son (F & W Remix) crawled
2020-05-17 19:39:49 [root] INFO: Song:Summer Son (F & W Remix) downloaded to C:\Users\Jven\Desktop\Music\aurora\Summer Son (F & W Remix).mp3
2020-05-17 19:39:49 [root] INFO: Lyrics:Summer Son (F & W Remix) downloaded to C:\Users\Jven\Desktop\Music\aurora\Summer Son (F & W Remix).txt
2020-05-17 19:39:57 [root] INFO: Song:Wisdom Cries crawled
2020-05-17 19:40:01 [root] INFO: Song:Wisdom Cries downloaded to C:\Users\Jven\Desktop\Music\aurora\All My Demons Greeting Me as a Friend (Deluxe) (所有的恶魔都像朋友般问候我（豪华版）)\Wisdom Cries.mp3
2020-05-17 19:40:01 [root] INFO: Lyrics:Wisdom Cries downloaded to C:\Users\Jven\Desktop\Music\aurora\All My Demons Greeting Me as a Friend (Deluxe) (所有的恶魔都像朋友般问候我（豪华版）)\Wisdom Cries.txt
2020-05-17 19:40:28 [scrapy.extensions.logstats] INFO: Crawled 136 pages (at 5 pages/min), scraped 64 items (at 2 items/min)
2020-05-17 19:40:37 [root] INFO: Song:Summer Son (F&W Dub) crawled
2020-05-17 19:40:41 [root] INFO: Song:Summer Son (F&W Dub) downloaded to C:\Users\Jven\Desktop\Music\aurora\Summer Son (F&W Dub).mp3
2020-05-17 19:40:49 [root] INFO: Song:Forgotten Love crawled
2020-05-17 19:40:52 [root] INFO: Song:Forgotten Love downloaded to C:\Users\Jven\Desktop\Music\aurora\Forgotten Love (Claptone Remix)\Forgotten Love.mp3
2020-05-17 19:40:52 [root] INFO: Lyrics:Forgotten Love downloaded to C:\Users\Jven\Desktop\Music\aurora\Forgotten Love (Claptone Remix)\Forgotten Love.txt
2020-05-17 19:41:27 [root] INFO: Song:Summer Son (F & W Remix) crawled
2020-05-17 19:41:30 [root] INFO: Song:Summer Son (F & W Remix) downloaded to C:\Users\Jven\Desktop\Music\aurora\Summer Son (F & W Remix).mp3
2020-05-17 19:41:30 [root] INFO: Lyrics:Summer Son (F & W Remix) downloaded to C:\Users\Jven\Desktop\Music\aurora\Summer Son (F & W Remix).txt
2020-05-17 19:41:30 [scrapy.extensions.logstats] INFO: Crawled 141 pages (at 5 pages/min), scraped 67 items (at 3 items/min)
2020-05-17 19:41:39 [root] INFO: Song:Black Water Lilies crawled
2020-05-17 19:41:44 [root] INFO: Song:Black Water Lilies downloaded to C:\Users\Jven\Desktop\Music\aurora\All My Demons Greeting Me as a Friend (Deluxe) (所有的恶魔都像朋友般问候我（豪华版）)\Black Water Lilies.mp3
2020-05-17 19:41:44 [root] INFO: Lyrics:Black Water Lilies downloaded to C:\Users\Jven\Desktop\Music\aurora\All My Demons Greeting Me as a Friend (Deluxe) (所有的恶魔都像朋友般问候我（豪华版）)\Black Water Lilies.txt
2020-05-17 19:42:22 [root] INFO: Song:The Ballad Of Tom Jones crawled
2020-05-17 19:42:25 [root] INFO: Song:The Ballad Of Tom Jones downloaded to C:\Users\Jven\Desktop\Music\aurora\The Ballad Of Tom Jones.mp3
2020-05-17 19:42:25 [root] INFO: Lyrics:The Ballad Of Tom Jones downloaded to C:\Users\Jven\Desktop\Music\aurora\The Ballad Of Tom Jones.txt
2020-05-17 19:42:28 [scrapy.extensions.logstats] INFO: Crawled 145 pages (at 4 pages/min), scraped 69 items (at 2 items/min)
2020-05-17 19:42:36 [root] INFO: Song:Summer Son (Radio Edit) crawled
2020-05-17 19:42:41 [root] INFO: Song:Summer Son (Radio Edit) downloaded to C:\Users\Jven\Desktop\Music\aurora\Summer Son (Radio Edit).flac
2020-05-17 19:42:41 [root] INFO: Lyrics:Summer Son (Radio Edit) downloaded to C:\Users\Jven\Desktop\Music\aurora\Summer Son (Radio Edit).txt
2020-05-17 19:43:09 [root] INFO: Song:Under Stars crawled
2020-05-17 19:43:12 [root] INFO: Song:Under Stars downloaded to C:\Users\Jven\Desktop\Music\aurora\Under Stars (星空下)\Under Stars.mp3
2020-05-17 19:43:12 [root] INFO: Lyrics:Under Stars downloaded to C:\Users\Jven\Desktop\Music\aurora\Under Stars (星空下)\Under Stars.txt
2020-05-17 19:43:24 [root] INFO: Song:Summer Son (Radio Edit) crawled
2020-05-17 19:43:29 [root] INFO: Song:Summer Son (Radio Edit) downloaded to C:\Users\Jven\Desktop\Music\aurora\Summer Son (Radio Edit).flac
2020-05-17 19:43:29 [root] INFO: Lyrics:Summer Son (Radio Edit) downloaded to C:\Users\Jven\Desktop\Music\aurora\Summer Son (Radio Edit).txt
2020-05-17 19:43:29 [scrapy.extensions.logstats] INFO: Crawled 150 pages (at 5 pages/min), scraped 72 items (at 3 items/min)
2020-05-17 19:44:06 [root] INFO: Song:Through the Eyes of a Child crawled
2020-05-17 19:44:10 [root] INFO: Song:Through the Eyes of a Child downloaded to C:\Users\Jven\Desktop\Music\aurora\All My Demons Greeting Me as a Friend (Deluxe) (所有的恶魔都像朋友般问候我（豪华版）)\Through the Eyes of a Child.mp3
2020-05-17 19:44:10 [root] INFO: Lyrics:Through the Eyes of a Child downloaded to C:\Users\Jven\Desktop\Music\aurora\All My Demons Greeting Me as a Friend (Deluxe) (所有的恶魔都像朋友般问候我（豪华版）)\Through the Eyes of a Child.txt
2020-05-17 19:44:20 [root] INFO: Song:Dans un autre monde crawled
2020-05-17 19:44:22 [root] INFO: Song:Dans un autre monde downloaded to C:\Users\Jven\Desktop\Music\aurora\La Reine des Neiges 2 (Bande Originale Française du FilmDeluxe Edition)\Dans un autre monde.mp3
2020-05-17 19:44:22 [root] INFO: Lyrics:Dans un autre monde downloaded to C:\Users\Jven\Desktop\Music\aurora\La Reine des Neiges 2 (Bande Originale Française du FilmDeluxe Edition)\Dans un autre monde.txt
2020-05-17 19:44:28 [scrapy.extensions.logstats] INFO: Crawled 154 pages (at 4 pages/min), scraped 74 items (at 2 items/min)
2020-05-17 19:44:57 [root] INFO: Song:Mother Earth crawled
2020-05-17 19:45:01 [root] INFO: Song:Mother Earth downloaded to C:\Users\Jven\Desktop\Music\aurora\Mother Earth.mp3
2020-05-17 19:45:01 [root] INFO: Lyrics:Mother Earth downloaded to C:\Users\Jven\Desktop\Music\aurora\Mother Earth.txt
2020-05-17 19:45:11 [root] INFO: Song:Nature Boy crawled
2020-05-17 19:45:13 [root] INFO: Song:Nature Boy downloaded to C:\Users\Jven\Desktop\Music\aurora\All My Demons Greeting Me as a Friend (Deluxe) (所有的恶魔都像朋友般问候我（豪华版）)\Nature Boy.mp3
2020-05-17 19:45:13 [root] INFO: Lyrics:Nature Boy downloaded to C:\Users\Jven\Desktop\Music\aurora\All My Demons Greeting Me as a Friend (Deluxe) (所有的恶魔都像朋友般问候我（豪华版）)\Nature Boy.txt
2020-05-17 19:45:28 [scrapy.extensions.logstats] INFO: Crawled 159 pages (at 5 pages/min), scraped 76 items (at 2 items/min)
2020-05-17 19:45:46 [root] INFO: Song:Soulless Creatures crawled
2020-05-17 19:45:49 [root] INFO: Song:Soulless Creatures downloaded to C:\Users\Jven\Desktop\Music\aurora\A Different Kind Of Human – Step 2\Soulless Creatures.mp3
2020-05-17 19:45:49 [root] INFO: Lyrics:Soulless Creatures downloaded to C:\Users\Jven\Desktop\Music\aurora\A Different Kind Of Human – Step 2\Soulless Creatures.txt
2020-05-17 19:46:00 [root] INFO: Song:Dreaming crawled
2020-05-17 19:46:06 [root] INFO: Song:Dreaming downloaded to C:\Users\Jven\Desktop\Music\aurora\Dreaming.flac
2020-05-17 19:46:06 [root] INFO: Lyrics:Dreaming downloaded to C:\Users\Jven\Desktop\Music\aurora\Dreaming.txt
2020-05-17 19:46:28 [scrapy.extensions.logstats] INFO: Crawled 164 pages (at 5 pages/min), scraped 78 items (at 2 items/min)
2020-05-17 19:46:36 [root] INFO: Song:In Bottles crawled
2020-05-17 19:46:40 [root] INFO: Song:In Bottles downloaded to C:\Users\Jven\Desktop\Music\aurora\A Different Kind Of Human – Step 2\In Bottles.mp3
2020-05-17 19:46:40 [root] INFO: Lyrics:In Bottles downloaded to C:\Users\Jven\Desktop\Music\aurora\A Different Kind Of Human – Step 2\In Bottles.txt
2020-05-17 19:46:49 [root] INFO: Song:Under the Water crawled
2020-05-17 19:46:54 [root] INFO: Song:Under the Water downloaded to C:\Users\Jven\Desktop\Music\aurora\All My Demons Greeting Me as a Friend (Deluxe) (所有的恶魔都像朋友般问候我（豪华版）)\Under the Water.mp3
2020-05-17 19:46:55 [root] INFO: Lyrics:Under the Water downloaded to C:\Users\Jven\Desktop\Music\aurora\All My Demons Greeting Me as a Friend (Deluxe) (所有的恶魔都像朋友般问候我（豪华版）)\Under the Water.txt
2020-05-17 19:47:28 [root] INFO: Song:Murder Song (5, 4, 3, 2, 1) crawled
2020-05-17 19:47:30 [root] INFO: Song:Murder Song (5, 4, 3, 2, 1) downloaded to C:\Users\Jven\Desktop\Music\aurora\All My Demons Greeting Me as a Friend (Deluxe) (所有的恶魔都像朋友般问候我（豪华版）)\Murder Song (5, 4, 3, 2, 1).mp3
2020-05-17 19:47:30 [root] INFO: Lyrics:Murder Song (5, 4, 3, 2, 1) downloaded to C:\Users\Jven\Desktop\Music\aurora\All My Demons Greeting Me as a Friend (Deluxe) (所有的恶魔都像朋友般问候我（豪华版）)\Murder Song (5, 4, 3, 2, 1).txt
2020-05-17 19:47:30 [scrapy.extensions.logstats] INFO: Crawled 169 pages (at 5 pages/min), scraped 81 items (at 3 items/min)
2020-05-17 19:47:43 [root] INFO: Song:Hunger crawled
2020-05-17 19:47:47 [root] INFO: Song:Hunger downloaded to C:\Users\Jven\Desktop\Music\aurora\A Different Kind Of Human – Step 2\Hunger.mp3
2020-05-17 19:47:47 [root] INFO: Lyrics:Hunger downloaded to C:\Users\Jven\Desktop\Music\aurora\A Different Kind Of Human – Step 2\Hunger.txt
2020-05-17 19:48:21 [root] INFO: Song:It Happened Quiet crawled
2020-05-17 19:48:24 [root] INFO: Song:It Happened Quiet downloaded to C:\Users\Jven\Desktop\Music\aurora\Infections Of A Different Kind – Step 1\It Happened Quiet.mp3
2020-05-17 19:48:24 [root] INFO: Lyrics:It Happened Quiet downloaded to C:\Users\Jven\Desktop\Music\aurora\Infections Of A Different Kind – Step 1\It Happened Quiet.txt
2020-05-17 19:48:28 [scrapy.extensions.logstats] INFO: Crawled 173 pages (at 4 pages/min), scraped 83 items (at 2 items/min)
2020-05-17 19:48:35 [root] INFO: Song:I Went Too Far crawled
2020-05-17 19:48:37 [root] INFO: Song:I Went Too Far downloaded to C:\Users\Jven\Desktop\Music\aurora\I Went Too Far (MK Remix)\I Went Too Far.mp3
2020-05-17 19:48:37 [root] INFO: Lyrics:I Went Too Far downloaded to C:\Users\Jven\Desktop\Music\aurora\I Went Too Far (MK Remix)\I Went Too Far.txt
2020-05-17 19:49:12 [root] INFO: Song:Churchyard crawled
2020-05-17 19:49:19 [root] INFO: Song:Churchyard downloaded to C:\Users\Jven\Desktop\Music\aurora\Infections Of A Different Kind – Step 1\Churchyard.mp3
2020-05-17 19:49:19 [root] INFO: Lyrics:Churchyard downloaded to C:\Users\Jven\Desktop\Music\aurora\Infections Of A Different Kind – Step 1\Churchyard.txt
2020-05-17 19:49:26 [root] INFO: Song:Home (Lane 8 Remix) crawled
2020-05-17 19:49:30 [root] INFO: Song:Home (Lane 8 Remix) downloaded to C:\Users\Jven\Desktop\Music\aurora\Home (Lane 8 Remix).mp3
2020-05-17 19:49:30 [root] INFO: Lyrics:Home (Lane 8 Remix) downloaded to C:\Users\Jven\Desktop\Music\aurora\Home (Lane 8 Remix).txt
2020-05-17 19:49:30 [scrapy.extensions.logstats] INFO: Crawled 178 pages (at 5 pages/min), scraped 86 items (at 3 items/min)
2020-05-17 19:50:09 [root] INFO: Song:Awakening crawled
2020-05-17 19:50:12 [root] INFO: Song:Awakening downloaded to C:\Users\Jven\Desktop\Music\aurora\Awakening\Awakening.mp3
2020-05-17 19:50:12 [root] INFO: Lyrics:Awakening downloaded to C:\Users\Jven\Desktop\Music\aurora\Awakening\Awakening.txt
2020-05-17 19:50:28 [scrapy.extensions.logstats] INFO: Crawled 181 pages (at 3 pages/min), scraped 87 items (at 1 items/min)
2020-05-17 19:50:30 [root] INFO: Song:Awakening crawled
2020-05-17 19:50:34 [root] INFO: Song:Awakening downloaded to C:\Users\Jven\Desktop\Music\aurora\Awakening\Awakening.flac
2020-05-17 19:50:34 [root] INFO: Lyrics:Awakening downloaded to C:\Users\Jven\Desktop\Music\aurora\Awakening\Awakening.txt
2020-05-17 19:50:54 [root] INFO: Song:Into the Unknown crawled
2020-05-17 19:50:56 [root] INFO: Song:Into the Unknown downloaded to C:\Users\Jven\Desktop\Music\aurora\空\Into the Unknown.mp3
2020-05-17 19:50:56 [root] INFO: Lyrics:Into the Unknown downloaded to C:\Users\Jven\Desktop\Music\aurora\空\Into the Unknown.txt
2020-05-17 19:51:05 [root] INFO: Song:Stars Stars crawled
2020-05-17 19:51:07 [root] INFO: Song:Stars Stars downloaded to C:\Users\Jven\Desktop\Music\aurora\Stars Stars.mp3
2020-05-17 19:51:07 [root] INFO: Lyrics:Stars Stars downloaded to C:\Users\Jven\Desktop\Music\aurora\Stars Stars.txt
2020-05-17 19:51:28 [scrapy.extensions.logstats] INFO: Crawled 187 pages (at 6 pages/min), scraped 90 items (at 3 items/min)
2020-05-17 19:51:46 [root] INFO: Song:Soft Universe crawled
2020-05-17 19:51:49 [root] INFO: Song:Soft Universe downloaded to C:\Users\Jven\Desktop\Music\aurora\Infections Of A Different Kind – Step 1\Soft Universe.mp3
2020-05-17 19:51:49 [root] INFO: Lyrics:Soft Universe downloaded to C:\Users\Jven\Desktop\Music\aurora\Infections Of A Different Kind – Step 1\Soft Universe.txt
2020-05-17 19:51:54 [root] INFO: Song:Daydreamer crawled
2020-05-17 19:51:57 [root] INFO: Song:Daydreamer downloaded to C:\Users\Jven\Desktop\Music\aurora\A Different Kind Of Human – Step 2\Daydreamer.mp3
2020-05-17 19:51:58 [root] INFO: Lyrics:Daydreamer downloaded to C:\Users\Jven\Desktop\Music\aurora\A Different Kind Of Human – Step 2\Daydreamer.txt
2020-05-17 19:52:28 [scrapy.extensions.logstats] INFO: Crawled 192 pages (at 5 pages/min), scraped 92 items (at 2 items/min)
2020-05-17 19:52:33 [root] INFO: Song:Warrior crawled
2020-05-17 19:52:36 [root] INFO: Song:Warrior downloaded to C:\Users\Jven\Desktop\Music\aurora\All My Demons Greeting Me as a Friend (Deluxe) (所有的恶魔都像朋友般问候我（豪华版）)\Warrior.mp3
2020-05-17 19:52:36 [root] INFO: Lyrics:Warrior downloaded to C:\Users\Jven\Desktop\Music\aurora\All My Demons Greeting Me as a Friend (Deluxe) (所有的恶魔都像朋友般问候我（豪华版）)\Warrior.txt
2020-05-17 19:52:45 [root] INFO: Song:I Went Too Far crawled
2020-05-17 19:52:47 [root] INFO: Song:I Went Too Far downloaded to C:\Users\Jven\Desktop\Music\aurora\All My Demons Greeting Me as a Friend (Deluxe) (所有的恶魔都像朋友般问候我（豪华版）)\I Went Too Far.mp3
2020-05-17 19:52:47 [root] INFO: Lyrics:I Went Too Far downloaded to C:\Users\Jven\Desktop\Music\aurora\All My Demons Greeting Me as a Friend (Deluxe) (所有的恶魔都像朋友般问候我（豪华版）)\I Went Too Far.txt
2020-05-17 19:53:25 [root] INFO: Song:Walking In The Air crawled
2020-05-17 19:53:30 [root] INFO: Song:Walking In The Air downloaded to C:\Users\Jven\Desktop\Music\aurora\Walking In The Air\Walking In The Air.mp3
2020-05-17 19:53:30 [root] INFO: Lyrics:Walking In The Air downloaded to C:\Users\Jven\Desktop\Music\aurora\Walking In The Air\Walking In The Air.txt
2020-05-17 19:53:30 [scrapy.extensions.logstats] INFO: Crawled 197 pages (at 5 pages/min), scraped 95 items (at 3 items/min)
2020-05-17 19:53:35 [root] INFO: Song:Puppet crawled
2020-05-17 19:53:38 [root] INFO: Song:Puppet downloaded to C:\Users\Jven\Desktop\Music\aurora\Puppet (木偶)\Puppet.mp3
2020-05-17 19:53:38 [root] INFO: Lyrics:Puppet downloaded to C:\Users\Jven\Desktop\Music\aurora\Puppet (木偶)\Puppet.txt
2020-05-17 19:54:15 [root] INFO: Song:Murder Song(5, 4, 3, 2, 1) crawled
2020-05-17 19:54:18 [root] INFO: Song:Murder Song(5, 4, 3, 2, 1) downloaded to C:\Users\Jven\Desktop\Music\aurora\Murder Song (5, 4, 3, 2, 1)\Murder Song(5, 4, 3, 2, 1).mp3
2020-05-17 19:54:18 [root] INFO: Lyrics:Murder Song(5, 4, 3, 2, 1) downloaded to C:\Users\Jven\Desktop\Music\aurora\Murder Song (5, 4, 3, 2, 1)\Murder Song(5, 4, 3, 2, 1).txt
2020-05-17 19:54:28 [root] INFO: Song:Dance On The Moon crawled
2020-05-17 19:54:31 [root] INFO: Song:Dance On The Moon downloaded to C:\Users\Jven\Desktop\Music\aurora\A Different Kind Of Human – Step 2\Dance On The Moon.mp3
2020-05-17 19:54:31 [root] INFO: Lyrics:Dance On The Moon downloaded to C:\Users\Jven\Desktop\Music\aurora\A Different Kind Of Human – Step 2\Dance On The Moon.txt
2020-05-17 19:54:31 [scrapy.extensions.logstats] INFO: Crawled 202 pages (at 5 pages/min), scraped 98 items (at 3 items/min)
2020-05-17 19:55:08 [root] INFO: Song:Cynical Mind crawled
2020-05-17 19:55:15 [root] INFO: Song:Cynical Mind downloaded to C:\Users\Jven\Desktop\Music\aurora\Cynical Mind\Cynical Mind.flac
2020-05-17 19:55:15 [root] INFO: Lyrics:Cynical Mind downloaded to C:\Users\Jven\Desktop\Music\aurora\Cynical Mind\Cynical Mind.txt
2020-05-17 19:55:23 [root] INFO: Song:Little Boy in the Grass crawled
2020-05-17 19:55:25 [root] INFO: Song:Little Boy in the Grass downloaded to C:\Users\Jven\Desktop\Music\aurora\Running With the Wolves (与狼共舞)\Little Boy in the Grass.mp3
2020-05-17 19:55:25 [root] INFO: Lyrics:Little Boy in the Grass downloaded to C:\Users\Jven\Desktop\Music\aurora\Running With the Wolves (与狼共舞)\Little Boy in the Grass.txt
2020-05-17 19:55:28 [scrapy.extensions.logstats] INFO: Crawled 206 pages (at 4 pages/min), scraped 100 items (at 2 items/min)
2020-05-17 19:56:05 [root] INFO: Song:Amas mu vuordá crawled
2020-05-17 19:56:07 [root] INFO: Song:Amas mu vuordá downloaded to C:\Users\Jven\Desktop\Music\aurora\Jikŋon 2 (Originála Filmma Lávlagat) (冰雪奇缘2 电影原声带)\Amas mu vuordá.mp3
2020-05-17 19:56:07 [root] INFO: Lyrics:Amas mu vuordá downloaded to C:\Users\Jven\Desktop\Music\aurora\Jikŋon 2 (Originála Filmma Lávlagat) (冰雪奇缘2 电影原声带)\Amas mu vuordá.txt
2020-05-17 19:56:16 [root] INFO: Song:Winter Bird crawled
2020-05-17 19:56:19 [root] INFO: Song:Winter Bird downloaded to C:\Users\Jven\Desktop\Music\aurora\All My Demons Greeting Me as a Friend (Deluxe) (所有的恶魔都像朋友般问候我（豪华版）)\Winter Bird.mp3
2020-05-17 19:56:19 [root] INFO: Lyrics:Winter Bird downloaded to C:\Users\Jven\Desktop\Music\aurora\All My Demons Greeting Me as a Friend (Deluxe) (所有的恶魔都像朋友般问候我（豪华版）)\Winter Bird.txt
2020-05-17 19:56:28 [scrapy.extensions.logstats] INFO: Crawled 210 pages (at 4 pages/min), scraped 102 items (at 2 items/min)
2020-05-17 19:57:14 [root] INFO: Song:Lucky crawled
2020-05-17 19:57:17 [root] INFO: Song:Lucky downloaded to C:\Users\Jven\Desktop\Music\aurora\All My Demons Greeting Me as a Friend (Deluxe) (所有的恶魔都像朋友般问候我（豪华版）)\Lucky.mp3
2020-05-17 19:57:17 [root] INFO: Lyrics:Lucky downloaded to C:\Users\Jven\Desktop\Music\aurora\All My Demons Greeting Me as a Friend (Deluxe) (所有的恶魔都像朋友般问候我（豪华版）)\Lucky.txt
2020-05-17 19:57:25 [root] INFO: Song:The Seed crawled
2020-05-17 19:57:27 [root] INFO: Song:The Seed downloaded to C:\Users\Jven\Desktop\Music\aurora\The Seed\The Seed.mp3
2020-05-17 19:57:27 [root] INFO: Lyrics:The Seed downloaded to C:\Users\Jven\Desktop\Music\aurora\The Seed\The Seed.txt
2020-05-17 19:57:28 [scrapy.extensions.logstats] INFO: Crawled 214 pages (at 4 pages/min), scraped 104 items (at 2 items/min)
2020-05-17 19:58:01 [root] INFO: Song:Apple Tree crawled
2020-05-17 19:58:04 [root] INFO: Song:Apple Tree downloaded to C:\Users\Jven\Desktop\Music\aurora\A Different Kind Of Human – Step 2\Apple Tree.mp3
2020-05-17 19:58:04 [root] INFO: Lyrics:Apple Tree downloaded to C:\Users\Jven\Desktop\Music\aurora\A Different Kind Of Human – Step 2\Apple Tree.txt
2020-05-17 19:58:16 [root] INFO: Song:A Different Kind Of Human crawled
2020-05-17 19:58:19 [root] INFO: Song:A Different Kind Of Human downloaded to C:\Users\Jven\Desktop\Music\aurora\A Different Kind Of Human\A Different Kind Of Human.mp3
2020-05-17 19:58:19 [root] INFO: Lyrics:A Different Kind Of Human downloaded to C:\Users\Jven\Desktop\Music\aurora\A Different Kind Of Human\A Different Kind Of Human.txt
2020-05-17 19:58:28 [scrapy.extensions.logstats] INFO: Crawled 218 pages (at 4 pages/min), scraped 106 items (at 2 items/min)
2020-05-17 19:58:50 [root] INFO: Song:Conqueror crawled
2020-05-17 19:58:52 [root] INFO: Song:Conqueror downloaded to C:\Users\Jven\Desktop\Music\aurora\All My Demons Greeting Me as a Friend (Deluxe) (所有的恶魔都像朋友般问候我（豪华版）)\Conqueror.mp3
2020-05-17 19:58:52 [root] INFO: Lyrics:Conqueror downloaded to C:\Users\Jven\Desktop\Music\aurora\All My Demons Greeting Me as a Friend (Deluxe) (所有的恶魔都像朋友般问候我（豪华版）)\Conqueror.txt
2020-05-17 19:59:05 [root] INFO: Song:Murder Song (5, 4, 3, 2, 1) crawled
2020-05-17 19:59:08 [root] INFO: Song:Murder Song (5, 4, 3, 2, 1) downloaded to C:\Users\Jven\Desktop\Music\aurora\Murder Song (5, 4, 3, 2, 1)\Murder Song (5, 4, 3, 2, 1).mp3
2020-05-17 19:59:08 [root] INFO: Lyrics:Murder Song (5, 4, 3, 2, 1) downloaded to C:\Users\Jven\Desktop\Music\aurora\Murder Song (5, 4, 3, 2, 1)\Murder Song (5, 4, 3, 2, 1).txt
2020-05-17 19:59:28 [scrapy.extensions.logstats] INFO: Crawled 224 pages (at 6 pages/min), scraped 108 items (at 2 items/min)
2020-05-17 19:59:40 [root] INFO: Song:Forgotten Love crawled
2020-05-17 19:59:46 [root] INFO: Song:Forgotten Love downloaded to C:\Users\Jven\Desktop\Music\aurora\Forgotten Love\Forgotten Love.flac
2020-05-17 19:59:46 [root] INFO: Lyrics:Forgotten Love downloaded to C:\Users\Jven\Desktop\Music\aurora\Forgotten Love\Forgotten Love.txt
2020-05-17 19:59:52 [root] INFO: Song:Runaway crawled
2020-05-17 19:59:56 [root] INFO: Song:Runaway downloaded to C:\Users\Jven\Desktop\Music\aurora\Runaway (逃跑)\Runaway.flac
2020-05-17 19:59:56 [root] INFO: Lyrics:Runaway downloaded to C:\Users\Jven\Desktop\Music\aurora\Runaway (逃跑)\Runaway.txt
2020-05-17 20:00:28 [scrapy.extensions.logstats] INFO: Crawled 228 pages (at 4 pages/min), scraped 110 items (at 2 items/min)
2020-05-17 20:00:29 [root] INFO: Song:Sto agnosto na 'rtho crawled
2020-05-17 20:00:33 [root] INFO: Song:Sto agnosto na 'rtho downloaded to C:\Users\Jven\Desktop\Music\aurora\Sto agnosto na 'rtho (Apo to Psihra ki Anapoda 2Tragoudi apo tin Tenia)\Sto agnosto na 'rtho.mp3
2020-05-17 20:00:43 [root] INFO: Song:The River crawled
2020-05-17 20:00:46 [root] INFO: Song:The River downloaded to C:\Users\Jven\Desktop\Music\aurora\The River\The River.mp3
2020-05-17 20:00:46 [root] INFO: Lyrics:The River downloaded to C:\Users\Jven\Desktop\Music\aurora\The River\The River.txt
2020-05-17 20:01:17 [root] INFO: Song:Running With The Wolves crawled
2020-05-17 20:01:22 [root] INFO: Song:Running With The Wolves downloaded to C:\Users\Jven\Desktop\Music\aurora\Running With the Wolves (与狼共舞)\Running With The Wolves.flac
2020-05-17 20:01:22 [root] INFO: Lyrics:Running With The Wolves downloaded to C:\Users\Jven\Desktop\Music\aurora\Running With the Wolves (与狼共舞)\Running With The Wolves.txt
2020-05-17 20:01:28 [scrapy.extensions.logstats] INFO: Crawled 233 pages (at 5 pages/min), scraped 113 items (at 3 items/min)
2020-05-17 20:01:31 [root] INFO: Song:Meçhule Doğru crawled
2020-05-17 20:01:33 [root] INFO: Song:Meçhule Doğru downloaded to C:\Users\Jven\Desktop\Music\aurora\Meçhule Doğru (Karlar Ülkesi 2)\Meçhule Doğru.mp3
2020-05-17 20:01:33 [root] INFO: Lyrics:Meçhule Doğru downloaded to C:\Users\Jven\Desktop\Music\aurora\Meçhule Doğru (Karlar Ülkesi 2)\Meçhule Doğru.txt
2020-05-17 20:02:08 [root] INFO: Song:Animal crawled
2020-05-17 20:02:11 [root] INFO: Song:Animal downloaded to C:\Users\Jven\Desktop\Music\aurora\Animal\Animal.mp3
2020-05-17 20:02:11 [root] INFO: Lyrics:Animal downloaded to C:\Users\Jven\Desktop\Music\aurora\Animal\Animal.txt
2020-05-17 20:02:17 [root] INFO: Song:Queendom crawled
2020-05-17 20:02:20 [root] INFO: Song:Queendom downloaded to C:\Users\Jven\Desktop\Music\aurora\Queendom\Queendom.mp3
2020-05-17 20:02:20 [root] INFO: Lyrics:Queendom downloaded to C:\Users\Jven\Desktop\Music\aurora\Queendom\Queendom.txt
2020-05-17 20:02:28 [scrapy.extensions.logstats] INFO: Crawled 238 pages (at 5 pages/min), scraped 116 items (at 3 items/min)
2020-05-17 20:02:56 [root] INFO: Song:Half The World Away crawled
2020-05-17 20:02:59 [root] INFO: Song:Half The World Away downloaded to C:\Users\Jven\Desktop\Music\aurora\Half The World Away (半个世界离我而去)\Half The World Away.mp3
2020-05-17 20:02:59 [root] INFO: Lyrics:Half The World Away downloaded to C:\Users\Jven\Desktop\Music\aurora\Half The World Away (半个世界离我而去)\Half The World Away.txt
2020-05-17 20:03:10 [root] INFO: Song:Into the Unknown crawled
2020-05-17 20:03:12 [root] INFO: Song:Into the Unknown downloaded to C:\Users\Jven\Desktop\Music\aurora\Into the Unknown\Into the Unknown.mp3
2020-05-17 20:03:12 [root] INFO: Lyrics:Into the Unknown downloaded to C:\Users\Jven\Desktop\Music\aurora\Into the Unknown\Into the Unknown.txt
2020-05-17 20:03:28 [scrapy.extensions.logstats] INFO: Crawled 243 pages (at 5 pages/min), scraped 118 items (at 2 items/min)
2020-05-17 20:03:49 [root] INFO: Song:Into the Unknown crawled
2020-05-17 20:03:55 [root] INFO: Song:Into the Unknown downloaded to C:\Users\Jven\Desktop\Music\aurora\冰雪奇缘2 中文版电影原声带\Into the Unknown.mp3
2020-05-17 20:03:55 [root] INFO: Lyrics:Into the Unknown downloaded to C:\Users\Jven\Desktop\Music\aurora\冰雪奇缘2 中文版电影原声带\Into the Unknown.txt
2020-05-17 20:03:57 [root] INFO: Song:Into the Unknown crawled
2020-05-17 20:04:02 [root] INFO: Song:Into the Unknown downloaded to C:\Users\Jven\Desktop\Music\aurora\Frozen 2 (Original Motion Picture SoundtrackDeluxe Edition) (冰雪奇缘2 电影原声带（豪华版）)\Into the Unknown.mp3
2020-05-17 20:04:02 [root] INFO: Lyrics:Into the Unknown downloaded to C:\Users\Jven\Desktop\Music\aurora\Frozen 2 (Original Motion Picture SoundtrackDeluxe Edition) (冰雪奇缘2 电影原声带（豪华版）)\Into the Unknown.txt
2020-05-17 20:04:02 [scrapy.core.engine] INFO: Closing spider (finished)
2020-05-17 20:04:02 [scrapy.statscollectors] INFO: Dumping Scrapy stats:
{'downloader/request_bytes': 221686,
 'downloader/request_count': 248,
 'downloader/request_method_count/GET': 127,
 'downloader/request_method_count/POST': 121,
 'downloader/response_bytes': 1353159,
 'downloader/response_count': 248,
 'downloader/response_status_count/200': 246,
 'downloader/response_status_count/302': 2,
 'elapsed_time_seconds': 3094.494538,
 'finish_reason': 'finished',
 'finish_time': datetime.datetime(2020, 5, 17, 12, 4, 2, 689654),
 'item_scraped_count': 120,
 'log_count/INFO': 414,
 'request_depth_max': 7,
 'response_received_count': 246,
 'scheduler/dequeued': 248,
 'scheduler/dequeued/memory': 248,
 'scheduler/enqueued': 248,
 'scheduler/enqueued/memory': 248,
 'start_time': datetime.datetime(2020, 5, 17, 11, 12, 28, 195116)}
2020-05-17 20:04:02 [scrapy.core.engine] INFO: Spider closed (finished)
