2020-05-17 17:57:27 [scrapy.utils.log] INFO: Scrapy 2.0.1 started (bot: flac91)
2020-05-17 17:57:27 [scrapy.utils.log] INFO: Versions: lxml 4.5.0.0, libxml2 2.9.5, cssselect 1.1.0, parsel 1.5.2, w3lib 1.21.0, Twisted 20.3.0, Python 3.6.2 |Continuum Analytics, Inc.| (default, Jul 20 2017, 12:30:02) [MSC v.1900 64 bit (AMD64)], pyOpenSSL 19.1.0 (OpenSSL 1.1.1f  31 Mar 2020), cryptography 2.9, Platform Windows-10-10.0.18362-SP0
2020-05-17 17:57:27 [scrapy.crawler] INFO: Overridden settings:
{'BOT_NAME': 'flac91',
 'CONCURRENT_REQUESTS': 1,
 'DOWNLOAD_DELAY': 5,
 'LOG_FILE': 'spider.log',
 'LOG_LEVEL': 'INFO',
 'NEWSPIDER_MODULE': 'flac91.spiders',
 'SPIDER_MODULES': ['flac91.spiders']}
2020-05-17 17:57:27 [scrapy.extensions.telnet] INFO: Telnet Password: dede2d36e106fd55
2020-05-17 17:57:27 [scrapy.middleware] INFO: Enabled extensions:
['scrapy.extensions.corestats.CoreStats',
 'scrapy.extensions.telnet.TelnetConsole',
 'scrapy.extensions.logstats.LogStats']
2020-05-17 17:57:27 [scrapy.middleware] INFO: Enabled downloader middlewares:
['scrapy.downloadermiddlewares.httpauth.HttpAuthMiddleware',
 'scrapy.downloadermiddlewares.downloadtimeout.DownloadTimeoutMiddleware',
 'scrapy.downloadermiddlewares.defaultheaders.DefaultHeadersMiddleware',
 'scrapy.downloadermiddlewares.useragent.UserAgentMiddleware',
 'scrapy.downloadermiddlewares.retry.RetryMiddleware',
 'scrapy.downloadermiddlewares.redirect.MetaRefreshMiddleware',
 'scrapy.downloadermiddlewares.httpcompression.HttpCompressionMiddleware',
 'scrapy.downloadermiddlewares.redirect.RedirectMiddleware',
 'scrapy.downloadermiddlewares.cookies.CookiesMiddleware',
 'scrapy.downloadermiddlewares.httpproxy.HttpProxyMiddleware',
 'scrapy.downloadermiddlewares.stats.DownloaderStats']
2020-05-17 17:57:28 [scrapy.middleware] INFO: Enabled spider middlewares:
['scrapy.spidermiddlewares.httperror.HttpErrorMiddleware',
 'scrapy.spidermiddlewares.offsite.OffsiteMiddleware',
 'scrapy.spidermiddlewares.referer.RefererMiddleware',
 'scrapy.spidermiddlewares.urllength.UrlLengthMiddleware',
 'scrapy.spidermiddlewares.depth.DepthMiddleware']
2020-05-17 17:57:28 [scrapy.middleware] INFO: Enabled item pipelines:
['flac91.pipelines.DownloadPipeline']
2020-05-17 17:57:28 [scrapy.core.engine] INFO: Spider opened
2020-05-17 17:57:28 [scrapy.extensions.logstats] INFO: Crawled 0 pages (at 0 pages/min), scraped 0 items (at 0 items/min)
2020-05-17 17:57:28 [scrapy.extensions.telnet] INFO: Telnet console listening on 127.0.0.1:6023
2020-05-17 17:57:28 [root] INFO: start_requests
2020-05-17 17:57:29 [root] INFO: post user form
2020-05-17 17:57:46 [root] INFO: login succeed
2020-05-17 17:57:53 [root] INFO: crawling https://www.91flac.com/singer/89/song
2020-05-17 17:58:05 [root] INFO: crawling https://www.91flac.com/singer/89/song?page=2
2020-05-17 17:58:09 [root] INFO: Song:离开 crawled
2020-05-17 17:58:18 [root] INFO: Song:离开 downloaded to C:\Users\Jven\Desktop\Music\张震岳\贫民百万歌星\离开.flac
2020-05-17 17:58:18 [root] INFO: Lyrics:离开 downloaded to C:\Users\Jven\Desktop\Music\张震岳\贫民百万歌星\离开.txt
2020-05-17 17:58:18 [root] INFO: crawling https://www.91flac.com/singer/89/song?page=3
2020-05-17 17:58:28 [scrapy.extensions.logstats] INFO: Crawled 8 pages (at 8 pages/min), scraped 1 items (at 1 items/min)
2020-05-17 17:58:31 [root] INFO: crawling https://www.91flac.com/singer/89/song?page=4
2020-05-17 17:58:35 [root] INFO: Song:酒鬼 crawled
2020-05-17 17:58:42 [root] INFO: Song:酒鬼 downloaded to C:\Users\Jven\Desktop\Music\张震岳\远走高飞\酒鬼.flac
2020-05-17 17:58:42 [root] INFO: Lyrics:酒鬼 downloaded to C:\Users\Jven\Desktop\Music\张震岳\远走高飞\酒鬼.txt
2020-05-17 17:58:42 [root] INFO: crawling https://www.91flac.com/singer/89/song?page=5
2020-05-17 17:58:54 [root] INFO: crawling https://www.91flac.com/singer/89/song?page=6
2020-05-17 17:59:00 [root] INFO: Song:MC HotDog&张震岳：不建议未成年收听本期节目 crawled
2020-05-17 17:59:05 [root] INFO: Song:MC HotDog&张震岳：不建议未成年收听本期节目 downloaded to C:\Users\Jven\Desktop\Music\张震岳\唱反调\MC HotDog&张震岳：不建议未成年收听本期节目.mp3
2020-05-17 17:59:08 [root] INFO: crawling https://www.91flac.com/singer/89/song?page=7
2020-05-17 17:59:17 [root] INFO: crawling https://www.91flac.com/singer/89/song?page=8
2020-05-17 17:59:24 [root] INFO: Song:改变 crawled
2020-05-17 17:59:28 [root] INFO: Song:改变 downloaded to C:\Users\Jven\Desktop\Music\张震岳\破浪演唱会\改变.mp3
2020-05-17 17:59:28 [root] INFO: Lyrics:改变 downloaded to C:\Users\Jven\Desktop\Music\张震岳\破浪演唱会\改变.txt
2020-05-17 17:59:28 [scrapy.extensions.logstats] INFO: Crawled 18 pages (at 10 pages/min), scraped 4 items (at 3 items/min)
2020-05-17 17:59:30 [root] INFO: crawling https://www.91flac.com/singer/89/song?page=9
2020-05-17 17:59:42 [root] INFO: crawling https://www.91flac.com/singer/89/song?page=10
2020-05-17 17:59:49 [root] INFO: Song:山道王 crawled
2020-05-17 17:59:57 [root] INFO: Song:山道王 downloaded to C:\Users\Jven\Desktop\Music\张震岳\ORANGE\山道王.flac
2020-05-17 17:59:57 [root] INFO: Lyrics:山道王 downloaded to C:\Users\Jven\Desktop\Music\张震岳\ORANGE\山道王.txt
2020-05-17 18:00:09 [root] INFO: Song:绝对 crawled
2020-05-17 18:00:12 [root] INFO: Song:绝对 downloaded to C:\Users\Jven\Desktop\Music\张震岳\绝对.mp3
2020-05-17 18:00:12 [root] INFO: Lyrics:绝对 downloaded to C:\Users\Jven\Desktop\Music\张震岳\绝对.txt
2020-05-17 18:00:13 [root] INFO: Song:思念是一种病 crawled
2020-05-17 18:00:13 [root] INFO: Song:思念是一种病- has no download url
2020-05-17 18:00:28 [scrapy.extensions.logstats] INFO: Crawled 28 pages (at 10 pages/min), scraped 7 items (at 3 items/min)
2020-05-17 18:00:30 [root] INFO: Song:离开 crawled
2020-05-17 18:00:30 [root] INFO: Song:离开-我的时代（新歌加精选） has no download url
2020-05-17 18:00:34 [root] INFO: Song:分手吧 crawled
2020-05-17 18:00:34 [root] INFO: Song:分手吧- has no download url
2020-05-17 18:00:52 [root] INFO: Song:坦克与跑车 crawled
2020-05-17 18:00:52 [root] INFO: Song:坦克与跑车-坦克和跑车 has no download url
2020-05-17 18:00:58 [root] INFO: Song:出力 crawled
2020-05-17 18:00:59 [root] INFO: Song:出力 downloaded to C:\Users\Jven\Desktop\Music\张震岳\兄弟本色 广州中央车站演唱会\出力.mp3
2020-05-17 18:00:59 [root] INFO: Lyrics:出力 downloaded to C:\Users\Jven\Desktop\Music\张震岳\兄弟本色 广州中央车站演唱会\出力.txt
2020-05-17 18:01:17 [root] INFO: Song:海 + 长大是件麻烦的事 crawled
2020-05-17 18:01:19 [root] INFO: Song:海 + 长大是件麻烦的事 downloaded to C:\Users\Jven\Desktop\Music\张震岳\破浪演唱会\海 + 长大是件麻烦的事.mp3
2020-05-17 18:01:19 [root] INFO: Lyrics:海 + 长大是件麻烦的事 downloaded to C:\Users\Jven\Desktop\Music\张震岳\破浪演唱会\海 + 长大是件麻烦的事.txt
2020-05-17 18:01:22 [root] INFO: Song:超大行李 crawled
2020-05-17 18:01:28 [root] INFO: Song:超大行李 downloaded to C:\Users\Jven\Desktop\Music\张震岳\兄弟本色“日落黑趴”世界巡回演唱会北京站\超大行李.mp3
2020-05-17 18:01:28 [root] INFO: Lyrics:超大行李 downloaded to C:\Users\Jven\Desktop\Music\张震岳\兄弟本色“日落黑趴”世界巡回演唱会北京站\超大行李.txt
2020-05-17 18:01:28 [scrapy.extensions.logstats] INFO: Crawled 38 pages (at 10 pages/min), scraped 13 items (at 6 items/min)
2020-05-17 18:01:40 [root] INFO: Song:就是喜欢你 + 这个下午很无聊 crawled
2020-05-17 18:01:43 [root] INFO: Song:就是喜欢你 + 这个下午很无聊 downloaded to C:\Users\Jven\Desktop\Music\张震岳\破浪演唱会\就是喜欢你 + 这个下午很无聊.mp3
2020-05-17 18:01:43 [root] INFO: Lyrics:就是喜欢你 + 这个下午很无聊 downloaded to C:\Users\Jven\Desktop\Music\张震岳\破浪演唱会\就是喜欢你 + 这个下午很无聊.txt
2020-05-17 18:01:45 [root] INFO: Song:破吉他 crawled
2020-05-17 18:01:47 [root] INFO: Song:破吉他 downloaded to C:\Users\Jven\Desktop\Music\张震岳\空\破吉他.mp3
2020-05-17 18:01:47 [root] INFO: Lyrics:破吉他 downloaded to C:\Users\Jven\Desktop\Music\张震岳\空\破吉他.txt
2020-05-17 18:02:07 [root] INFO: Song:我要钱 crawled
2020-05-17 18:02:09 [root] INFO: Song:我要钱 downloaded to C:\Users\Jven\Desktop\Music\张震岳\空\我要钱.mp3
2020-05-17 18:02:09 [root] INFO: Lyrics:我要钱 downloaded to C:\Users\Jven\Desktop\Music\张震岳\空\我要钱.txt
2020-05-17 18:02:13 [root] INFO: Song:海 / 长大是件麻烦的事 crawled
2020-05-17 18:02:16 [root] INFO: Song:海  长大是件麻烦的事 downloaded to C:\Users\Jven\Desktop\Music\张震岳\空\海  长大是件麻烦的事.mp3
2020-05-17 18:02:28 [scrapy.extensions.logstats] INFO: Crawled 48 pages (at 10 pages/min), scraped 17 items (at 4 items/min)
2020-05-17 18:02:31 [root] INFO: Song:抱着你 crawled
2020-05-17 18:02:34 [root] INFO: Song:抱着你 downloaded to C:\Users\Jven\Desktop\Music\张震岳\空\抱着你.mp3
2020-05-17 18:02:34 [root] INFO: Lyrics:抱着你 downloaded to C:\Users\Jven\Desktop\Music\张震岳\空\抱着你.txt
2020-05-17 18:02:38 [root] INFO: Song:自由 crawled
2020-05-17 18:02:40 [root] INFO: Song:自由 downloaded to C:\Users\Jven\Desktop\Music\张震岳\空\自由.mp3
2020-05-17 18:02:40 [root] INFO: Lyrics:自由 downloaded to C:\Users\Jven\Desktop\Music\张震岳\空\自由.txt
2020-05-17 18:02:58 [root] INFO: Song:我要钱 crawled
2020-05-17 18:03:00 [root] INFO: Song:我要钱 downloaded to C:\Users\Jven\Desktop\Music\张震岳\美丽新世界 原声\我要钱.mp3
2020-05-17 18:03:00 [root] INFO: Lyrics:我要钱 downloaded to C:\Users\Jven\Desktop\Music\张震岳\美丽新世界 原声\我要钱.txt
2020-05-17 18:03:04 [root] INFO: Song:就是喜欢你 / 这个下午很无聊 crawled
2020-05-17 18:03:07 [root] INFO: Song:就是喜欢你  这个下午很无聊 downloaded to C:\Users\Jven\Desktop\Music\张震岳\空\就是喜欢你  这个下午很无聊.mp3
2020-05-17 18:03:22 [root] INFO: Song:这个下午很无聊 crawled
2020-05-17 18:03:31 [root] INFO: Song:这个下午很无聊 downloaded to C:\Users\Jven\Desktop\Music\张震岳\亞洲金曲精選二千 張震嶽\这个下午很无聊.flac
2020-05-17 18:03:31 [scrapy.extensions.logstats] INFO: Crawled 57 pages (at 9 pages/min), scraped 22 items (at 5 items/min)
2020-05-17 18:03:31 [root] INFO: Song:台11線的姑娘 crawled
2020-05-17 18:03:33 [root] INFO: Song:台11線的姑娘 downloaded to C:\Users\Jven\Desktop\Music\张震岳\空\台11線的姑娘.mp3
2020-05-17 18:03:51 [root] INFO: Song:OK crawled
2020-05-17 18:03:54 [root] INFO: Song:OK downloaded to C:\Users\Jven\Desktop\Music\张震岳\你走后的午夜220\OK.mp3
2020-05-17 18:03:58 [root] INFO: Song:顽皮家族 crawled
2020-05-17 18:04:04 [root] INFO: Song:顽皮家族 downloaded to C:\Users\Jven\Desktop\Music\张震岳\花开了没有\顽皮家族.flac
2020-05-17 18:04:04 [root] INFO: Lyrics:顽皮家族 downloaded to C:\Users\Jven\Desktop\Music\张震岳\花开了没有\顽皮家族.txt
2020-05-17 18:04:18 [root] INFO: Song:PANG★PANG★TONG crawled
2020-05-17 18:04:31 [root] INFO: Song:PANG★PANG★TONG downloaded to C:\Users\Jven\Desktop\Music\张震岳\PANG★PANG★TONG\PANG★PANG★TONG.mp3
2020-05-17 18:04:31 [scrapy.extensions.logstats] INFO: Crawled 65 pages (at 8 pages/min), scraped 26 items (at 4 items/min)
2020-05-17 18:04:31 [root] INFO: Song:要用力 crawled
2020-05-17 18:04:42 [root] INFO: Song:要用力 downloaded to C:\Users\Jven\Desktop\Music\张震岳\ORANGE 2\要用力.flac
2020-05-17 18:04:42 [root] INFO: Lyrics:要用力 downloaded to C:\Users\Jven\Desktop\Music\张震岳\ORANGE 2\要用力.txt
2020-05-17 18:04:56 [root] INFO: Song:我喜欢飞翔 crawled
2020-05-17 18:05:01 [root] INFO: Song:我喜欢飞翔 downloaded to C:\Users\Jven\Desktop\Music\张震岳\花开了没有\我喜欢飞翔.flac
2020-05-17 18:05:01 [root] INFO: Lyrics:我喜欢飞翔 downloaded to C:\Users\Jven\Desktop\Music\张震岳\花开了没有\我喜欢飞翔.txt
2020-05-17 18:05:02 [root] INFO: Song:Intro-2 crawled
2020-05-17 18:05:04 [root] INFO: Song:Intro-2 downloaded to C:\Users\Jven\Desktop\Music\张震岳\有问题\Intro-2.flac
2020-05-17 18:05:04 [root] INFO: Lyrics:Intro-2 downloaded to C:\Users\Jven\Desktop\Music\张震岳\有问题\Intro-2.txt
2020-05-17 18:05:18 [root] INFO: Song:金牛座 crawled
2020-05-17 18:05:19 [root] INFO: Song:金牛座 downloaded to C:\Users\Jven\Desktop\Music\张震岳\小齐的云国历险记\金牛座.mp3
2020-05-17 18:05:19 [root] INFO: Lyrics:金牛座 downloaded to C:\Users\Jven\Desktop\Music\张震岳\小齐的云国历险记\金牛座.txt
2020-05-17 18:05:24 [root] INFO: Song:爱的初体验 crawled
2020-05-17 18:05:28 [root] INFO: Song:爱的初体验 downloaded to C:\Users\Jven\Desktop\Music\张震岳\爱的初体验.flac
2020-05-17 18:05:28 [scrapy.extensions.logstats] INFO: Crawled 74 pages (at 9 pages/min), scraped 31 items (at 5 items/min)
2020-05-17 18:05:43 [root] INFO: Song:Intro crawled
2020-05-17 18:05:45 [root] INFO: Song:Intro downloaded to C:\Users\Jven\Desktop\Music\张震岳\有问题\Intro.flac
2020-05-17 18:05:45 [root] INFO: Lyrics:Intro downloaded to C:\Users\Jven\Desktop\Music\张震岳\有问题\Intro.txt
2020-05-17 18:05:47 [root] INFO: Song:妈抖 crawled
2020-05-17 18:05:58 [root] INFO: Song:妈抖 downloaded to C:\Users\Jven\Desktop\Music\张震岳\马拉桑Malasun\妈抖.flac
2020-05-17 18:05:58 [root] INFO: Lyrics:妈抖 downloaded to C:\Users\Jven\Desktop\Music\张震岳\马拉桑Malasun\妈抖.txt
2020-05-17 18:06:11 [root] INFO: Song:张震岳ID crawled
2020-05-17 18:06:12 [root] INFO: Song:张震岳ID downloaded to C:\Users\Jven\Desktop\Music\张震岳\中国音乐点击榜\张震岳ID.mp3
2020-05-17 18:06:12 [root] INFO: Lyrics:张震岳ID downloaded to C:\Users\Jven\Desktop\Music\张震岳\中国音乐点击榜\张震岳ID.txt
2020-05-17 18:06:18 [root] INFO: Song:褔音 crawled
2020-05-17 18:06:23 [root] INFO: Song:褔音 downloaded to C:\Users\Jven\Desktop\Music\张震岳\就是喜欢你\褔音.flac
2020-05-17 18:06:23 [root] INFO: Lyrics:褔音 downloaded to C:\Users\Jven\Desktop\Music\张震岳\就是喜欢你\褔音.txt
2020-05-17 18:06:28 [scrapy.extensions.logstats] INFO: Crawled 83 pages (at 9 pages/min), scraped 35 items (at 4 items/min)
2020-05-17 18:06:37 [root] INFO: Song:隐藏 crawled
2020-05-17 18:06:44 [root] INFO: Song:隐藏 downloaded to C:\Users\Jven\Desktop\Music\张震岳\ORANGE 2\隐藏.flac
2020-05-17 18:06:44 [root] INFO: Lyrics:隐藏 downloaded to C:\Users\Jven\Desktop\Music\张震岳\ORANGE 2\隐藏.txt
2020-05-17 18:06:44 [root] INFO: Song:张震岳访谈 crawled
2020-05-17 18:06:52 [root] INFO: Song:张震岳访谈 downloaded to C:\Users\Jven\Desktop\Music\张震岳\中国音乐点击榜\张震岳访谈.mp3
2020-05-17 18:06:52 [root] INFO: Lyrics:张震岳访谈 downloaded to C:\Users\Jven\Desktop\Music\张震岳\中国音乐点击榜\张震岳访谈.txt
2020-05-17 18:07:03 [root] INFO: Song:青蛙求偶记 crawled
2020-05-17 18:07:13 [root] INFO: Song:青蛙求偶记 downloaded to C:\Users\Jven\Desktop\Music\张震岳\ORANGE 2\青蛙求偶记.flac
2020-05-17 18:07:13 [root] INFO: Lyrics:青蛙求偶记 downloaded to C:\Users\Jven\Desktop\Music\张震岳\ORANGE 2\青蛙求偶记.txt
2020-05-17 18:07:13 [root] INFO: Song:沉没 crawled
2020-05-17 18:07:19 [root] INFO: Song:沉没 downloaded to C:\Users\Jven\Desktop\Music\张震岳\ORANGE 2\沉没.flac
2020-05-17 18:07:19 [root] INFO: Lyrics:沉没 downloaded to C:\Users\Jven\Desktop\Music\张震岳\ORANGE 2\沉没.txt
2020-05-17 18:07:28 [scrapy.extensions.logstats] INFO: Crawled 92 pages (at 9 pages/min), scraped 39 items (at 4 items/min)
2020-05-17 18:07:33 [root] INFO: Song:微风的香水 crawled
2020-05-17 18:07:44 [root] INFO: Song:微风的香水 downloaded to C:\Users\Jven\Desktop\Music\张震岳\爱情灵药电影原声带\微风的香水.flac
2020-05-17 18:07:44 [root] INFO: Lyrics:微风的香水 downloaded to C:\Users\Jven\Desktop\Music\张震岳\爱情灵药电影原声带\微风的香水.txt
2020-05-17 18:07:45 [root] INFO: Song:作梦 crawled
2020-05-17 18:07:55 [root] INFO: Song:作梦 downloaded to C:\Users\Jven\Desktop\Music\张震岳\有问题\作梦.flac
2020-05-17 18:07:55 [root] INFO: Lyrics:作梦 downloaded to C:\Users\Jven\Desktop\Music\张震岳\有问题\作梦.txt
2020-05-17 18:08:07 [root] INFO: Song:回到过去 crawled
2020-05-17 18:08:08 [root] INFO: Song:回到过去 downloaded to C:\Users\Jven\Desktop\Music\张震岳\光阴的故事电视剧原声带\回到过去.mp3
2020-05-17 18:08:08 [root] INFO: Lyrics:回到过去 downloaded to C:\Users\Jven\Desktop\Music\张震岳\光阴的故事电视剧原声带\回到过去.txt
2020-05-17 18:08:12 [root] INFO: Song:星期天才流动的河 crawled
2020-05-17 18:08:17 [root] INFO: Song:星期天才流动的河 downloaded to C:\Users\Jven\Desktop\Music\张震岳\就是喜欢你\星期天才流动的河.flac
2020-05-17 18:08:17 [root] INFO: Lyrics:星期天才流动的河 downloaded to C:\Users\Jven\Desktop\Music\张震岳\就是喜欢你\星期天才流动的河.txt
2020-05-17 18:08:28 [scrapy.extensions.logstats] INFO: Crawled 100 pages (at 8 pages/min), scraped 43 items (at 4 items/min)
2020-05-17 18:08:31 [root] INFO: Song:城市天堂去回票 crawled
2020-05-17 18:08:42 [root] INFO: Song:城市天堂去回票 downloaded to C:\Users\Jven\Desktop\Music\张震岳\就是喜欢你\城市天堂去回票.flac
2020-05-17 18:08:42 [root] INFO: Lyrics:城市天堂去回票 downloaded to C:\Users\Jven\Desktop\Music\张震岳\就是喜欢你\城市天堂去回票.txt
2020-05-17 18:08:42 [root] INFO: Song:哭之歌 crawled
2020-05-17 18:08:47 [root] INFO: Song:哭之歌 downloaded to C:\Users\Jven\Desktop\Music\张震岳\就是喜欢你\哭之歌.flac
2020-05-17 18:08:47 [root] INFO: Lyrics:哭之歌 downloaded to C:\Users\Jven\Desktop\Music\张震岳\就是喜欢你\哭之歌.txt
2020-05-17 18:09:02 [root] INFO: Song:大声听音乐 crawled
2020-05-17 18:09:07 [root] INFO: Song:大声听音乐 downloaded to C:\Users\Jven\Desktop\Music\张震岳\就是喜欢你\大声听音乐.flac
2020-05-17 18:09:07 [root] INFO: Lyrics:大声听音乐 downloaded to C:\Users\Jven\Desktop\Music\张震岳\就是喜欢你\大声听音乐.txt
2020-05-17 18:09:07 [root] INFO: Song:好天气 crawled
2020-05-17 18:09:15 [root] INFO: Song:好天气 downloaded to C:\Users\Jven\Desktop\Music\张震岳\ORANGE 2\好天气.flac
2020-05-17 18:09:15 [root] INFO: Lyrics:好天气 downloaded to C:\Users\Jven\Desktop\Music\张震岳\ORANGE 2\好天气.txt
2020-05-17 18:09:27 [root] INFO: Song:小小要求 crawled
2020-05-17 18:09:33 [root] INFO: Song:小小要求 downloaded to C:\Users\Jven\Desktop\Music\张震岳\花开了没有\小小要求.flac
2020-05-17 18:09:33 [root] INFO: Lyrics:小小要求 downloaded to C:\Users\Jven\Desktop\Music\张震岳\花开了没有\小小要求.txt
2020-05-17 18:09:33 [scrapy.extensions.logstats] INFO: Crawled 109 pages (at 9 pages/min), scraped 48 items (at 5 items/min)
2020-05-17 18:09:34 [root] INFO: Song:走到底 crawled
2020-05-17 18:09:40 [root] INFO: Song:走到底 downloaded to C:\Users\Jven\Desktop\Music\张震岳\有问题\走到底.flac
2020-05-17 18:09:40 [root] INFO: Lyrics:走到底 downloaded to C:\Users\Jven\Desktop\Music\张震岳\有问题\走到底.txt
2020-05-17 18:09:50 [root] INFO: Song:我的心 我的爱 crawled
2020-05-17 18:09:57 [root] INFO: Song:我的心 我的爱 downloaded to C:\Users\Jven\Desktop\Music\张震岳\花开了没有\我的心 我的爱.flac
2020-05-17 18:09:57 [root] INFO: Lyrics:我的心 我的爱 downloaded to C:\Users\Jven\Desktop\Music\张震岳\花开了没有\我的心 我的爱.txt
2020-05-17 18:09:57 [root] INFO: Song:停 crawled
2020-05-17 18:10:04 [root] INFO: Song:停 downloaded to C:\Users\Jven\Desktop\Music\张震岳\ORANGE\停.flac
2020-05-17 18:10:04 [root] INFO: Lyrics:停 downloaded to C:\Users\Jven\Desktop\Music\张震岳\ORANGE\停.txt
2020-05-17 18:10:20 [root] INFO: Song:机器人走路 crawled
2020-05-17 18:10:30 [root] INFO: Song:机器人走路 downloaded to C:\Users\Jven\Desktop\Music\张震岳\ORANGE\机器人走路.flac
2020-05-17 18:10:30 [root] INFO: Lyrics:机器人走路 downloaded to C:\Users\Jven\Desktop\Music\张震岳\ORANGE\机器人走路.txt
2020-05-17 18:10:30 [scrapy.extensions.logstats] INFO: Crawled 117 pages (at 8 pages/min), scraped 52 items (at 4 items/min)
2020-05-17 18:10:30 [root] INFO: Song:分手吧 crawled
2020-05-17 18:10:38 [root] INFO: Song:分手吧 downloaded to C:\Users\Jven\Desktop\Music\张震岳\分手吧.flac
2020-05-17 18:10:38 [root] INFO: Lyrics:分手吧 downloaded to C:\Users\Jven\Desktop\Music\张震岳\分手吧.txt
2020-05-17 18:10:50 [root] INFO: Song:脆弱 crawled
2020-05-17 18:10:55 [root] INFO: Song:脆弱 downloaded to C:\Users\Jven\Desktop\Music\张震岳\花开了没有\脆弱.flac
2020-05-17 18:10:55 [root] INFO: Lyrics:脆弱 downloaded to C:\Users\Jven\Desktop\Music\张震岳\花开了没有\脆弱.txt
2020-05-17 18:10:57 [root] INFO: Song:世界大同 crawled
2020-05-17 18:11:05 [root] INFO: Song:世界大同 downloaded to C:\Users\Jven\Desktop\Music\张震岳\有问题\世界大同.flac
2020-05-17 18:11:05 [root] INFO: Lyrics:世界大同 downloaded to C:\Users\Jven\Desktop\Music\张震岳\有问题\世界大同.txt
2020-05-17 18:11:20 [root] INFO: Song:Don’t Give A Damn About Me！ crawled
2020-05-17 18:11:29 [root] INFO: Song:Don’t Give A Damn About Me！ downloaded to C:\Users\Jven\Desktop\Music\张震岳\ORANGE 2\Don’t Give A Damn About Me！.flac
2020-05-17 18:11:29 [root] INFO: Lyrics:Don’t Give A Damn About Me！ downloaded to C:\Users\Jven\Desktop\Music\张震岳\ORANGE 2\Don’t Give A Damn About Me！.txt
2020-05-17 18:11:29 [scrapy.extensions.logstats] INFO: Crawled 125 pages (at 8 pages/min), scraped 56 items (at 4 items/min)
2020-05-17 18:11:29 [root] INFO: Song:姐妹 + OK OK + 千金难买 + 就值得了爱 + 掌心 crawled
2020-05-17 18:11:43 [root] INFO: Song:姐妹 + OK OK + 千金难买 + 就值得了爱 + 掌心 downloaded to C:\Users\Jven\Desktop\Music\张震岳\姐妹 + OK OK + 千金难买 + 就值得了爱 + 掌心.flac
2020-05-17 18:11:56 [root] INFO: Song:微风香水 crawled
2020-05-17 18:12:05 [root] INFO: Song:微风香水 downloaded to C:\Users\Jven\Desktop\Music\张震岳\ORANGE\微风香水.flac
2020-05-17 18:12:05 [root] INFO: Lyrics:微风香水 downloaded to C:\Users\Jven\Desktop\Music\张震岳\ORANGE\微风香水.txt
2020-05-17 18:12:06 [root] INFO: Song:OK crawled
2020-05-17 18:12:09 [root] INFO: Song:OK downloaded to C:\Users\Jven\Desktop\Music\张震岳\兄弟本色“日落黑趴”世界巡回演唱会北京站\OK.mp3
2020-05-17 18:12:09 [root] INFO: Lyrics:OK downloaded to C:\Users\Jven\Desktop\Music\张震岳\兄弟本色“日落黑趴”世界巡回演唱会北京站\OK.txt
2020-05-17 18:12:25 [root] INFO: Song:一起大声哈啤 crawled
2020-05-17 18:12:26 [root] INFO: Song:一起大声哈啤 downloaded to C:\Users\Jven\Desktop\Music\张震岳\空\一起大声哈啤.mp3
2020-05-17 18:12:28 [scrapy.extensions.logstats] INFO: Crawled 133 pages (at 8 pages/min), scraped 60 items (at 4 items/min)
2020-05-17 18:12:31 [root] INFO: Song:长大是件麻烦的事 crawled
2020-05-17 18:12:37 [root] INFO: Song:长大是件麻烦的事 downloaded to C:\Users\Jven\Desktop\Music\张震岳\花开了没有\长大是件麻烦的事.flac
2020-05-17 18:12:37 [root] INFO: Lyrics:长大是件麻烦的事 downloaded to C:\Users\Jven\Desktop\Music\张震岳\花开了没有\长大是件麻烦的事.txt
2020-05-17 18:12:52 [root] INFO: Song:看你300回 crawled
2020-05-17 18:13:06 [root] INFO: Song:看你300回 downloaded to C:\Users\Jven\Desktop\Music\张震岳\秘密基地\看你300回.flac
2020-05-17 18:13:06 [root] INFO: Lyrics:看你300回 downloaded to C:\Users\Jven\Desktop\Music\张震岳\秘密基地\看你300回.txt
2020-05-17 18:13:06 [root] INFO: Song:怎么办 crawled
2020-05-17 18:13:14 [root] INFO: Song:怎么办 downloaded to C:\Users\Jven\Desktop\Music\张震岳\岳快岳慢\怎么办.flac
2020-05-17 18:13:14 [root] INFO: Lyrics:怎么办 downloaded to C:\Users\Jven\Desktop\Music\张震岳\岳快岳慢\怎么办.txt
2020-05-17 18:13:27 [root] INFO: Song:OK crawled
2020-05-17 18:13:29 [root] INFO: Song:OK downloaded to C:\Users\Jven\Desktop\Music\张震岳\空\OK.mp3
2020-05-17 18:13:29 [root] INFO: Lyrics:OK downloaded to C:\Users\Jven\Desktop\Music\张震岳\空\OK.txt
2020-05-17 18:13:29 [scrapy.extensions.logstats] INFO: Crawled 141 pages (at 8 pages/min), scraped 64 items (at 4 items/min)
2020-05-17 18:13:33 [root] INFO: Song:唉唷喂呀 crawled
2020-05-17 18:13:35 [root] INFO: Song:唉唷喂呀 downloaded to C:\Users\Jven\Desktop\Music\张震岳\空\唉唷喂呀.mp3
2020-05-17 18:13:35 [root] INFO: Lyrics:唉唷喂呀 downloaded to C:\Users\Jven\Desktop\Music\张震岳\空\唉唷喂呀.txt
2020-05-17 18:13:50 [root] INFO: Song:我要钱 crawled
2020-05-17 18:14:00 [root] INFO: Song:我要钱 downloaded to C:\Users\Jven\Desktop\Music\张震岳\阿岳正传\我要钱.flac
2020-05-17 18:14:00 [root] INFO: Lyrics:我要钱 downloaded to C:\Users\Jven\Desktop\Music\张震岳\阿岳正传\我要钱.txt
2020-05-17 18:14:02 [root] INFO: Song:希望你会懂 crawled
2020-05-17 18:14:07 [root] INFO: Song:希望你会懂 downloaded to C:\Users\Jven\Desktop\Music\张震岳\希望你会懂.flac
2020-05-17 18:14:07 [root] INFO: Lyrics:希望你会懂 downloaded to C:\Users\Jven\Desktop\Music\张震岳\希望你会懂.txt
2020-05-17 18:14:16 [root] INFO: Song:朋友的话 crawled
2020-05-17 18:14:23 [root] INFO: Song:朋友的话 downloaded to C:\Users\Jven\Desktop\Music\张震岳\ORANGE 2\朋友的话.flac
2020-05-17 18:14:23 [root] INFO: Lyrics:朋友的话 downloaded to C:\Users\Jven\Desktop\Music\张震岳\ORANGE 2\朋友的话.txt
2020-05-17 18:14:24 [root] INFO: Song:你好不好 crawled
2020-05-17 18:14:29 [root] INFO: Song:你好不好 downloaded to C:\Users\Jven\Desktop\Music\张震岳\花开了没有\你好不好.flac
2020-05-17 18:14:29 [root] INFO: Lyrics:你好不好 downloaded to C:\Users\Jven\Desktop\Music\张震岳\花开了没有\你好不好.txt
2020-05-17 18:14:29 [scrapy.extensions.logstats] INFO: Crawled 150 pages (at 9 pages/min), scraped 69 items (at 5 items/min)
2020-05-17 18:14:44 [root] INFO: Song:失去 crawled
2020-05-17 18:14:50 [root] INFO: Song:失去 downloaded to C:\Users\Jven\Desktop\Music\张震岳\爱情合约原声带\失去.flac
2020-05-17 18:14:50 [root] INFO: Lyrics:失去 downloaded to C:\Users\Jven\Desktop\Music\张震岳\爱情合约原声带\失去.txt
2020-05-17 18:14:58 [root] INFO: Song:One Night Stand crawled
2020-05-17 18:15:06 [root] INFO: Song:One Night Stand downloaded to C:\Users\Jven\Desktop\Music\张震岳\秘密基地\One Night Stand.flac
2020-05-17 18:15:06 [root] INFO: Lyrics:One Night Stand downloaded to C:\Users\Jven\Desktop\Music\张震岳\秘密基地\One Night Stand.txt
2020-05-17 18:15:14 [root] INFO: Song:不要在谈恋爱 crawled
2020-05-17 18:15:19 [root] INFO: Song:不要在谈恋爱 downloaded to C:\Users\Jven\Desktop\Music\张震岳\这个下午很无聊\不要在谈恋爱.flac
2020-05-17 18:15:19 [root] INFO: Lyrics:不要在谈恋爱 downloaded to C:\Users\Jven\Desktop\Music\张震岳\这个下午很无聊\不要在谈恋爱.txt
2020-05-17 18:15:20 [root] INFO: Song:讨厌夏天 crawled
2020-05-17 18:15:26 [root] INFO: Song:讨厌夏天 downloaded to C:\Users\Jven\Desktop\Music\张震岳\就是喜欢你\讨厌夏天.flac
2020-05-17 18:15:26 [root] INFO: Lyrics:讨厌夏天 downloaded to C:\Users\Jven\Desktop\Music\张震岳\就是喜欢你\讨厌夏天.txt
2020-05-17 18:15:28 [scrapy.extensions.logstats] INFO: Crawled 159 pages (at 9 pages/min), scraped 73 items (at 4 items/min)
2020-05-17 18:15:39 [root] INFO: Song:原来 crawled
2020-05-17 18:15:45 [root] INFO: Song:原来 downloaded to C:\Users\Jven\Desktop\Music\张震岳\爱情灵药电影原声带\原来.flac
2020-05-17 18:15:45 [root] INFO: Lyrics:原来 downloaded to C:\Users\Jven\Desktop\Music\张震岳\爱情灵药电影原声带\原来.txt
2020-05-17 18:15:46 [root] INFO: Song:出去走走 crawled
2020-05-17 18:15:53 [root] INFO: Song:出去走走 downloaded to C:\Users\Jven\Desktop\Music\张震岳\就是喜欢你\出去走走.flac
2020-05-17 18:15:53 [root] INFO: Lyrics:出去走走 downloaded to C:\Users\Jven\Desktop\Music\张震岳\就是喜欢你\出去走走.txt
2020-05-17 18:16:03 [root] INFO: Song:偷懒 crawled
2020-05-17 18:16:19 [root] INFO: Song:偷懒 downloaded to C:\Users\Jven\Desktop\Music\张震岳\ORANGE\偷懒.flac
2020-05-17 18:16:19 [root] INFO: Lyrics:偷懒 downloaded to C:\Users\Jven\Desktop\Music\张震岳\ORANGE\偷懒.txt
2020-05-17 18:16:20 [root] INFO: Song:马拉桑 (干净版) crawled
2020-05-17 18:16:28 [root] INFO: Song:马拉桑 (干净版) downloaded to C:\Users\Jven\Desktop\Music\张震岳\马拉桑Malasun\马拉桑 (干净版).flac
2020-05-17 18:16:28 [root] INFO: Lyrics:马拉桑 (干净版) downloaded to C:\Users\Jven\Desktop\Music\张震岳\马拉桑Malasun\马拉桑 (干净版).txt
2020-05-17 18:16:28 [scrapy.extensions.logstats] INFO: Crawled 166 pages (at 7 pages/min), scraped 77 items (at 4 items/min)
2020-05-17 18:16:43 [root] INFO: Song:爱情你我他 crawled
2020-05-17 18:16:51 [root] INFO: Song:爱情你我他 downloaded to C:\Users\Jven\Desktop\Music\张震岳\秘密基地\爱情你我他.flac
2020-05-17 18:16:51 [root] INFO: Lyrics:爱情你我他 downloaded to C:\Users\Jven\Desktop\Music\张震岳\秘密基地\爱情你我他.txt
2020-05-17 18:16:51 [root] INFO: Song:真的在海边 crawled
2020-05-17 18:16:57 [root] INFO: Song:真的在海边 downloaded to C:\Users\Jven\Desktop\Music\张震岳\花开了没有\真的在海边.flac
2020-05-17 18:16:57 [root] INFO: Lyrics:真的在海边 downloaded to C:\Users\Jven\Desktop\Music\张震岳\花开了没有\真的在海边.txt
2020-05-17 18:17:12 [root] INFO: Song:等我有一天 crawled
2020-05-17 18:17:19 [root] INFO: Song:等我有一天 downloaded to C:\Users\Jven\Desktop\Music\张震岳\等我有一天\等我有一天.flac
2020-05-17 18:17:19 [root] INFO: Lyrics:等我有一天 downloaded to C:\Users\Jven\Desktop\Music\张震岳\等我有一天\等我有一天.txt
2020-05-17 18:17:19 [root] INFO: Song:同学会 crawled
2020-05-17 18:17:24 [root] INFO: Song:同学会 downloaded to C:\Users\Jven\Desktop\Music\张震岳\这个下午很无聊\同学会.flac
2020-05-17 18:17:24 [root] INFO: Lyrics:同学会 downloaded to C:\Users\Jven\Desktop\Music\张震岳\这个下午很无聊\同学会.txt
2020-05-17 18:17:28 [scrapy.extensions.logstats] INFO: Crawled 175 pages (at 9 pages/min), scraped 81 items (at 4 items/min)
2020-05-17 18:17:35 [root] INFO: Song:Run crawled
2020-05-17 18:17:51 [root] INFO: Song:Run downloaded to C:\Users\Jven\Desktop\Music\张震岳\我想要的感觉\Run.flac
2020-05-17 18:17:51 [root] INFO: Lyrics:Run downloaded to C:\Users\Jven\Desktop\Music\张震岳\我想要的感觉\Run.txt
2020-05-17 18:17:51 [root] INFO: Song:干妹妹 crawled
2020-05-17 18:17:57 [root] INFO: Song:干妹妹 downloaded to C:\Users\Jven\Desktop\Music\张震岳\阿岳正传\干妹妹.flac
2020-05-17 18:17:57 [root] INFO: Lyrics:干妹妹 downloaded to C:\Users\Jven\Desktop\Music\张震岳\阿岳正传\干妹妹.txt
2020-05-17 18:18:10 [root] INFO: Song:玩乐令 crawled
2020-05-17 18:18:15 [root] INFO: Song:玩乐令 downloaded to C:\Users\Jven\Desktop\Music\张震岳\空\玩乐令.mp3
2020-05-17 18:18:15 [root] INFO: Lyrics:玩乐令 downloaded to C:\Users\Jven\Desktop\Music\张震岳\空\玩乐令.txt
2020-05-17 18:18:16 [root] INFO: Song:Blues crawled
2020-05-17 18:18:28 [root] INFO: Song:Blues downloaded to C:\Users\Jven\Desktop\Music\张震岳\两手空空\Blues.flac
2020-05-17 18:18:28 [root] INFO: Lyrics:Blues downloaded to C:\Users\Jven\Desktop\Music\张震岳\两手空空\Blues.txt
2020-05-17 18:18:28 [scrapy.extensions.logstats] INFO: Crawled 182 pages (at 7 pages/min), scraped 85 items (at 4 items/min)
2020-05-17 18:18:41 [root] INFO: Song:天使之岛 crawled
2020-05-17 18:18:45 [root] INFO: Song:天使之岛 downloaded to C:\Users\Jven\Desktop\Music\张震岳\花开了没有\天使之岛.flac
2020-05-17 18:18:45 [root] INFO: Lyrics:天使之岛 downloaded to C:\Users\Jven\Desktop\Music\张震岳\花开了没有\天使之岛.txt
2020-05-17 18:18:47 [root] INFO: Song:马拉桑 crawled
2020-05-17 18:18:51 [root] INFO: Song:马拉桑 downloaded to C:\Users\Jven\Desktop\Music\张震岳\破浪演唱会\马拉桑.mp3
2020-05-17 18:18:51 [root] INFO: Lyrics:马拉桑 downloaded to C:\Users\Jven\Desktop\Music\张震岳\破浪演唱会\马拉桑.txt
2020-05-17 18:19:05 [root] INFO: Song:耶稣爱我 crawled
2020-05-17 18:19:11 [root] INFO: Song:耶稣爱我 downloaded to C:\Users\Jven\Desktop\Music\张震岳\耶稣爱我.flac
2020-05-17 18:19:11 [root] INFO: Lyrics:耶稣爱我 downloaded to C:\Users\Jven\Desktop\Music\张震岳\耶稣爱我.txt
2020-05-17 18:19:12 [root] INFO: Song:不期而遇 crawled
2020-05-17 18:19:19 [root] INFO: Song:不期而遇 downloaded to C:\Users\Jven\Desktop\Music\张震岳\花开了没有\不期而遇.flac
2020-05-17 18:19:19 [root] INFO: Lyrics:不期而遇 downloaded to C:\Users\Jven\Desktop\Music\张震岳\花开了没有\不期而遇.txt
2020-05-17 18:19:28 [scrapy.extensions.logstats] INFO: Crawled 192 pages (at 10 pages/min), scraped 89 items (at 4 items/min)
2020-05-17 18:19:31 [root] INFO: Song:讨厌夏天 crawled
2020-05-17 18:19:33 [root] INFO: Song:讨厌夏天 downloaded to C:\Users\Jven\Desktop\Music\张震岳\破浪演唱会\讨厌夏天.mp3
2020-05-17 18:19:33 [root] INFO: Lyrics:讨厌夏天 downloaded to C:\Users\Jven\Desktop\Music\张震岳\破浪演唱会\讨厌夏天.txt
2020-05-17 18:19:38 [root] INFO: Song:爱情没有答案 crawled
2020-05-17 18:19:43 [root] INFO: Song:爱情没有答案 downloaded to C:\Users\Jven\Desktop\Music\张震岳\离家出走\爱情没有答案.flac
2020-05-17 18:19:43 [root] INFO: Lyrics:爱情没有答案 downloaded to C:\Users\Jven\Desktop\Music\张震岳\离家出走\爱情没有答案.txt
2020-05-17 18:19:56 [root] INFO: Song:分手吧 crawled
2020-05-17 18:20:00 [root] INFO: Song:分手吧 downloaded to C:\Users\Jven\Desktop\Music\张震岳\破浪演唱会\分手吧.mp3
2020-05-17 18:20:00 [root] INFO: Lyrics:分手吧 downloaded to C:\Users\Jven\Desktop\Music\张震岳\破浪演唱会\分手吧.txt
2020-05-17 18:20:11 [root] INFO: Song:爱的初体验 crawled
2020-05-17 18:20:17 [root] INFO: Song:爱的初体验 downloaded to C:\Users\Jven\Desktop\Music\张震岳\破浪演唱会\爱的初体验.mp3
2020-05-17 18:20:17 [root] INFO: Lyrics:爱的初体验 downloaded to C:\Users\Jven\Desktop\Music\张震岳\破浪演唱会\爱的初体验.txt
2020-05-17 18:20:25 [root] INFO: Song:自由 crawled
2020-05-17 18:20:31 [root] INFO: Song:自由 downloaded to C:\Users\Jven\Desktop\Music\张震岳\自由.flac
2020-05-17 18:20:31 [root] INFO: Lyrics:自由 downloaded to C:\Users\Jven\Desktop\Music\张震岳\自由.txt
2020-05-17 18:20:31 [scrapy.extensions.logstats] INFO: Crawled 201 pages (at 9 pages/min), scraped 94 items (at 5 items/min)
2020-05-17 18:20:32 [root] INFO: Song:双手插口袋 crawled
2020-05-17 18:20:36 [root] INFO: Song:双手插口袋 downloaded to C:\Users\Jven\Desktop\Music\张震岳\兄弟本色 广州中央车站演唱会\双手插口袋.mp3
2020-05-17 18:20:36 [root] INFO: Lyrics:双手插口袋 downloaded to C:\Users\Jven\Desktop\Music\张震岳\兄弟本色 广州中央车站演唱会\双手插口袋.txt
2020-05-17 18:20:51 [root] INFO: Song:我要钱 crawled
2020-05-17 18:21:01 [root] INFO: Song:我要钱 downloaded to C:\Users\Jven\Desktop\Music\张震岳\兄弟本色 广州中央车站演唱会\我要钱.mp3
2020-05-17 18:21:01 [root] INFO: Lyrics:我要钱 downloaded to C:\Users\Jven\Desktop\Music\张震岳\兄弟本色 广州中央车站演唱会\我要钱.txt
2020-05-17 18:21:02 [root] INFO: Song:Save Me crawled
2020-05-17 18:21:07 [root] INFO: Song:Save Me downloaded to C:\Users\Jven\Desktop\Music\张震岳\Save Me.flac
2020-05-17 18:21:07 [root] INFO: Lyrics:Save Me downloaded to C:\Users\Jven\Desktop\Music\张震岳\Save Me.txt
2020-05-17 18:21:18 [root] INFO: Song:秘密 crawled
2020-05-17 18:21:22 [root] INFO: Song:秘密 downloaded to C:\Users\Jven\Desktop\Music\张震岳\阿岳正传\秘密.mp3
2020-05-17 18:21:22 [root] INFO: Lyrics:秘密 downloaded to C:\Users\Jven\Desktop\Music\张震岳\阿岳正传\秘密.txt
2020-05-17 18:21:24 [root] INFO: Song:勇气 crawled
2020-05-17 18:21:28 [root] INFO: Song:勇气 downloaded to C:\Users\Jven\Desktop\Music\张震岳\破浪演唱会\勇气.mp3
2020-05-17 18:21:28 [root] INFO: Lyrics:勇气 downloaded to C:\Users\Jven\Desktop\Music\张震岳\破浪演唱会\勇气.txt
2020-05-17 18:21:28 [scrapy.extensions.logstats] INFO: Crawled 210 pages (at 9 pages/min), scraped 99 items (at 5 items/min)
2020-05-17 18:21:41 [root] INFO: Song:男子汉 crawled
2020-05-17 18:21:49 [root] INFO: Song:男子汉 downloaded to C:\Users\Jven\Desktop\Music\张震岳\等我有一天\男子汉.flac
2020-05-17 18:21:49 [root] INFO: Lyrics:男子汉 downloaded to C:\Users\Jven\Desktop\Music\张震岳\等我有一天\男子汉.txt
2020-05-17 18:21:51 [root] INFO: Song:认输 crawled
2020-05-17 18:21:52 [root] INFO: Song:认输 downloaded to C:\Users\Jven\Desktop\Music\张震岳\破浪演唱会\认输.mp3
2020-05-17 18:21:52 [root] INFO: Lyrics:认输 downloaded to C:\Users\Jven\Desktop\Music\张震岳\破浪演唱会\认输.txt
2020-05-17 18:22:06 [root] INFO: Song:让我打一拳 crawled
2020-05-17 18:22:11 [root] INFO: Song:让我打一拳 downloaded to C:\Users\Jven\Desktop\Music\张震岳\马拉桑Malasun\让我打一拳.flac
2020-05-17 18:22:11 [root] INFO: Lyrics:让我打一拳 downloaded to C:\Users\Jven\Desktop\Music\张震岳\马拉桑Malasun\让我打一拳.txt
2020-05-17 18:22:11 [root] INFO: Song:思念是一种病 (Live) crawled
2020-05-17 18:22:14 [root] INFO: Song:思念是一种病 (Live) downloaded to C:\Users\Jven\Desktop\Music\张震岳\思念是一种病 (Live).mp3
2020-05-17 18:22:14 [root] INFO: Lyrics:思念是一种病 (Live) downloaded to C:\Users\Jven\Desktop\Music\张震岳\思念是一种病 (Live).txt
2020-05-17 18:22:28 [scrapy.extensions.logstats] INFO: Crawled 220 pages (at 10 pages/min), scraped 103 items (at 4 items/min)
2020-05-17 18:22:28 [root] INFO: Song:爱情酿的酒 crawled
2020-05-17 18:22:30 [root] INFO: Song:爱情酿的酒 downloaded to C:\Users\Jven\Desktop\Music\张震岳\爱情酿的酒.mp3
2020-05-17 18:22:30 [root] INFO: Lyrics:爱情酿的酒 downloaded to C:\Users\Jven\Desktop\Music\张震岳\爱情酿的酒.txt
2020-05-17 18:22:34 [root] INFO: Song:再见 crawled
2020-05-17 18:22:38 [root] INFO: Song:再见 downloaded to C:\Users\Jven\Desktop\Music\张震岳\空\再见.mp3
2020-05-17 18:22:38 [root] INFO: Lyrics:再见 downloaded to C:\Users\Jven\Desktop\Music\张震岳\空\再见.txt
2020-05-17 18:22:52 [root] INFO: Song:我要钱 crawled
2020-05-17 18:22:55 [root] INFO: Song:我要钱 downloaded to C:\Users\Jven\Desktop\Music\张震岳\破浪演唱会\我要钱.mp3
2020-05-17 18:22:55 [root] INFO: Lyrics:我要钱 downloaded to C:\Users\Jven\Desktop\Music\张震岳\破浪演唱会\我要钱.txt
2020-05-17 18:22:59 [root] INFO: Song:花开了没有 crawled
2020-05-17 18:23:05 [root] INFO: Song:花开了没有 downloaded to C:\Users\Jven\Desktop\Music\张震岳\花开了没有\花开了没有.flac
2020-05-17 18:23:05 [root] INFO: Lyrics:花开了没有 downloaded to C:\Users\Jven\Desktop\Music\张震岳\花开了没有\花开了没有.txt
2020-05-17 18:23:14 [root] INFO: Song:原谅 crawled
2020-05-17 18:23:25 [root] INFO: Song:原谅 downloaded to C:\Users\Jven\Desktop\Music\张震岳\秘密基地\原谅.flac
2020-05-17 18:23:25 [root] INFO: Lyrics:原谅 downloaded to C:\Users\Jven\Desktop\Music\张震岳\秘密基地\原谅.txt
2020-05-17 18:23:26 [root] INFO: Song:天堂 crawled
2020-05-17 18:23:33 [root] INFO: Song:天堂 downloaded to C:\Users\Jven\Desktop\Music\张震岳\阿岳正传\天堂.flac
2020-05-17 18:23:33 [root] INFO: Lyrics:天堂 downloaded to C:\Users\Jven\Desktop\Music\张震岳\阿岳正传\天堂.txt
2020-05-17 18:23:33 [scrapy.extensions.logstats] INFO: Crawled 230 pages (at 10 pages/min), scraped 109 items (at 6 items/min)
2020-05-17 18:23:43 [root] INFO: Song:分手的人 crawled
2020-05-17 18:23:51 [root] INFO: Song:分手的人 downloaded to C:\Users\Jven\Desktop\Music\张震岳\这个下午很无聊\分手的人.flac
2020-05-17 18:23:51 [root] INFO: Lyrics:分手的人 downloaded to C:\Users\Jven\Desktop\Music\张震岳\这个下午很无聊\分手的人.txt
2020-05-17 18:23:51 [root] INFO: Song:马拉桑 crawled
2020-05-17 18:23:56 [root] INFO: Song:马拉桑 downloaded to C:\Users\Jven\Desktop\Music\张震岳\马拉桑Malasun\马拉桑.flac
2020-05-17 18:23:56 [root] INFO: Lyrics:马拉桑 downloaded to C:\Users\Jven\Desktop\Music\张震岳\马拉桑Malasun\马拉桑.txt
2020-05-17 18:24:07 [root] INFO: Song:相信你 crawled
2020-05-17 18:24:12 [root] INFO: Song:相信你 downloaded to C:\Users\Jven\Desktop\Music\张震岳\我想要的感觉\相信你.flac
2020-05-17 18:24:12 [root] INFO: Lyrics:相信你 downloaded to C:\Users\Jven\Desktop\Music\张震岳\我想要的感觉\相信你.txt
2020-05-17 18:24:14 [root] INFO: Song:别哭小女孩 crawled
2020-05-17 18:24:21 [root] INFO: Song:别哭小女孩 downloaded to C:\Users\Jven\Desktop\Music\张震岳\破浪演唱会\别哭小女孩.mp3
2020-05-17 18:24:21 [root] INFO: Lyrics:别哭小女孩 downloaded to C:\Users\Jven\Desktop\Music\张震岳\破浪演唱会\别哭小女孩.txt
2020-05-17 18:24:28 [scrapy.extensions.logstats] INFO: Crawled 239 pages (at 9 pages/min), scraped 113 items (at 4 items/min)
2020-05-17 18:24:33 [root] INFO: Song:蕾蕾 crawled
2020-05-17 18:24:42 [root] INFO: Song:蕾蕾 downloaded to C:\Users\Jven\Desktop\Music\张震岳\等我有一天\蕾蕾.flac
2020-05-17 18:24:42 [root] INFO: Lyrics:蕾蕾 downloaded to C:\Users\Jven\Desktop\Music\张震岳\等我有一天\蕾蕾.txt
2020-05-17 18:24:43 [root] INFO: Song:出走 crawled
2020-05-17 18:24:48 [root] INFO: Song:出走 downloaded to C:\Users\Jven\Desktop\Music\张震岳\我想要的感觉\出走.flac
2020-05-17 18:24:48 [root] INFO: Lyrics:出走 downloaded to C:\Users\Jven\Desktop\Music\张震岳\我想要的感觉\出走.txt
2020-05-17 18:24:59 [root] INFO: Song:消失在你的世界里 crawled
2020-05-17 18:25:05 [root] INFO: Song:消失在你的世界里 downloaded to C:\Users\Jven\Desktop\Music\张震岳\破浪演唱会\消失在你的世界里.mp3
2020-05-17 18:25:05 [root] INFO: Lyrics:消失在你的世界里 downloaded to C:\Users\Jven\Desktop\Music\张震岳\破浪演唱会\消失在你的世界里.txt
2020-05-17 18:25:06 [root] INFO: Song:抱着你 crawled
2020-05-17 18:25:08 [root] INFO: Song:抱着你 downloaded to C:\Users\Jven\Desktop\Music\张震岳\破浪演唱会\抱着你.mp3
2020-05-17 18:25:08 [root] INFO: Lyrics:抱着你 downloaded to C:\Users\Jven\Desktop\Music\张震岳\破浪演唱会\抱着你.txt
2020-05-17 18:25:24 [root] INFO: Song:破吉他 crawled
2020-05-17 18:25:29 [root] INFO: Song:破吉他 downloaded to C:\Users\Jven\Desktop\Music\张震岳\破浪演唱会\破吉他.mp3
2020-05-17 18:25:29 [root] INFO: Lyrics:破吉他 downloaded to C:\Users\Jven\Desktop\Music\张震岳\破浪演唱会\破吉他.txt
2020-05-17 18:25:29 [scrapy.extensions.logstats] INFO: Crawled 249 pages (at 10 pages/min), scraped 118 items (at 5 items/min)
2020-05-17 18:25:30 [root] INFO: Song:愚人节那天 crawled
2020-05-17 18:25:36 [root] INFO: Song:愚人节那天 downloaded to C:\Users\Jven\Desktop\Music\张震岳\就是喜欢你\愚人节那天.flac
2020-05-17 18:25:36 [root] INFO: Lyrics:愚人节那天 downloaded to C:\Users\Jven\Desktop\Music\张震岳\就是喜欢你\愚人节那天.txt
2020-05-17 18:25:50 [root] INFO: Song:我的心是为你跳 crawled
2020-05-17 18:26:02 [root] INFO: Song:我的心是为你跳 downloaded to C:\Users\Jven\Desktop\Music\张震岳\就是喜欢你\我的心是为你跳.flac
2020-05-17 18:26:02 [root] INFO: Lyrics:我的心是为你跳 downloaded to C:\Users\Jven\Desktop\Music\张震岳\就是喜欢你\我的心是为你跳.txt
2020-05-17 18:26:03 [root] INFO: Song:Blues crawled
2020-05-17 18:26:08 [root] INFO: Song:Blues downloaded to C:\Users\Jven\Desktop\Music\张震岳\我想要的感觉\Blues.flac
2020-05-17 18:26:08 [root] INFO: Lyrics:Blues downloaded to C:\Users\Jven\Desktop\Music\张震岳\我想要的感觉\Blues.txt
2020-05-17 18:26:21 [root] INFO: Song:爱 欲 浮世绘 crawled
2020-05-17 18:26:23 [root] INFO: Song:爱 欲 浮世绘 downloaded to C:\Users\Jven\Desktop\Music\张震岳\南下专线\爱 欲 浮世绘.mp3
2020-05-17 18:26:23 [root] INFO: Lyrics:爱 欲 浮世绘 downloaded to C:\Users\Jven\Desktop\Music\张震岳\南下专线\爱 欲 浮世绘.txt
2020-05-17 18:26:28 [scrapy.extensions.logstats] INFO: Crawled 257 pages (at 8 pages/min), scraped 122 items (at 4 items/min)
2020-05-17 18:26:29 [root] INFO: Song:改变 crawled
2020-05-17 18:26:44 [root] INFO: Song:改变 downloaded to C:\Users\Jven\Desktop\Music\张震岳\这个下午很无聊\改变.flac
2020-05-17 18:26:44 [root] INFO: Lyrics:改变 downloaded to C:\Users\Jven\Desktop\Music\张震岳\这个下午很无聊\改变.txt
2020-05-17 18:26:57 [root] INFO: Song:我给的爱 crawled
2020-05-17 18:27:00 [root] INFO: Song:我给的爱 downloaded to C:\Users\Jven\Desktop\Music\张震岳\破浪演唱会\我给的爱.mp3
2020-05-17 18:27:00 [root] INFO: Lyrics:我给的爱 downloaded to C:\Users\Jven\Desktop\Music\张震岳\破浪演唱会\我给的爱.txt
2020-05-17 18:27:04 [root] INFO: Song:小星星 crawled
2020-05-17 18:27:08 [root] INFO: Song:小星星 downloaded to C:\Users\Jven\Desktop\Music\张震岳\破浪演唱会\小星星.mp3
2020-05-17 18:27:08 [root] INFO: Lyrics:小星星 downloaded to C:\Users\Jven\Desktop\Music\张震岳\破浪演唱会\小星星.txt
2020-05-17 18:27:24 [root] INFO: Song:认输 crawled
2020-05-17 18:27:30 [root] INFO: Song:认输 downloaded to C:\Users\Jven\Desktop\Music\张震岳\等我有一天\认输.flac
2020-05-17 18:27:30 [root] INFO: Lyrics:认输 downloaded to C:\Users\Jven\Desktop\Music\张震岳\等我有一天\认输.txt
2020-05-17 18:27:30 [scrapy.extensions.logstats] INFO: Crawled 265 pages (at 8 pages/min), scraped 126 items (at 4 items/min)
2020-05-17 18:27:31 [root] INFO: Song:把妹 crawled
2020-05-17 18:27:38 [root] INFO: Song:把妹 downloaded to C:\Users\Jven\Desktop\Music\张震岳\这个下午很无聊\把妹.flac
2020-05-17 18:27:38 [root] INFO: Lyrics:把妹 downloaded to C:\Users\Jven\Desktop\Music\张震岳\这个下午很无聊\把妹.txt
2020-05-17 18:27:51 [root] INFO: Song:Free Night crawled
2020-05-17 18:27:59 [root] INFO: Song:Free Night downloaded to C:\Users\Jven\Desktop\Music\张震岳\秘密基地\Free Night.flac
2020-05-17 18:27:59 [root] INFO: Lyrics:Free Night downloaded to C:\Users\Jven\Desktop\Music\张震岳\秘密基地\Free Night.txt
2020-05-17 18:27:59 [root] INFO: Song:希望你会懂 crawled
2020-05-17 18:28:05 [root] INFO: Song:希望你会懂 downloaded to C:\Users\Jven\Desktop\Music\张震岳\希望你会懂.flac
2020-05-17 18:28:05 [root] INFO: Lyrics:希望你会懂 downloaded to C:\Users\Jven\Desktop\Music\张震岳\希望你会懂.txt
2020-05-17 18:28:18 [root] INFO: Song:微风香水 crawled
2020-05-17 18:28:24 [root] INFO: Song:微风香水 downloaded to C:\Users\Jven\Desktop\Music\张震岳\等我有一天\微风香水.flac
2020-05-17 18:28:24 [root] INFO: Lyrics:微风香水 downloaded to C:\Users\Jven\Desktop\Music\张震岳\等我有一天\微风香水.txt
2020-05-17 18:28:25 [root] INFO: Song:OK 2010 crawled
2020-05-17 18:28:30 [root] INFO: Song:OK 2010 downloaded to C:\Users\Jven\Desktop\Music\张震岳\两手空空\OK 2010.flac
2020-05-17 18:28:30 [root] INFO: Lyrics:OK 2010 downloaded to C:\Users\Jven\Desktop\Music\张震岳\两手空空\OK 2010.txt
2020-05-17 18:28:30 [scrapy.extensions.logstats] INFO: Crawled 274 pages (at 9 pages/min), scraped 131 items (at 5 items/min)
2020-05-17 18:28:43 [root] INFO: Song:一切再重来 crawled
2020-05-17 18:28:51 [root] INFO: Song:一切再重来 downloaded to C:\Users\Jven\Desktop\Music\张震岳\等我有一天\一切再重来.flac
2020-05-17 18:28:51 [root] INFO: Lyrics:一切再重来 downloaded to C:\Users\Jven\Desktop\Music\张震岳\等我有一天\一切再重来.txt
2020-05-17 18:28:54 [root] INFO: Song:无路用的人 crawled
2020-05-17 18:29:00 [root] INFO: Song:无路用的人 downloaded to C:\Users\Jven\Desktop\Music\张震岳\阿岳正传\无路用的人.flac
2020-05-17 18:29:00 [root] INFO: Lyrics:无路用的人 downloaded to C:\Users\Jven\Desktop\Music\张震岳\阿岳正传\无路用的人.txt
2020-05-17 18:29:15 [root] INFO: Song:我家门前有大海 crawled
2020-05-17 18:29:17 [root] INFO: Song:我家门前有大海 downloaded to C:\Users\Jven\Desktop\Music\张震岳\破浪演唱会\我家门前有大海.mp3
2020-05-17 18:29:17 [root] INFO: Lyrics:我家门前有大海 downloaded to C:\Users\Jven\Desktop\Music\张震岳\破浪演唱会\我家门前有大海.txt
2020-05-17 18:29:20 [root] INFO: Song:关于我们之间的事 crawled
2020-05-17 18:29:25 [root] INFO: Song:关于我们之间的事 downloaded to C:\Users\Jven\Desktop\Music\张震岳\爱情合约原声带\关于我们之间的事.flac
2020-05-17 18:29:25 [root] INFO: Lyrics:关于我们之间的事 downloaded to C:\Users\Jven\Desktop\Music\张震岳\爱情合约原声带\关于我们之间的事.txt
2020-05-17 18:29:28 [scrapy.extensions.logstats] INFO: Crawled 283 pages (at 9 pages/min), scraped 135 items (at 4 items/min)
2020-05-17 18:29:37 [root] INFO: Song:爱不要停摆 crawled
2020-05-17 18:29:48 [root] INFO: Song:爱不要停摆 downloaded to C:\Users\Jven\Desktop\Music\张震岳\秘密基地\爱不要停摆.flac
2020-05-17 18:29:48 [root] INFO: Lyrics:爱不要停摆 downloaded to C:\Users\Jven\Desktop\Music\张震岳\秘密基地\爱不要停摆.txt
2020-05-17 18:29:48 [root] INFO: Song:一开始就没退路 crawled
2020-05-17 18:29:55 [root] INFO: Song:一开始就没退路 downloaded to C:\Users\Jven\Desktop\Music\张震岳\有问题\一开始就没退路.flac
2020-05-17 18:29:55 [root] INFO: Lyrics:一开始就没退路 downloaded to C:\Users\Jven\Desktop\Music\张震岳\有问题\一开始就没退路.txt
2020-05-17 18:30:07 [root] INFO: Song:想你的心情 crawled
2020-05-17 18:30:12 [root] INFO: Song:想你的心情 downloaded to C:\Users\Jven\Desktop\Music\张震岳\就是喜欢你\想你的心情.flac
2020-05-17 18:30:12 [root] INFO: Lyrics:想你的心情 downloaded to C:\Users\Jven\Desktop\Music\张震岳\就是喜欢你\想你的心情.txt
2020-05-17 18:30:13 [root] INFO: Song:分手吧 crawled
2020-05-17 18:30:25 [root] INFO: Song:分手吧 downloaded to C:\Users\Jven\Desktop\Music\张震岳\阿岳正传\分手吧.flac
2020-05-17 18:30:25 [root] INFO: Lyrics:分手吧 downloaded to C:\Users\Jven\Desktop\Music\张震岳\阿岳正传\分手吧.txt
2020-05-17 18:30:28 [scrapy.extensions.logstats] INFO: Crawled 291 pages (at 8 pages/min), scraped 139 items (at 4 items/min)
2020-05-17 18:30:40 [root] INFO: Song:唉唷喂呀 crawled
2020-05-17 18:30:45 [root] INFO: Song:唉唷喂呀 downloaded to C:\Users\Jven\Desktop\Music\张震岳\我是海雅谷慕\唉唷喂呀.flac
2020-05-17 18:30:45 [root] INFO: Lyrics:唉唷喂呀 downloaded to C:\Users\Jven\Desktop\Music\张震岳\我是海雅谷慕\唉唷喂呀.txt
2020-05-17 18:30:46 [root] INFO: Song:OK 2010 crawled
2020-05-17 18:30:51 [root] INFO: Song:OK 2010 downloaded to C:\Users\Jven\Desktop\Music\张震岳\我想要的感觉\OK 2010.flac
2020-05-17 18:30:51 [root] INFO: Lyrics:OK 2010 downloaded to C:\Users\Jven\Desktop\Music\张震岳\我想要的感觉\OK 2010.txt
2020-05-17 18:31:04 [root] INFO: Song:勇气 crawled
2020-05-17 18:31:16 [root] INFO: Song:勇气 downloaded to C:\Users\Jven\Desktop\Music\张震岳\阿岳正传\勇气.flac
2020-05-17 18:31:16 [root] INFO: Lyrics:勇气 downloaded to C:\Users\Jven\Desktop\Music\张震岳\阿岳正传\勇气.txt
2020-05-17 18:31:16 [root] INFO: Song:这个下午很无聊 crawled
2020-05-17 18:31:22 [root] INFO: Song:这个下午很无聊 downloaded to C:\Users\Jven\Desktop\Music\张震岳\这个下午很无聊\这个下午很无聊.flac
2020-05-17 18:31:22 [root] INFO: Lyrics:这个下午很无聊 downloaded to C:\Users\Jven\Desktop\Music\张震岳\这个下午很无聊\这个下午很无聊.txt
2020-05-17 18:31:28 [scrapy.extensions.logstats] INFO: Crawled 299 pages (at 8 pages/min), scraped 143 items (at 4 items/min)
2020-05-17 18:31:34 [root] INFO: Song:想太多 crawled
2020-05-17 18:31:41 [root] INFO: Song:想太多 downloaded to C:\Users\Jven\Desktop\Music\张震岳\有问题\想太多.flac
2020-05-17 18:31:41 [root] INFO: Lyrics:想太多 downloaded to C:\Users\Jven\Desktop\Music\张震岳\有问题\想太多.txt
2020-05-17 18:31:41 [root] INFO: Song:希望你会懂 crawled
2020-05-17 18:31:46 [root] INFO: Song:希望你会懂 downloaded to C:\Users\Jven\Desktop\Music\张震岳\希望你会懂.flac
2020-05-17 18:31:46 [root] INFO: Lyrics:希望你会懂 downloaded to C:\Users\Jven\Desktop\Music\张震岳\希望你会懂.txt
2020-05-17 18:32:03 [root] INFO: Song:上班下班 crawled
2020-05-17 18:32:15 [root] INFO: Song:上班下班 downloaded to C:\Users\Jven\Desktop\Music\张震岳\我是海雅谷慕\上班下班.flac
2020-05-17 18:32:15 [root] INFO: Lyrics:上班下班 downloaded to C:\Users\Jven\Desktop\Music\张震岳\我是海雅谷慕\上班下班.txt
2020-05-17 18:32:16 [root] INFO: Song:防空洞 crawled
2020-05-17 18:32:23 [root] INFO: Song:防空洞 downloaded to C:\Users\Jven\Desktop\Music\张震岳\Happy Hours\防空洞.flac
2020-05-17 18:32:23 [root] INFO: Lyrics:防空洞 downloaded to C:\Users\Jven\Desktop\Music\张震岳\Happy Hours\防空洞.txt
2020-05-17 18:32:28 [scrapy.extensions.logstats] INFO: Crawled 307 pages (at 8 pages/min), scraped 147 items (at 4 items/min)
2020-05-17 18:32:37 [root] INFO: Song:秋天冬天 crawled
2020-05-17 18:32:42 [root] INFO: Song:秋天冬天 downloaded to C:\Users\Jven\Desktop\Music\张震岳\等我有一天\秋天冬天.flac
2020-05-17 18:32:42 [root] INFO: Lyrics:秋天冬天 downloaded to C:\Users\Jven\Desktop\Music\张震岳\等我有一天\秋天冬天.txt
2020-05-17 18:32:44 [root] INFO: Song:没人爱俱乐部 crawled
2020-05-17 18:32:49 [root] INFO: Song:没人爱俱乐部 downloaded to C:\Users\Jven\Desktop\Music\张震岳\我想要的感觉\没人爱俱乐部.flac
2020-05-17 18:32:49 [root] INFO: Lyrics:没人爱俱乐部 downloaded to C:\Users\Jven\Desktop\Music\张震岳\我想要的感觉\没人爱俱乐部.txt
2020-05-17 18:33:04 [root] INFO: Song:123 crawled
2020-05-17 18:33:20 [root] INFO: Song:123 downloaded to C:\Users\Jven\Desktop\Music\张震岳\如果未来\123.flac
2020-05-17 18:33:20 [root] INFO: Lyrics:123 downloaded to C:\Users\Jven\Desktop\Music\张震岳\如果未来\123.txt
2020-05-17 18:33:20 [root] INFO: Song:双手插口袋 crawled
2020-05-17 18:33:25 [root] INFO: Song:双手插口袋 downloaded to C:\Users\Jven\Desktop\Music\张震岳\等我有一天\双手插口袋.flac
2020-05-17 18:33:25 [root] INFO: Lyrics:双手插口袋 downloaded to C:\Users\Jven\Desktop\Music\张震岳\等我有一天\双手插口袋.txt
2020-05-17 18:33:28 [scrapy.extensions.logstats] INFO: Crawled 315 pages (at 8 pages/min), scraped 151 items (at 4 items/min)
2020-05-17 18:33:41 [root] INFO: Song:我要钱 crawled
2020-05-17 18:33:47 [root] INFO: Song:我要钱 downloaded to C:\Users\Jven\Desktop\Music\张震岳\秘密基地\我要钱.flac
2020-05-17 18:33:47 [root] INFO: Lyrics:我要钱 downloaded to C:\Users\Jven\Desktop\Music\张震岳\秘密基地\我要钱.txt
2020-05-17 18:33:47 [root] INFO: Song:飞越无限 crawled
2020-05-17 18:33:49 [root] INFO: Song:飞越无限 downloaded to C:\Users\Jven\Desktop\Music\张震岳\北京卫视2017跨年环球歌会\飞越无限.mp3
2020-05-17 18:33:49 [root] INFO: Lyrics:飞越无限 downloaded to C:\Users\Jven\Desktop\Music\张震岳\北京卫视2017跨年环球歌会\飞越无限.txt
2020-05-17 18:34:08 [root] INFO: Song:只是朋友 crawled
2020-05-17 18:34:13 [root] INFO: Song:只是朋友 downloaded to C:\Users\Jven\Desktop\Music\张震岳\等我有一天\只是朋友.flac
2020-05-17 18:34:13 [root] INFO: Lyrics:只是朋友 downloaded to C:\Users\Jven\Desktop\Music\张震岳\等我有一天\只是朋友.txt
2020-05-17 18:34:14 [root] INFO: Song:你会等我吗 crawled
2020-05-17 18:34:26 [root] INFO: Song:你会等我吗 downloaded to C:\Users\Jven\Desktop\Music\张震岳\这个下午很无聊\你会等我吗.flac
2020-05-17 18:34:26 [root] INFO: Lyrics:你会等我吗 downloaded to C:\Users\Jven\Desktop\Music\张震岳\这个下午很无聊\你会等我吗.txt
2020-05-17 18:34:28 [scrapy.extensions.logstats] INFO: Crawled 323 pages (at 8 pages/min), scraped 155 items (at 4 items/min)
2020-05-17 18:34:41 [root] INFO: Song:回到过去 crawled
2020-05-17 18:34:46 [root] INFO: Song:回到过去 downloaded to C:\Users\Jven\Desktop\Music\张震岳\光阴的故事电视剧原声带\回到过去.flac
2020-05-17 18:34:46 [root] INFO: Lyrics:回到过去 downloaded to C:\Users\Jven\Desktop\Music\张震岳\光阴的故事电视剧原声带\回到过去.txt
2020-05-17 18:34:48 [root] INFO: Song:舍不得 crawled
2020-05-17 18:34:53 [root] INFO: Song:舍不得 downloaded to C:\Users\Jven\Desktop\Music\张震岳\阿岳正传\舍不得.flac
2020-05-17 18:34:53 [root] INFO: Lyrics:舍不得 downloaded to C:\Users\Jven\Desktop\Music\张震岳\阿岳正传\舍不得.txt
2020-05-17 18:35:05 [root] INFO: Song:爱的初体验 crawled
2020-05-17 18:35:12 [root] INFO: Song:爱的初体验 downloaded to C:\Users\Jven\Desktop\Music\张震岳\秘密基地\爱的初体验.flac
2020-05-17 18:35:12 [root] INFO: Lyrics:爱的初体验 downloaded to C:\Users\Jven\Desktop\Music\张震岳\秘密基地\爱的初体验.txt
2020-05-17 18:35:12 [root] INFO: Song:海 crawled
2020-05-17 18:35:19 [root] INFO: Song:海 downloaded to C:\Users\Jven\Desktop\Music\张震岳\就是喜欢你\海.flac
2020-05-17 18:35:19 [root] INFO: Lyrics:海 downloaded to C:\Users\Jven\Desktop\Music\张震岳\就是喜欢你\海.txt
2020-05-17 18:35:28 [scrapy.extensions.logstats] INFO: Crawled 332 pages (at 9 pages/min), scraped 159 items (at 4 items/min)
2020-05-17 18:35:29 [root] INFO: Song:爱的初体验 (Lets Do Cha Cha Mix) crawled
2020-05-17 18:35:35 [root] INFO: Song:爱的初体验 (Lets Do Cha Cha Mix) downloaded to C:\Users\Jven\Desktop\Music\张震岳\爱的初体验 (Lets Do Cha Cha Mix).flac
2020-05-17 18:35:35 [root] INFO: Lyrics:爱的初体验 (Lets Do Cha Cha Mix) downloaded to C:\Users\Jven\Desktop\Music\张震岳\爱的初体验 (Lets Do Cha Cha Mix).txt
2020-05-17 18:35:36 [root] INFO: Song:兄弟本色 crawled
2020-05-17 18:35:39 [root] INFO: Song:兄弟本色 downloaded to C:\Users\Jven\Desktop\Music\张震岳\兄弟本色\兄弟本色.mp3
2020-05-17 18:35:39 [root] INFO: Lyrics:兄弟本色 downloaded to C:\Users\Jven\Desktop\Music\张震岳\兄弟本色\兄弟本色.txt
2020-05-17 18:35:54 [root] INFO: Song:爱的初体验 crawled
2020-05-17 18:35:57 [root] INFO: Song:爱的初体验 downloaded to C:\Users\Jven\Desktop\Music\张震岳\空\爱的初体验.mp3
2020-05-17 18:35:57 [root] INFO: Lyrics:爱的初体验 downloaded to C:\Users\Jven\Desktop\Music\张震岳\空\爱的初体验.txt
2020-05-17 18:36:00 [root] INFO: Song:路口 crawled
2020-05-17 18:36:02 [root] INFO: Song:路口 downloaded to C:\Users\Jven\Desktop\Music\张震岳\破浪演唱会\路口.mp3
2020-05-17 18:36:02 [root] INFO: Lyrics:路口 downloaded to C:\Users\Jven\Desktop\Music\张震岳\破浪演唱会\路口.txt
2020-05-17 18:36:19 [root] INFO: Song:秘密 crawled
2020-05-17 18:36:21 [root] INFO: Song:秘密 downloaded to C:\Users\Jven\Desktop\Music\张震岳\破浪演唱会\秘密.mp3
2020-05-17 18:36:21 [root] INFO: Lyrics:秘密 downloaded to C:\Users\Jven\Desktop\Music\张震岳\破浪演唱会\秘密.txt
2020-05-17 18:36:25 [root] INFO: Song:喝酒 crawled
2020-05-17 18:36:33 [root] INFO: Song:喝酒 downloaded to C:\Users\Jven\Desktop\Music\张震岳\这个下午很无聊\喝酒.flac
2020-05-17 18:36:33 [root] INFO: Lyrics:喝酒 downloaded to C:\Users\Jven\Desktop\Music\张震岳\这个下午很无聊\喝酒.txt
2020-05-17 18:36:33 [scrapy.extensions.logstats] INFO: Crawled 342 pages (at 10 pages/min), scraped 165 items (at 6 items/min)
2020-05-17 18:36:46 [root] INFO: Song:无名(写给杨乃文的歌) crawled
2020-05-17 18:36:48 [root] INFO: Song:无名(写给杨乃文的歌) downloaded to C:\Users\Jven\Desktop\Music\张震岳\无名(写给杨乃文的歌)\无名(写给杨乃文的歌).mp3
2020-05-17 18:36:48 [root] INFO: Lyrics:无名(写给杨乃文的歌) downloaded to C:\Users\Jven\Desktop\Music\张震岳\无名(写给杨乃文的歌)\无名(写给杨乃文的歌).txt
2020-05-17 18:36:52 [root] INFO: Song:钟爱一生 + 爱我别走 crawled
2020-05-17 18:36:55 [root] INFO: Song:钟爱一生 + 爱我别走 downloaded to C:\Users\Jven\Desktop\Music\张震岳\钟爱一生 + 爱我别走.mp3
2020-05-17 18:36:55 [root] INFO: Lyrics:钟爱一生 + 爱我别走 downloaded to C:\Users\Jven\Desktop\Music\张震岳\钟爱一生 + 爱我别走.txt
2020-05-17 18:37:12 [root] INFO: Song:爱的初体验 crawled
2020-05-17 18:37:17 [root] INFO: Song:爱的初体验 downloaded to C:\Users\Jven\Desktop\Music\张震岳\爱的初体验.flac
2020-05-17 18:37:17 [root] INFO: Lyrics:爱的初体验 downloaded to C:\Users\Jven\Desktop\Music\张震岳\爱的初体验.txt
2020-05-17 18:37:19 [root] INFO: Song:公路 crawled
2020-05-17 18:37:22 [root] INFO: Song:公路 downloaded to C:\Users\Jven\Desktop\Music\张震岳\空\公路.mp3
2020-05-17 18:37:22 [root] INFO: Lyrics:公路 downloaded to C:\Users\Jven\Desktop\Music\张震岳\空\公路.txt
2020-05-17 18:37:28 [scrapy.extensions.logstats] INFO: Crawled 351 pages (at 9 pages/min), scraped 169 items (at 4 items/min)
2020-05-17 18:37:39 [root] INFO: Song:小星星 crawled
2020-05-17 18:37:51 [root] INFO: Song:小星星 downloaded to C:\Users\Jven\Desktop\Music\张震岳\OK\小星星.flac
2020-05-17 18:37:51 [root] INFO: Lyrics:小星星 downloaded to C:\Users\Jven\Desktop\Music\张震岳\OK\小星星.txt
2020-05-17 18:37:51 [root] INFO: Song:孤独的夜哨 crawled
2020-05-17 18:37:57 [root] INFO: Song:孤独的夜哨 downloaded to C:\Users\Jven\Desktop\Music\张震岳\OK\孤独的夜哨.flac
2020-05-17 18:37:57 [root] INFO: Lyrics:孤独的夜哨 downloaded to C:\Users\Jven\Desktop\Music\张震岳\OK\孤独的夜哨.txt
2020-05-17 18:38:06 [root] INFO: Song:山上的女孩 crawled
2020-05-17 18:38:12 [root] INFO: Song:山上的女孩 downloaded to C:\Users\Jven\Desktop\Music\张震岳\再见\山上的女孩.flac
2020-05-17 18:38:12 [root] INFO: Lyrics:山上的女孩 downloaded to C:\Users\Jven\Desktop\Music\张震岳\再见\山上的女孩.txt
2020-05-17 18:38:13 [root] INFO: Song:先这样吧 crawled
2020-05-17 18:38:19 [root] INFO: Song:先这样吧 downloaded to C:\Users\Jven\Desktop\Music\张震岳\我是海雅谷慕\先这样吧.flac
2020-05-17 18:38:19 [root] INFO: Lyrics:先这样吧 downloaded to C:\Users\Jven\Desktop\Music\张震岳\我是海雅谷慕\先这样吧.txt
2020-05-17 18:38:28 [scrapy.extensions.logstats] INFO: Crawled 360 pages (at 9 pages/min), scraped 173 items (at 4 items/min)
2020-05-17 18:38:29 [root] INFO: Song:山地小情歌 crawled
2020-05-17 18:38:35 [root] INFO: Song:山地小情歌 downloaded to C:\Users\Jven\Desktop\Music\张震岳\再见\山地小情歌.flac
2020-05-17 18:38:35 [root] INFO: Lyrics:山地小情歌 downloaded to C:\Users\Jven\Desktop\Music\张震岳\再见\山地小情歌.txt
2020-05-17 18:38:36 [root] INFO: Song:自由 crawled
2020-05-17 18:38:38 [root] INFO: Song:自由 downloaded to C:\Users\Jven\Desktop\Music\张震岳\破浪演唱会\自由.mp3
2020-05-17 18:38:38 [root] INFO: Lyrics:自由 downloaded to C:\Users\Jven\Desktop\Music\张震岳\破浪演唱会\自由.txt
2020-05-17 18:38:56 [root] INFO: Song:别哭小女孩 crawled
2020-05-17 18:39:00 [root] INFO: Song:别哭小女孩 downloaded to C:\Users\Jven\Desktop\Music\张震岳\我是海雅谷慕\别哭小女孩.flac
2020-05-17 18:39:00 [root] INFO: Lyrics:别哭小女孩 downloaded to C:\Users\Jven\Desktop\Music\张震岳\我是海雅谷慕\别哭小女孩.txt
2020-05-17 18:39:01 [root] INFO: Song:我想要的感觉 crawled
2020-05-17 18:39:09 [root] INFO: Song:我想要的感觉 downloaded to C:\Users\Jven\Desktop\Music\张震岳\两手空空\我想要的感觉.flac
2020-05-17 18:39:09 [root] INFO: Lyrics:我想要的感觉 downloaded to C:\Users\Jven\Desktop\Music\张震岳\两手空空\我想要的感觉.txt
2020-05-17 18:39:23 [root] INFO: Song:爱的初体验 crawled
2020-05-17 18:39:27 [root] INFO: Song:爱的初体验 downloaded to C:\Users\Jven\Desktop\Music\张震岳\爱的初体验.flac
2020-05-17 18:39:27 [root] INFO: Lyrics:爱的初体验 downloaded to C:\Users\Jven\Desktop\Music\张震岳\爱的初体验.txt
2020-05-17 18:39:28 [scrapy.extensions.logstats] INFO: Crawled 369 pages (at 9 pages/min), scraped 178 items (at 5 items/min)
2020-05-17 18:39:29 [root] INFO: Song:有一天 crawled
2020-05-17 18:39:34 [root] INFO: Song:有一天 downloaded to C:\Users\Jven\Desktop\Music\张震岳\我想要的感觉\有一天.flac
2020-05-17 18:39:34 [root] INFO: Lyrics:有一天 downloaded to C:\Users\Jven\Desktop\Music\张震岳\我想要的感觉\有一天.txt
2020-05-17 18:39:43 [root] INFO: Song:爱的初体验 crawled
2020-05-17 18:39:51 [root] INFO: Song:爱的初体验 downloaded to C:\Users\Jven\Desktop\Music\张震岳\情感万花筒演唱会(滚石香港十周年演唱会庆典)\爱的初体验.mp3
2020-05-17 18:39:51 [root] INFO: Lyrics:爱的初体验 downloaded to C:\Users\Jven\Desktop\Music\张震岳\情感万花筒演唱会(滚石香港十周年演唱会庆典)\爱的初体验.txt
2020-05-17 18:39:51 [root] INFO: Song:消失在你的世界里 crawled
2020-05-17 18:39:56 [root] INFO: Song:消失在你的世界里 downloaded to C:\Users\Jven\Desktop\Music\张震岳\我是海雅谷慕\消失在你的世界里.flac
2020-05-17 18:39:56 [root] INFO: Lyrics:消失在你的世界里 downloaded to C:\Users\Jven\Desktop\Music\张震岳\我是海雅谷慕\消失在你的世界里.txt
2020-05-17 18:40:11 [root] INFO: Song:我想要的感觉 crawled
2020-05-17 18:40:18 [root] INFO: Song:我想要的感觉 downloaded to C:\Users\Jven\Desktop\Music\张震岳\我想要的感觉\我想要的感觉.flac
2020-05-17 18:40:18 [root] INFO: Lyrics:我想要的感觉 downloaded to C:\Users\Jven\Desktop\Music\张震岳\我想要的感觉\我想要的感觉.txt
2020-05-17 18:40:18 [root] INFO: Song:爱的初体验 crawled
2020-05-17 18:40:22 [root] INFO: Song:爱的初体验 downloaded to C:\Users\Jven\Desktop\Music\张震岳\爱的初体验.mp3
2020-05-17 18:40:22 [root] INFO: Lyrics:爱的初体验 downloaded to C:\Users\Jven\Desktop\Music\张震岳\爱的初体验.txt
2020-05-17 18:40:28 [scrapy.extensions.logstats] INFO: Crawled 379 pages (at 10 pages/min), scraped 183 items (at 5 items/min)
2020-05-17 18:40:36 [root] INFO: Song:Super Duper Fly crawled
2020-05-17 18:40:41 [root] INFO: Song:Super Duper Fly downloaded to C:\Users\Jven\Desktop\Music\张震岳\Super Duper Fly\Super Duper Fly.flac
2020-05-17 18:40:41 [root] INFO: Lyrics:Super Duper Fly downloaded to C:\Users\Jven\Desktop\Music\张震岳\Super Duper Fly\Super Duper Fly.txt
2020-05-17 18:40:43 [root] INFO: Song:嗨嗨人生 (Live) crawled
2020-05-17 18:40:46 [root] INFO: Song:嗨嗨人生 (Live) downloaded to C:\Users\Jven\Desktop\Music\张震岳\嗨嗨人生 (Live).mp3
2020-05-17 18:40:46 [root] INFO: Lyrics:嗨嗨人生 (Live) downloaded to C:\Users\Jven\Desktop\Music\张震岳\嗨嗨人生 (Live).txt
2020-05-17 18:41:04 [root] INFO: Song:跑车与坦克 crawled
2020-05-17 18:41:09 [root] INFO: Song:跑车与坦克 downloaded to C:\Users\Jven\Desktop\Music\张震岳\我是海雅谷慕\跑车与坦克.flac
2020-05-17 18:41:09 [root] INFO: Lyrics:跑车与坦克 downloaded to C:\Users\Jven\Desktop\Music\张震岳\我是海雅谷慕\跑车与坦克.txt
2020-05-17 18:41:10 [root] INFO: Song:我的时代 crawled
2020-05-17 18:41:17 [root] INFO: Song:我的时代 downloaded to C:\Users\Jven\Desktop\Music\张震岳\我的时代\我的时代.flac
2020-05-17 18:41:17 [root] INFO: Lyrics:我的时代 downloaded to C:\Users\Jven\Desktop\Music\张震岳\我的时代\我的时代.txt
2020-05-17 18:41:28 [scrapy.extensions.logstats] INFO: Crawled 388 pages (at 9 pages/min), scraped 187 items (at 4 items/min)
2020-05-17 18:41:29 [root] INFO: Song:我给的爱 crawled
2020-05-17 18:41:37 [root] INFO: Song:我给的爱 downloaded to C:\Users\Jven\Desktop\Music\张震岳\阿岳正传\我给的爱.flac
2020-05-17 18:41:37 [root] INFO: Lyrics:我给的爱 downloaded to C:\Users\Jven\Desktop\Music\张震岳\阿岳正传\我给的爱.txt
2020-05-17 18:41:37 [root] INFO: Song:就是喜欢你 crawled
2020-05-17 18:41:43 [root] INFO: Song:就是喜欢你 downloaded to C:\Users\Jven\Desktop\Music\张震岳\就是喜欢你\就是喜欢你.flac
2020-05-17 18:41:43 [root] INFO: Lyrics:就是喜欢你 downloaded to C:\Users\Jven\Desktop\Music\张震岳\就是喜欢你\就是喜欢你.txt
2020-05-17 18:41:53 [root] INFO: Song:臭男人 crawled
2020-05-17 18:42:01 [root] INFO: Song:臭男人 downloaded to C:\Users\Jven\Desktop\Music\张震岳\等我有一天\臭男人.flac
2020-05-17 18:42:01 [root] INFO: Lyrics:臭男人 downloaded to C:\Users\Jven\Desktop\Music\张震岳\等我有一天\臭男人.txt
2020-05-17 18:42:01 [root] INFO: Song:有一天 crawled
2020-05-17 18:42:07 [root] INFO: Song:有一天 downloaded to C:\Users\Jven\Desktop\Music\张震岳\两手空空\有一天.flac
2020-05-17 18:42:07 [root] INFO: Lyrics:有一天 downloaded to C:\Users\Jven\Desktop\Music\张震岳\两手空空\有一天.txt
2020-05-17 18:42:20 [root] INFO: Song:离开 crawled
2020-05-17 18:42:29 [root] INFO: Song:离开 downloaded to C:\Users\Jven\Desktop\Music\张震岳\有问题\离开.flac
2020-05-17 18:42:29 [root] INFO: Lyrics:离开 downloaded to C:\Users\Jven\Desktop\Music\张震岳\有问题\离开.txt
2020-05-17 18:42:29 [scrapy.extensions.logstats] INFO: Crawled 397 pages (at 9 pages/min), scraped 192 items (at 5 items/min)
2020-05-17 18:42:30 [root] INFO: Song:Bye Bye crawled
2020-05-17 18:42:36 [root] INFO: Song:Bye Bye downloaded to C:\Users\Jven\Desktop\Music\张震岳\阿岳正传\Bye Bye.flac
2020-05-17 18:42:36 [root] INFO: Lyrics:Bye Bye downloaded to C:\Users\Jven\Desktop\Music\张震岳\阿岳正传\Bye Bye.txt
2020-05-17 18:42:48 [root] INFO: Song:OK crawled
2020-05-17 18:42:55 [root] INFO: Song:OK downloaded to C:\Users\Jven\Desktop\Music\张震岳\OK\OK.flac
2020-05-17 18:42:55 [root] INFO: Lyrics:OK downloaded to C:\Users\Jven\Desktop\Music\张震岳\OK\OK.txt
2020-05-17 18:42:56 [root] INFO: Song:爱就别走 crawled
2020-05-17 18:43:04 [root] INFO: Song:爱就别走 downloaded to C:\Users\Jven\Desktop\Music\张震岳\爱就别走\爱就别走.flac
2020-05-17 18:43:04 [root] INFO: Lyrics:爱就别走 downloaded to C:\Users\Jven\Desktop\Music\张震岳\爱就别走\爱就别走.txt
2020-05-17 18:43:16 [root] INFO: Song:绝对 crawled
2020-05-17 18:43:23 [root] INFO: Song:绝对 downloaded to C:\Users\Jven\Desktop\Music\张震岳\远走高飞\绝对.flac
2020-05-17 18:43:23 [root] INFO: Lyrics:绝对 downloaded to C:\Users\Jven\Desktop\Music\张震岳\远走高飞\绝对.txt
2020-05-17 18:43:23 [root] INFO: Song:冬天下午的太阳 crawled
2020-05-17 18:43:30 [root] INFO: Song:冬天下午的太阳 downloaded to C:\Users\Jven\Desktop\Music\张震岳\ORANGE\冬天下午的太阳.flac
2020-05-17 18:43:30 [root] INFO: Lyrics:冬天下午的太阳 downloaded to C:\Users\Jven\Desktop\Music\张震岳\ORANGE\冬天下午的太阳.txt
2020-05-17 18:43:30 [scrapy.extensions.logstats] INFO: Crawled 406 pages (at 9 pages/min), scraped 197 items (at 5 items/min)
2020-05-17 18:43:44 [root] INFO: Song:干妹妹 crawled
2020-05-17 18:43:50 [root] INFO: Song:干妹妹 downloaded to C:\Users\Jven\Desktop\Music\张震岳\秘密基地\干妹妹.flac
2020-05-17 18:43:50 [root] INFO: Lyrics:干妹妹 downloaded to C:\Users\Jven\Desktop\Music\张震岳\秘密基地\干妹妹.txt
2020-05-17 18:43:50 [root] INFO: Song:爱的初体验 (Live) crawled
2020-05-17 18:43:54 [root] INFO: Song:爱的初体验 (Live) downloaded to C:\Users\Jven\Desktop\Music\张震岳\空\爱的初体验 (Live).mp3
2020-05-17 18:43:54 [root] INFO: Lyrics:爱的初体验 (Live) downloaded to C:\Users\Jven\Desktop\Music\张震岳\空\爱的初体验 (Live).txt
2020-05-17 18:44:10 [root] INFO: Song:怎么办 crawled
2020-05-17 18:44:16 [root] INFO: Song:怎么办 downloaded to C:\Users\Jven\Desktop\Music\张震岳\这个下午很无聊\怎么办.flac
2020-05-17 18:44:16 [root] INFO: Lyrics:怎么办 downloaded to C:\Users\Jven\Desktop\Music\张震岳\这个下午很无聊\怎么办.txt
2020-05-17 18:44:16 [root] INFO: Song:念念不忘 crawled
2020-05-17 18:44:23 [root] INFO: Song:念念不忘 downloaded to C:\Users\Jven\Desktop\Music\张震岳\远走高飞\念念不忘.flac
2020-05-17 18:44:23 [root] INFO: Lyrics:念念不忘 downloaded to C:\Users\Jven\Desktop\Music\张震岳\远走高飞\念念不忘.txt
2020-05-17 18:44:28 [scrapy.extensions.logstats] INFO: Crawled 415 pages (at 9 pages/min), scraped 201 items (at 4 items/min)
2020-05-17 18:44:33 [root] INFO: Song:在凌晨 crawled
2020-05-17 18:44:41 [root] INFO: Song:在凌晨 downloaded to C:\Users\Jven\Desktop\Music\张震岳\有问题\在凌晨.flac
2020-05-17 18:44:41 [root] INFO: Lyrics:在凌晨 downloaded to C:\Users\Jven\Desktop\Music\张震岳\有问题\在凌晨.txt
2020-05-17 18:44:41 [root] INFO: Song:再见 Hip Hop crawled
2020-05-17 18:44:58 [root] INFO: Song:再见 Hip Hop downloaded to C:\Users\Jven\Desktop\Music\张震岳\废物\再见 Hip Hop.flac
2020-05-17 18:44:58 [root] INFO: Lyrics:再见 Hip Hop downloaded to C:\Users\Jven\Desktop\Music\张震岳\废物\再见 Hip Hop.txt
2020-05-17 18:45:09 [root] INFO: Song:爱之初体验 crawled
2020-05-17 18:45:15 [root] INFO: Song:爱之初体验 downloaded to C:\Users\Jven\Desktop\Music\张震岳\情歌101\爱之初体验.flac
2020-05-17 18:45:15 [root] INFO: Lyrics:爱之初体验 downloaded to C:\Users\Jven\Desktop\Music\张震岳\情歌101\爱之初体验.txt
2020-05-17 18:45:16 [root] INFO: Song:抱着你 crawled
2020-05-17 18:45:20 [root] INFO: Song:抱着你 downloaded to C:\Users\Jven\Desktop\Music\张震岳\孩子 Tears For Children\抱着你.mp3
2020-05-17 18:45:20 [root] INFO: Lyrics:抱着你 downloaded to C:\Users\Jven\Desktop\Music\张震岳\孩子 Tears For Children\抱着你.txt
2020-05-17 18:45:28 [scrapy.extensions.logstats] INFO: Crawled 423 pages (at 8 pages/min), scraped 205 items (at 4 items/min)
2020-05-17 18:45:41 [root] INFO: Song:你说有个女孩 crawled
2020-05-17 18:45:49 [root] INFO: Song:你说有个女孩 downloaded to C:\Users\Jven\Desktop\Music\张震岳\OK\你说有个女孩.flac
2020-05-17 18:45:49 [root] INFO: Lyrics:你说有个女孩 downloaded to C:\Users\Jven\Desktop\Music\张震岳\OK\你说有个女孩.txt
2020-05-17 18:45:49 [root] INFO: Song:我会想念你 crawled
2020-05-17 18:45:56 [root] INFO: Song:我会想念你 downloaded to C:\Users\Jven\Desktop\Music\张震岳\阿岳正传\我会想念你.flac
2020-05-17 18:45:56 [root] INFO: Lyrics:我会想念你 downloaded to C:\Users\Jven\Desktop\Music\张震岳\阿岳正传\我会想念你.txt
2020-05-17 18:46:05 [root] INFO: Song:思念是一种病 crawled
2020-05-17 18:46:07 [root] INFO: Song:思念是一种病 downloaded to C:\Users\Jven\Desktop\Music\张震岳\兄弟本色“日落黑趴”世界巡回演唱会北京站\思念是一种病.mp3
2020-05-17 18:46:07 [root] INFO: Lyrics:思念是一种病 downloaded to C:\Users\Jven\Desktop\Music\张震岳\兄弟本色“日落黑趴”世界巡回演唱会北京站\思念是一种病.txt
2020-05-17 18:46:14 [root] INFO: Song:双手插口袋 crawled
2020-05-17 18:46:17 [root] INFO: Song:双手插口袋 downloaded to C:\Users\Jven\Desktop\Music\张震岳\Fresh Game\双手插口袋.mp3
2020-05-17 18:46:17 [root] INFO: Lyrics:双手插口袋 downloaded to C:\Users\Jven\Desktop\Music\张震岳\Fresh Game\双手插口袋.txt
2020-05-17 18:46:28 [scrapy.extensions.logstats] INFO: Crawled 432 pages (at 9 pages/min), scraped 209 items (at 4 items/min)
2020-05-17 18:46:31 [root] INFO: Song:勇气 crawled
2020-05-17 18:46:37 [root] INFO: Song:勇气 downloaded to C:\Users\Jven\Desktop\Music\张震岳\秘密基地\勇气.flac
2020-05-17 18:46:37 [root] INFO: Lyrics:勇气 downloaded to C:\Users\Jven\Desktop\Music\张震岳\秘密基地\勇气.txt
2020-05-17 18:46:38 [root] INFO: Song:破吉他 crawled
2020-05-17 18:46:44 [root] INFO: Song:破吉他 downloaded to C:\Users\Jven\Desktop\Music\张震岳\我是海雅谷慕\破吉他.flac
2020-05-17 18:46:44 [root] INFO: Lyrics:破吉他 downloaded to C:\Users\Jven\Desktop\Music\张震岳\我是海雅谷慕\破吉他.txt
2020-05-17 18:46:57 [root] INFO: Song:贪心 crawled
2020-05-17 18:47:06 [root] INFO: Song:贪心 downloaded to C:\Users\Jven\Desktop\Music\张震岳\远走高飞\贪心.flac
2020-05-17 18:47:06 [root] INFO: Lyrics:贪心 downloaded to C:\Users\Jven\Desktop\Music\张震岳\远走高飞\贪心.txt
2020-05-17 18:47:06 [root] INFO: Song:爱的初体验 (Live) crawled
2020-05-17 18:47:09 [root] INFO: Song:爱的初体验 (Live) downloaded to C:\Users\Jven\Desktop\Music\张震岳\兄弟本色 广州中央车站演唱会\爱的初体验 (Live).mp3
2020-05-17 18:47:09 [root] INFO: Lyrics:爱的初体验 (Live) downloaded to C:\Users\Jven\Desktop\Music\张震岳\兄弟本色 广州中央车站演唱会\爱的初体验 (Live).txt
2020-05-17 18:47:26 [root] INFO: Song:小宇 crawled
2020-05-17 18:47:29 [root] INFO: Song:小宇 downloaded to C:\Users\Jven\Desktop\Music\张震岳\破浪演唱会\小宇.mp3
2020-05-17 18:47:29 [root] INFO: Lyrics:小宇 downloaded to C:\Users\Jven\Desktop\Music\张震岳\破浪演唱会\小宇.txt
2020-05-17 18:47:29 [scrapy.extensions.logstats] INFO: Crawled 441 pages (at 9 pages/min), scraped 214 items (at 5 items/min)
2020-05-17 18:47:32 [root] INFO: Song:凡人歌 crawled
2020-05-17 18:47:35 [root] INFO: Song:凡人歌 downloaded to C:\Users\Jven\Desktop\Music\张震岳\凡人歌.mp3
2020-05-17 18:47:35 [root] INFO: Lyrics:凡人歌 downloaded to C:\Users\Jven\Desktop\Music\张震岳\凡人歌.txt
2020-05-17 18:47:53 [root] INFO: Song:抱着你 crawled
2020-05-17 18:48:00 [root] INFO: Song:抱着你 downloaded to C:\Users\Jven\Desktop\Music\张震岳\我是海雅谷慕\抱着你.flac
2020-05-17 18:48:00 [root] INFO: Lyrics:抱着你 downloaded to C:\Users\Jven\Desktop\Music\张震岳\我是海雅谷慕\抱着你.txt
2020-05-17 18:48:00 [root] INFO: Song:两手空空 crawled
2020-05-17 18:48:07 [root] INFO: Song:两手空空 downloaded to C:\Users\Jven\Desktop\Music\张震岳\两手空空\两手空空.flac
2020-05-17 18:48:07 [root] INFO: Lyrics:两手空空 downloaded to C:\Users\Jven\Desktop\Music\张震岳\两手空空\两手空空.txt
2020-05-17 18:48:21 [root] INFO: Song:无名的情歌 crawled
2020-05-17 18:48:29 [root] INFO: Song:无名的情歌 downloaded to C:\Users\Jven\Desktop\Music\张震岳\我是海雅谷慕\无名的情歌.flac
2020-05-17 18:48:29 [root] INFO: Lyrics:无名的情歌 downloaded to C:\Users\Jven\Desktop\Music\张震岳\我是海雅谷慕\无名的情歌.txt
2020-05-17 18:48:29 [scrapy.extensions.logstats] INFO: Crawled 449 pages (at 8 pages/min), scraped 218 items (at 4 items/min)
2020-05-17 18:48:29 [root] INFO: Song:一起Happy crawled
2020-05-17 18:48:36 [root] INFO: Song:一起Happy downloaded to C:\Users\Jven\Desktop\Music\张震岳\一起Happy\一起Happy.flac
2020-05-17 18:48:36 [root] INFO: Lyrics:一起Happy downloaded to C:\Users\Jven\Desktop\Music\张震岳\一起Happy\一起Happy.txt
2020-05-17 18:48:51 [root] INFO: Song:两手空空 crawled
2020-05-17 18:48:57 [root] INFO: Song:两手空空 downloaded to C:\Users\Jven\Desktop\Music\张震岳\我想要的感觉\两手空空.flac
2020-05-17 18:48:57 [root] INFO: Lyrics:两手空空 downloaded to C:\Users\Jven\Desktop\Music\张震岳\我想要的感觉\两手空空.txt
2020-05-17 18:48:57 [root] INFO: Song:嗨嗨人生 crawled
2020-05-17 18:49:04 [root] INFO: Song:嗨嗨人生 downloaded to C:\Users\Jven\Desktop\Music\张震岳\我的时代\嗨嗨人生.flac
2020-05-17 18:49:04 [root] INFO: Lyrics:嗨嗨人生 downloaded to C:\Users\Jven\Desktop\Music\张震岳\我的时代\嗨嗨人生.txt
2020-05-17 18:49:19 [root] INFO: Song:我家门前有大海 crawled
2020-05-17 18:49:25 [root] INFO: Song:我家门前有大海 downloaded to C:\Users\Jven\Desktop\Music\张震岳\我是海雅谷慕\我家门前有大海.flac
2020-05-17 18:49:25 [root] INFO: Lyrics:我家门前有大海 downloaded to C:\Users\Jven\Desktop\Music\张震岳\我是海雅谷慕\我家门前有大海.txt
2020-05-17 18:49:25 [root] INFO: Song:孤独求败 crawled
2020-05-17 18:49:35 [root] INFO: Song:孤独求败 downloaded to C:\Users\Jven\Desktop\Music\张震岳\中国新说唱 第13期\孤独求败.flac
2020-05-17 18:49:35 [root] INFO: Lyrics:孤独求败 downloaded to C:\Users\Jven\Desktop\Music\张震岳\中国新说唱 第13期\孤独求败.txt
2020-05-17 18:49:35 [scrapy.extensions.logstats] INFO: Crawled 458 pages (at 9 pages/min), scraped 223 items (at 5 items/min)
2020-05-17 18:49:49 [root] INFO: Song:分手吧 crawled
2020-05-17 18:49:56 [root] INFO: Song:分手吧 downloaded to C:\Users\Jven\Desktop\Music\张震岳\秘密基地\分手吧.flac
2020-05-17 18:49:56 [root] INFO: Lyrics:分手吧 downloaded to C:\Users\Jven\Desktop\Music\张震岳\秘密基地\分手吧.txt
2020-05-17 18:49:56 [root] INFO: Song:改变 crawled
2020-05-17 18:50:02 [root] INFO: Song:改变 downloaded to C:\Users\Jven\Desktop\Music\张震岳\废物\改变.flac
2020-05-17 18:50:02 [root] INFO: Lyrics:改变 downloaded to C:\Users\Jven\Desktop\Music\张震岳\废物\改变.txt
2020-05-17 18:50:13 [root] INFO: Song:OK (Live) crawled
2020-05-17 18:50:15 [root] INFO: Song:OK (Live) downloaded to C:\Users\Jven\Desktop\Music\张震岳\破浪演唱会\OK (Live).mp3
2020-05-17 18:50:15 [root] INFO: Lyrics:OK (Live) downloaded to C:\Users\Jven\Desktop\Music\张震岳\破浪演唱会\OK (Live).txt
2020-05-17 18:50:20 [root] INFO: Song:爱的初体验 crawled
2020-05-17 18:50:22 [root] INFO: Song:爱的初体验 downloaded to C:\Users\Jven\Desktop\Music\张震岳\爱的初体验.mp3
2020-05-17 18:50:22 [root] INFO: Lyrics:爱的初体验 downloaded to C:\Users\Jven\Desktop\Music\张震岳\爱的初体验.txt
2020-05-17 18:50:28 [scrapy.extensions.logstats] INFO: Crawled 467 pages (at 9 pages/min), scraped 227 items (at 4 items/min)
2020-05-17 18:50:37 [root] INFO: Song:不要说爱我 crawled
2020-05-17 18:50:43 [root] INFO: Song:不要说爱我 downloaded to C:\Users\Jven\Desktop\Music\张震岳\阿岳正传\不要说爱我.flac
2020-05-17 18:50:43 [root] INFO: Lyrics:不要说爱我 downloaded to C:\Users\Jven\Desktop\Music\张震岳\阿岳正传\不要说爱我.txt
2020-05-17 18:50:43 [root] INFO: Song:爱我别走 crawled
2020-05-17 18:50:46 [root] INFO: Song:爱我别走 downloaded to C:\Users\Jven\Desktop\Music\张震岳\破浪演唱会\爱我别走.mp3
2020-05-17 18:50:46 [root] INFO: Lyrics:爱我别走 downloaded to C:\Users\Jven\Desktop\Music\张震岳\破浪演唱会\爱我别走.txt
2020-05-17 18:51:03 [root] INFO: Song:走慢一点点 crawled
2020-05-17 18:51:10 [root] INFO: Song:走慢一点点 downloaded to C:\Users\Jven\Desktop\Music\张震岳\我是海雅谷慕\走慢一点点.flac
2020-05-17 18:51:10 [root] INFO: Lyrics:走慢一点点 downloaded to C:\Users\Jven\Desktop\Music\张震岳\我是海雅谷慕\走慢一点点.txt
2020-05-17 18:51:10 [root] INFO: Song:思念是一种病 crawled
2020-05-17 18:51:17 [root] INFO: Song:思念是一种病 downloaded to C:\Users\Jven\Desktop\Music\张震岳\北京卫视2019环球跨年冰雪盛典\思念是一种病.flac
2020-05-17 18:51:17 [root] INFO: Lyrics:思念是一种病 downloaded to C:\Users\Jven\Desktop\Music\张震岳\北京卫视2019环球跨年冰雪盛典\思念是一种病.txt
2020-05-17 18:51:28 [scrapy.extensions.logstats] INFO: Crawled 476 pages (at 9 pages/min), scraped 231 items (at 4 items/min)
2020-05-17 18:51:30 [root] INFO: Song:英雄之火 + 不灭火 crawled
2020-05-17 18:51:44 [root] INFO: Song:英雄之火 + 不灭火 downloaded to C:\Users\Jven\Desktop\Music\张震岳\中国新说唱 第13期\英雄之火 + 不灭火.flac
2020-05-17 18:51:44 [root] INFO: Lyrics:英雄之火 + 不灭火 downloaded to C:\Users\Jven\Desktop\Music\张震岳\中国新说唱 第13期\英雄之火 + 不灭火.txt
2020-05-17 18:51:45 [root] INFO: Song:青春舞曲 crawled
2020-05-17 18:51:52 [root] INFO: Song:青春舞曲 downloaded to C:\Users\Jven\Desktop\Music\张震岳\中国有嘻哈 第12期\青春舞曲.flac
2020-05-17 18:51:52 [root] INFO: Lyrics:青春舞曲 downloaded to C:\Users\Jven\Desktop\Music\张震岳\中国有嘻哈 第12期\青春舞曲.txt
2020-05-17 18:52:03 [root] INFO: Song:遥远不远 crawled
2020-05-17 18:52:10 [root] INFO: Song:遥远不远 downloaded to C:\Users\Jven\Desktop\Music\张震岳\中国有嘻哈 第7期\遥远不远.flac
2020-05-17 18:52:10 [root] INFO: Lyrics:遥远不远 downloaded to C:\Users\Jven\Desktop\Music\张震岳\中国有嘻哈 第7期\遥远不远.txt
2020-05-17 18:52:11 [root] INFO: Song:远走高飞 crawled
2020-05-17 18:52:17 [root] INFO: Song:远走高飞 downloaded to C:\Users\Jven\Desktop\Music\张震岳\远走高飞\远走高飞.flac
2020-05-17 18:52:17 [root] INFO: Lyrics:远走高飞 downloaded to C:\Users\Jven\Desktop\Music\张震岳\远走高飞\远走高飞.txt
2020-05-17 18:52:28 [scrapy.extensions.logstats] INFO: Crawled 484 pages (at 8 pages/min), scraped 235 items (at 4 items/min)
2020-05-17 18:52:34 [root] INFO: Song:再见 crawled
2020-05-17 18:52:39 [root] INFO: Song:再见 downloaded to C:\Users\Jven\Desktop\Music\张震岳\OK\再见.flac
2020-05-17 18:52:39 [root] INFO: Lyrics:再见 downloaded to C:\Users\Jven\Desktop\Music\张震岳\OK\再见.txt
2020-05-17 18:52:39 [root] INFO: Song:妙手空空 crawled
2020-05-17 18:52:44 [root] INFO: Song:妙手空空 downloaded to C:\Users\Jven\Desktop\Music\张震岳\妙手空空\妙手空空.mp3
2020-05-17 18:52:44 [root] INFO: Lyrics:妙手空空 downloaded to C:\Users\Jven\Desktop\Music\张震岳\妙手空空\妙手空空.txt
2020-05-17 18:53:01 [root] INFO: Song:嗨嗨人生 (Live) crawled
2020-05-17 18:53:07 [root] INFO: Song:嗨嗨人生 (Live) downloaded to C:\Users\Jven\Desktop\Music\张震岳\中国新说唱 第12期\嗨嗨人生 (Live).flac
2020-05-17 18:53:07 [root] INFO: Lyrics:嗨嗨人生 (Live) downloaded to C:\Users\Jven\Desktop\Music\张震岳\中国新说唱 第12期\嗨嗨人生 (Live).txt
2020-05-17 18:53:07 [root] INFO: Song:思念是一种病 crawled
2020-05-17 18:53:10 [root] INFO: Song:思念是一种病 downloaded to C:\Users\Jven\Desktop\Music\张震岳\破浪演唱会\思念是一种病.mp3
2020-05-17 18:53:10 [root] INFO: Lyrics:思念是一种病 downloaded to C:\Users\Jven\Desktop\Music\张震岳\破浪演唱会\思念是一种病.txt
2020-05-17 18:53:28 [scrapy.extensions.logstats] INFO: Crawled 492 pages (at 8 pages/min), scraped 239 items (at 4 items/min)
2020-05-17 18:53:28 [root] INFO: Song:嗨嗨人生 crawled
2020-05-17 18:53:33 [root] INFO: Song:嗨嗨人生 downloaded to C:\Users\Jven\Desktop\Music\张震岳\我想要的感觉\嗨嗨人生.flac
2020-05-17 18:53:33 [root] INFO: Lyrics:嗨嗨人生 downloaded to C:\Users\Jven\Desktop\Music\张震岳\我想要的感觉\嗨嗨人生.txt
2020-05-17 18:53:34 [root] INFO: Song:改变 crawled
2020-05-17 18:53:38 [root] INFO: Song:改变 downloaded to C:\Users\Jven\Desktop\Music\张震岳\中国新说唱2019 第9期\改变.mp3
2020-05-17 18:53:38 [root] INFO: Lyrics:改变 downloaded to C:\Users\Jven\Desktop\Music\张震岳\中国新说唱2019 第9期\改变.txt
2020-05-17 18:53:53 [root] INFO: Song:妙手空空 crawled
2020-05-17 18:53:59 [root] INFO: Song:妙手空空 downloaded to C:\Users\Jven\Desktop\Music\张震岳\十二生肖 电影原声带\妙手空空.flac
2020-05-17 18:53:59 [root] INFO: Lyrics:妙手空空 downloaded to C:\Users\Jven\Desktop\Music\张震岳\十二生肖 电影原声带\妙手空空.txt
2020-05-17 18:54:00 [root] INFO: Song:鹿港小镇 crawled
2020-05-17 18:54:03 [root] INFO: Song:鹿港小镇 downloaded to C:\Users\Jven\Desktop\Music\张震岳\鹿港小镇.mp3
2020-05-17 18:54:03 [root] INFO: Lyrics:鹿港小镇 downloaded to C:\Users\Jven\Desktop\Music\张震岳\鹿港小镇.txt
2020-05-17 18:54:12 [root] INFO: Song:想太多 crawled
2020-05-17 18:54:19 [root] INFO: Song:想太多 downloaded to C:\Users\Jven\Desktop\Music\张震岳\港台电视金曲top100\想太多.flac
2020-05-17 18:54:19 [root] INFO: Lyrics:想太多 downloaded to C:\Users\Jven\Desktop\Music\张震岳\港台电视金曲top100\想太多.txt
2020-05-17 18:54:19 [root] INFO: Song:双手插口袋 crawled
2020-05-17 18:54:22 [root] INFO: Song:双手插口袋 downloaded to C:\Users\Jven\Desktop\Music\张震岳\中国新说唱2019 第12期\双手插口袋.mp3
2020-05-17 18:54:22 [root] INFO: Lyrics:双手插口袋 downloaded to C:\Users\Jven\Desktop\Music\张震岳\中国新说唱2019 第12期\双手插口袋.txt
2020-05-17 18:54:28 [scrapy.extensions.logstats] INFO: Crawled 503 pages (at 11 pages/min), scraped 245 items (at 6 items/min)
2020-05-17 18:54:35 [root] INFO: Song:很难 crawled
2020-05-17 18:54:42 [root] INFO: Song:很难 downloaded to C:\Users\Jven\Desktop\Music\张震岳\OK\很难.flac
2020-05-17 18:54:42 [root] INFO: Lyrics:很难 downloaded to C:\Users\Jven\Desktop\Music\张震岳\OK\很难.txt
2020-05-17 18:54:42 [root] INFO: Song:再见 crawled
2020-05-17 18:54:47 [root] INFO: Song:再见 downloaded to C:\Users\Jven\Desktop\Music\张震岳\北京卫视2019环球跨年冰雪盛典\再见.flac
2020-05-17 18:54:47 [root] INFO: Lyrics:再见 downloaded to C:\Users\Jven\Desktop\Music\张震岳\北京卫视2019环球跨年冰雪盛典\再见.txt
2020-05-17 18:55:03 [root] INFO: Song:无名的情歌 crawled
2020-05-17 18:55:05 [root] INFO: Song:无名的情歌 downloaded to C:\Users\Jven\Desktop\Music\张震岳\空\无名的情歌.mp3
2020-05-17 18:55:05 [root] INFO: Lyrics:无名的情歌 downloaded to C:\Users\Jven\Desktop\Music\张震岳\空\无名的情歌.txt
2020-05-17 18:55:10 [root] INFO: Song:嗨嗨人生 crawled
2020-05-17 18:55:17 [root] INFO: Song:嗨嗨人生 downloaded to C:\Users\Jven\Desktop\Music\张震岳\贫民百万歌星\嗨嗨人生.flac
2020-05-17 18:55:17 [root] INFO: Lyrics:嗨嗨人生 downloaded to C:\Users\Jven\Desktop\Music\张震岳\贫民百万歌星\嗨嗨人生.txt
2020-05-17 18:55:28 [scrapy.extensions.logstats] INFO: Crawled 512 pages (at 9 pages/min), scraped 249 items (at 4 items/min)
2020-05-17 18:55:29 [root] INFO: Song:差不多先生 (Live) crawled
2020-05-17 18:55:32 [root] INFO: Song:差不多先生 (Live) downloaded to C:\Users\Jven\Desktop\Music\张震岳\兄弟本色 广州中央车站演唱会\差不多先生 (Live).mp3
2020-05-17 18:55:32 [root] INFO: Lyrics:差不多先生 (Live) downloaded to C:\Users\Jven\Desktop\Music\张震岳\兄弟本色 广州中央车站演唱会\差不多先生 (Live).txt
2020-05-17 18:55:35 [root] INFO: Song:自由 crawled
2020-05-17 18:55:41 [root] INFO: Song:自由 downloaded to C:\Users\Jven\Desktop\Music\张震岳\秘密基地\自由.flac
2020-05-17 18:55:41 [root] INFO: Lyrics:自由 downloaded to C:\Users\Jven\Desktop\Music\张震岳\秘密基地\自由.txt
2020-05-17 18:56:01 [root] INFO: Song:再见 crawled
2020-05-17 18:56:16 [root] INFO: Song:再见 downloaded to C:\Users\Jven\Desktop\Music\张震岳\破浪演唱会\再见.mp3
2020-05-17 18:56:16 [root] INFO: Lyrics:再见 downloaded to C:\Users\Jven\Desktop\Music\张震岳\破浪演唱会\再见.txt
2020-05-17 18:56:16 [root] INFO: Song:秘密 crawled
2020-05-17 18:56:22 [root] INFO: Song:秘密 downloaded to C:\Users\Jven\Desktop\Music\张震岳\靓点屋精选辑\秘密.flac
2020-05-17 18:56:22 [root] INFO: Lyrics:秘密 downloaded to C:\Users\Jven\Desktop\Music\张震岳\靓点屋精选辑\秘密.txt
2020-05-17 18:56:28 [scrapy.extensions.logstats] INFO: Crawled 519 pages (at 7 pages/min), scraped 253 items (at 4 items/min)
2020-05-17 18:56:36 [root] INFO: Song:路口 crawled
2020-05-17 18:56:42 [root] INFO: Song:路口 downloaded to C:\Users\Jven\Desktop\Music\张震岳\OK\路口.flac
2020-05-17 18:56:42 [root] INFO: Lyrics:路口 downloaded to C:\Users\Jven\Desktop\Music\张震岳\OK\路口.txt
2020-05-17 18:56:43 [root] INFO: Song:离开 crawled
2020-05-17 18:56:52 [root] INFO: Song:离开 downloaded to C:\Users\Jven\Desktop\Music\张震岳\中国新说唱 第4期\离开.flac
2020-05-17 18:56:52 [root] INFO: Lyrics:离开 downloaded to C:\Users\Jven\Desktop\Music\张震岳\中国新说唱 第4期\离开.txt
2020-05-17 18:57:05 [root] INFO: Song:飞太远 crawled
2020-05-17 18:57:15 [root] INFO: Song:飞太远 downloaded to C:\Users\Jven\Desktop\Music\张震岳\中国新说唱 第8期\飞太远.flac
2020-05-17 18:57:15 [root] INFO: Lyrics:飞太远 downloaded to C:\Users\Jven\Desktop\Music\张震岳\中国新说唱 第8期\飞太远.txt
2020-05-17 18:57:15 [root] INFO: Song:酒干倘卖无 crawled
2020-05-17 18:57:23 [root] INFO: Song:酒干倘卖无 downloaded to C:\Users\Jven\Desktop\Music\张震岳\中国有嘻哈 第12期\酒干倘卖无.flac
2020-05-17 18:57:23 [root] INFO: Lyrics:酒干倘卖无 downloaded to C:\Users\Jven\Desktop\Music\张震岳\中国有嘻哈 第12期\酒干倘卖无.txt
2020-05-17 18:57:28 [scrapy.extensions.logstats] INFO: Crawled 527 pages (at 8 pages/min), scraped 257 items (at 4 items/min)
2020-05-17 18:57:38 [root] INFO: Song:Do You Remember crawled
2020-05-17 18:57:40 [root] INFO: Song:Do You Remember downloaded to C:\Users\Jven\Desktop\Music\张震岳\中国新说唱2019 第6期\Do You Remember.mp3
2020-05-17 18:57:40 [root] INFO: Lyrics:Do You Remember downloaded to C:\Users\Jven\Desktop\Music\张震岳\中国新说唱2019 第6期\Do You Remember.txt
2020-05-17 18:57:44 [root] INFO: Song:就让这首歌 crawled
2020-05-17 18:57:55 [root] INFO: Song:就让这首歌 downloaded to C:\Users\Jven\Desktop\Music\张震岳\OK\就让这首歌.flac
2020-05-17 18:57:55 [root] INFO: Lyrics:就让这首歌 downloaded to C:\Users\Jven\Desktop\Music\张震岳\OK\就让这首歌.txt
2020-05-17 18:58:07 [root] INFO: Song:思念是一种病 crawled
2020-05-17 18:58:11 [root] INFO: Song:思念是一种病 downloaded to C:\Users\Jven\Desktop\Music\张震岳\中国新说唱2019 第10期\思念是一种病.mp3
2020-05-17 18:58:11 [root] INFO: Lyrics:思念是一种病 downloaded to C:\Users\Jven\Desktop\Music\张震岳\中国新说唱2019 第10期\思念是一种病.txt
2020-05-17 18:58:13 [root] INFO: Song:再见Hip-Hop crawled
2020-05-17 18:58:22 [root] INFO: Song:再见Hip-Hop downloaded to C:\Users\Jven\Desktop\Music\张震岳\再见Hip-Hop\再见Hip-Hop.flac
2020-05-17 18:58:22 [root] INFO: Lyrics:再见Hip-Hop downloaded to C:\Users\Jven\Desktop\Music\张震岳\再见Hip-Hop\再见Hip-Hop.txt
2020-05-17 18:58:28 [scrapy.extensions.logstats] INFO: Crawled 535 pages (at 8 pages/min), scraped 261 items (at 4 items/min)
2020-05-17 18:58:35 [root] INFO: Song:制作人 cypher crawled
2020-05-17 18:58:43 [root] INFO: Song:制作人 cypher downloaded to C:\Users\Jven\Desktop\Music\张震岳\中国新说唱 第1期\制作人 cypher.flac
2020-05-17 18:58:43 [root] INFO: Lyrics:制作人 cypher downloaded to C:\Users\Jven\Desktop\Music\张震岳\中国新说唱 第1期\制作人 cypher.txt
2020-05-17 18:58:43 [root] INFO: Song:秘密 crawled
2020-05-17 18:58:49 [root] INFO: Song:秘密 downloaded to C:\Users\Jven\Desktop\Music\张震岳\这个下午很无聊\秘密.flac
2020-05-17 18:58:49 [root] INFO: Lyrics:秘密 downloaded to C:\Users\Jven\Desktop\Music\张震岳\这个下午很无聊\秘密.txt
2020-05-17 18:59:00 [root] INFO: Song:迷途羔羊 crawled
2020-05-17 18:59:05 [root] INFO: Song:迷途羔羊 downloaded to C:\Users\Jven\Desktop\Music\张震岳\天兵\迷途羔羊.mp3
2020-05-17 18:59:05 [root] INFO: Lyrics:迷途羔羊 downloaded to C:\Users\Jven\Desktop\Music\张震岳\天兵\迷途羔羊.txt
2020-05-17 18:59:07 [root] INFO: Song:小宇 crawled
2020-05-17 18:59:13 [root] INFO: Song:小宇 downloaded to C:\Users\Jven\Desktop\Music\张震岳\OK\小宇.flac
2020-05-17 18:59:13 [root] INFO: Lyrics:小宇 downloaded to C:\Users\Jven\Desktop\Music\张震岳\OK\小宇.txt
2020-05-17 18:59:25 [root] INFO: Song:MyWay crawled
2020-05-17 18:59:40 [root] INFO: Song:MyWay downloaded to C:\Users\Jven\Desktop\Music\张震岳\中国新说唱2019 第1期\MyWay.flac
2020-05-17 18:59:40 [root] INFO: Lyrics:MyWay downloaded to C:\Users\Jven\Desktop\Music\张震岳\中国新说唱2019 第1期\MyWay.txt
2020-05-17 18:59:40 [scrapy.extensions.logstats] INFO: Crawled 545 pages (at 10 pages/min), scraped 266 items (at 5 items/min)
2020-05-17 18:59:41 [root] INFO: Song:爱我别走 crawled
2020-05-17 18:59:46 [root] INFO: Song:爱我别走 downloaded to C:\Users\Jven\Desktop\Music\张震岳\秘密基地\爱我别走.flac
2020-05-17 18:59:46 [root] INFO: Lyrics:爱我别走 downloaded to C:\Users\Jven\Desktop\Music\张震岳\秘密基地\爱我别走.txt
2020-05-17 18:59:59 [root] INFO: Song:爱的初体验 crawled
2020-05-17 19:00:07 [root] INFO: Song:爱的初体验 downloaded to C:\Users\Jven\Desktop\Music\张震岳\这个下午很无聊\爱的初体验.flac
2020-05-17 19:00:07 [root] INFO: Lyrics:爱的初体验 downloaded to C:\Users\Jven\Desktop\Music\张震岳\这个下午很无聊\爱的初体验.txt
2020-05-17 19:00:07 [root] INFO: Song:凡人歌 crawled
2020-05-17 19:00:20 [root] INFO: Song:凡人歌 downloaded to C:\Users\Jven\Desktop\Music\张震岳\中国有嘻哈 第9期\凡人歌.flac
2020-05-17 19:00:20 [root] INFO: Lyrics:凡人歌 downloaded to C:\Users\Jven\Desktop\Music\张震岳\中国有嘻哈 第9期\凡人歌.txt
2020-05-17 19:00:28 [scrapy.extensions.logstats] INFO: Crawled 552 pages (at 7 pages/min), scraped 269 items (at 3 items/min)
2020-05-17 19:00:33 [root] INFO: Song:差不多先生 crawled
2020-05-17 19:00:45 [root] INFO: Song:差不多先生 downloaded to C:\Users\Jven\Desktop\Music\张震岳\中国有嘻哈 第5期\差不多先生.flac
2020-05-17 19:00:45 [root] INFO: Lyrics:差不多先生 downloaded to C:\Users\Jven\Desktop\Music\张震岳\中国有嘻哈 第5期\差不多先生.txt
2020-05-17 19:00:46 [root] INFO: Song:思念是一种病 crawled
2020-05-17 19:00:51 [root] INFO: Song:思念是一种病 downloaded to C:\Users\Jven\Desktop\Music\张震岳\OK\思念是一种病.flac
2020-05-17 19:00:51 [root] INFO: Lyrics:思念是一种病 downloaded to C:\Users\Jven\Desktop\Music\张震岳\OK\思念是一种病.txt
2020-05-17 19:01:03 [root] INFO: Song:爱我别走 crawled
2020-05-17 19:01:09 [root] INFO: Song:爱我别走 downloaded to C:\Users\Jven\Desktop\Music\张震岳\情歌101\爱我别走.flac
2020-05-17 19:01:09 [root] INFO: Lyrics:爱我别走 downloaded to C:\Users\Jven\Desktop\Music\张震岳\情歌101\爱我别走.txt
2020-05-17 19:01:10 [root] INFO: Song:再见 crawled
2020-05-17 19:01:15 [root] INFO: Song:再见 downloaded to C:\Users\Jven\Desktop\Music\张震岳\再见\再见.flac
2020-05-17 19:01:15 [root] INFO: Lyrics:再见 downloaded to C:\Users\Jven\Desktop\Music\张震岳\再见\再见.txt
2020-05-17 19:01:15 [scrapy.core.engine] INFO: Closing spider (finished)
2020-05-17 19:01:15 [scrapy.statscollectors] INFO: Dumping Scrapy stats:
{'downloader/request_bytes': 499751,
 'downloader/request_count': 560,
 'downloader/request_method_count/GET': 286,
 'downloader/request_method_count/POST': 274,
 'downloader/response_bytes': 3150070,
 'downloader/response_count': 560,
 'downloader/response_status_count/200': 558,
 'downloader/response_status_count/302': 2,
 'elapsed_time_seconds': 3827.576032,
 'finish_reason': 'finished',
 'finish_time': datetime.datetime(2020, 5, 17, 11, 1, 15, 748730),
 'item_scraped_count': 273,
 'log_count/INFO': 891,
 'request_depth_max': 13,
 'response_received_count': 558,
 'scheduler/dequeued': 560,
 'scheduler/dequeued/memory': 560,
 'scheduler/enqueued': 560,
 'scheduler/enqueued/memory': 560,
 'start_time': datetime.datetime(2020, 5, 17, 9, 57, 28, 172698)}
2020-05-17 19:01:15 [scrapy.core.engine] INFO: Spider closed (finished)
